[2023-02-22 01:35:19,063][train.py][line:67][INFO] start logging...
[2023-02-22 01:36:19,637][train.py][line:165][INFO] 
[Epoch 1/200] [Train Loss: 0.37669908784058254] [Valid Loss: 0.5957471630290935] [Valid Lesion IOU: 0.15571534809857218]
[2023-02-22 01:37:19,943][train.py][line:165][INFO] 
[Epoch 2/200] [Train Loss: 0.12356171741763926] [Valid Loss: 0.5520112194905156] [Valid Lesion IOU: 0.15072525828074762]
[2023-02-22 01:38:20,408][train.py][line:165][INFO] 
[Epoch 3/200] [Train Loss: -0.007759704176957409] [Valid Loss: 0.5095248447522815] [Valid Lesion IOU: 0.14664627878837572]
[2023-02-22 01:39:20,982][train.py][line:165][INFO] 
[Epoch 4/200] [Train Loss: -0.19117512224086872] [Valid Loss: 0.6064468416336336] [Valid Lesion IOU: 0.1413256835994728]
[2023-02-22 01:40:21,341][train.py][line:165][INFO] 
[Epoch 5/200] [Train Loss: -0.03646556191961281] [Valid Loss: 0.6385949673621278] [Valid Lesion IOU: 0.13085702997083606]
[2023-02-22 01:41:21,613][train.py][line:165][INFO] 
[Epoch 6/200] [Train Loss: -0.1911136572404454] [Valid Loss: 0.5982485882153636] [Valid Lesion IOU: 0.1389922453285166]
[2023-02-22 01:42:22,103][train.py][line:165][INFO] 
[Epoch 7/200] [Train Loss: -0.28683513976769365] [Valid Loss: 0.5734964371903947] [Valid Lesion IOU: 0.13710227565336366]
[2023-02-22 01:43:22,534][train.py][line:165][INFO] 
[Epoch 8/200] [Train Loss: -0.26360091542786296] [Valid Loss: 0.5408068912986078] [Valid Lesion IOU: 0.15062589947112653]
[2023-02-22 01:44:22,843][train.py][line:165][INFO] 
[Epoch 9/200] [Train Loss: -0.24780476007921] [Valid Loss: 0.5625501582490917] [Valid Lesion IOU: 0.14477943822527406]
[2023-02-22 01:45:23,093][train.py][line:165][INFO] 
[Epoch 10/200] [Train Loss: -0.3217513773027652] [Valid Loss: 0.6795179427503363] [Valid Lesion IOU: 0.13417918958738648]
[2023-02-22 01:46:23,384][train.py][line:165][INFO] 
[Epoch 11/200] [Train Loss: -0.29804418051692966] [Valid Loss: 0.6376272584556749] [Valid Lesion IOU: 0.12267269737425768]
[2023-02-22 01:47:23,828][train.py][line:165][INFO] 
[Epoch 12/200] [Train Loss: -0.5890903350082226] [Valid Loss: 0.6205377698336777] [Valid Lesion IOU: 0.12089202881444124]
[2023-02-22 01:48:24,236][train.py][line:165][INFO] 
[Epoch 13/200] [Train Loss: -0.84134784534884] [Valid Loss: 0.46596882406524137] [Valid Lesion IOU: 0.16009343198032042]
[2023-02-22 01:49:24,511][train.py][line:165][INFO] 
[Epoch 14/200] [Train Loss: -0.717969667292588] [Valid Loss: 0.7321581860121927] [Valid Lesion IOU: 0.11270947908690072]
[2023-02-22 01:50:24,818][train.py][line:165][INFO] 
[Epoch 15/200] [Train Loss: -0.9318408713249179] [Valid Loss: 0.5252947468757875] [Valid Lesion IOU: 0.19321783769024511]
[2023-02-22 01:51:24,887][train.py][line:165][INFO] 
[Epoch 16/200] [Train Loss: -0.5524813874265723] [Valid Loss: 0.6438469396855094] [Valid Lesion IOU: 0.13456763017105616]
[2023-02-22 01:52:25,168][train.py][line:165][INFO] 
[Epoch 17/200] [Train Loss: -0.9189076028220976] [Valid Loss: 0.6113114151123323] [Valid Lesion IOU: 0.1293068815590445]
[2023-02-22 01:53:25,259][train.py][line:165][INFO] 
[Epoch 18/200] [Train Loss: -0.6282953674284121] [Valid Loss: 0.6056899863638376] [Valid Lesion IOU: 0.1322846422755148]
[2023-02-22 01:54:25,417][train.py][line:165][INFO] 
[Epoch 19/200] [Train Loss: -1.6113475108868442] [Valid Loss: 0.44981018208751555] [Valid Lesion IOU: 0.1643266376751959]
[2023-02-22 01:55:25,834][train.py][line:165][INFO] 
[Epoch 20/200] [Train Loss: -1.2579866919356089] [Valid Loss: 0.5915756041527187] [Valid Lesion IOU: 0.13329393889330748]
[2023-02-22 01:56:26,132][train.py][line:165][INFO] 
[Epoch 21/200] [Train Loss: -1.1568925800772074] [Valid Loss: 0.5961844988020235] [Valid Lesion IOU: 0.12930272153128963]
[2023-02-22 01:57:26,303][train.py][line:165][INFO] 
[Epoch 22/200] [Train Loss: -1.2927643647562945] [Valid Loss: 0.6136700984482703] [Valid Lesion IOU: 0.11746000591643685]
[2023-02-22 01:58:26,462][train.py][line:165][INFO] 
[Epoch 23/200] [Train Loss: -1.6271052344236523] [Valid Loss: 0.6154830500875649] [Valid Lesion IOU: 0.1260861527348641]
[2023-02-22 01:59:26,482][train.py][line:165][INFO] 
[Epoch 24/200] [Train Loss: -1.7673676539755736] [Valid Loss: 0.4786159690763605] [Valid Lesion IOU: 0.1561871819801345]
[2023-02-22 02:00:26,624][train.py][line:165][INFO] 
[Epoch 25/200] [Train Loss: -1.9603048960586118] [Valid Loss: 0.6153879184275866] [Valid Lesion IOU: 0.1376903333219456]
[2023-02-22 02:01:26,770][train.py][line:165][INFO] 
[Epoch 26/200] [Train Loss: -1.800978535714724] [Valid Loss: 0.5961936463258768] [Valid Lesion IOU: 0.13426695171732014]
[2023-02-22 02:02:27,066][train.py][line:165][INFO] 
[Epoch 27/200] [Train Loss: -3.4618324155041287] [Valid Loss: 0.5652537518425992] [Valid Lesion IOU: 0.11900724712756955]
[2023-02-22 02:03:27,081][train.py][line:165][INFO] 
[Epoch 28/200] [Train Loss: -2.2722126902857176] [Valid Loss: 0.5100425383762309] [Valid Lesion IOU: 0.17714350650735444]
[2023-02-22 02:04:27,162][train.py][line:165][INFO] 
[Epoch 29/200] [Train Loss: -2.4339794579621716] [Valid Loss: 0.6604093727165539] [Valid Lesion IOU: 0.11786878084468175]
[2023-02-22 02:05:27,283][train.py][line:165][INFO] 
[Epoch 30/200] [Train Loss: -2.81138607483202] [Valid Loss: 0.589283650839015] [Valid Lesion IOU: 0.14032379150963517]
[2023-02-22 02:06:27,625][train.py][line:165][INFO] 
[Epoch 31/200] [Train Loss: -2.7416503721663807] [Valid Loss: 0.5193352846422625] [Valid Lesion IOU: 0.16040369937855045]
[2023-02-22 02:07:27,848][train.py][line:165][INFO] 
[Epoch 32/200] [Train Loss: -2.6043466890696436] [Valid Loss: 0.5588267302434695] [Valid Lesion IOU: 0.1383815243427062]
[2023-02-22 02:08:27,868][train.py][line:165][INFO] 
[Epoch 33/200] [Train Loss: -2.6819559410214424] [Valid Loss: 0.12987606148970754] [Valid Lesion IOU: 0.14462741250037164]
[2023-02-22 02:09:28,141][train.py][line:165][INFO] 
[Epoch 34/200] [Train Loss: -2.0742299673729576] [Valid Loss: 0.5751755712063689] [Valid Lesion IOU: 0.1322708772415922]
[2023-02-22 02:10:28,335][train.py][line:165][INFO] 
[Epoch 35/200] [Train Loss: -2.7955451778834686] [Valid Loss: 0.6524489063181376] [Valid Lesion IOU: 0.12768267180350912]
[2023-02-22 02:11:28,387][train.py][line:165][INFO] 
[Epoch 36/200] [Train Loss: -1.8711819607324287] [Valid Loss: 0.5596665502770951] [Valid Lesion IOU: 0.15553050794663117]
[2023-02-22 02:12:28,485][train.py][line:165][INFO] 
[Epoch 37/200] [Train Loss: -3.380209882268294] [Valid Loss: 0.5373957895759591] [Valid Lesion IOU: 0.16335849160201096]
[2023-02-22 02:13:28,610][train.py][line:165][INFO] 
[Epoch 38/200] [Train Loss: -2.6592994400222474] [Valid Loss: 0.5328509007629595] [Valid Lesion IOU: 0.13991649427485145]
[2023-02-22 02:14:28,609][train.py][line:165][INFO] 
[Epoch 39/200] [Train Loss: -1.8698505014375162] [Valid Loss: 0.572359627798984] [Valid Lesion IOU: 0.14452541954190204]
[2023-02-22 02:15:28,754][train.py][line:165][INFO] 
[Epoch 40/200] [Train Loss: -2.9344872690198827] [Valid Loss: 0.6441146152976313] [Valid Lesion IOU: 0.15102028295179845]
[2023-02-22 02:16:28,827][train.py][line:165][INFO] 
[Epoch 41/200] [Train Loss: -1.8795137688478765] [Valid Loss: 0.5543668599505174] [Valid Lesion IOU: 0.13745417545271288]
[2023-02-22 02:17:29,044][train.py][line:165][INFO] 
[Epoch 42/200] [Train Loss: -2.6773909623734653] [Valid Loss: 0.5125441019374289] [Valid Lesion IOU: 0.12616545025231224]
[2023-02-22 02:18:29,215][train.py][line:165][INFO] 
[Epoch 43/200] [Train Loss: -1.6235117285395972] [Valid Loss: 0.6020048368526133] [Valid Lesion IOU: 0.16799889816015884]
[2023-02-22 02:19:29,314][train.py][line:165][INFO] 
[Epoch 44/200] [Train Loss: -1.6802258176806693] [Valid Loss: 0.5795270233954254] [Valid Lesion IOU: 0.15635343853359163]
[2023-02-22 02:20:29,519][train.py][line:165][INFO] 
[Epoch 45/200] [Train Loss: -2.775848446045226] [Valid Loss: 0.31092817564249825] [Valid Lesion IOU: 0.159447439098951]
[2023-02-22 02:21:29,697][train.py][line:165][INFO] 
[Epoch 46/200] [Train Loss: -3.763511262659449] [Valid Loss: 0.5184445115492532] [Valid Lesion IOU: 0.16928169652590572]
[2023-02-22 02:22:29,792][train.py][line:165][INFO] 
[Epoch 47/200] [Train Loss: -3.3894790813792497] [Valid Loss: 0.28615334669226095] [Valid Lesion IOU: 0.12579491866844092]
[2023-02-22 02:23:29,883][train.py][line:165][INFO] 
[Epoch 48/200] [Train Loss: -3.261009561921431] [Valid Loss: 0.5989588020663512] [Valid Lesion IOU: 0.15731866134402983]
[2023-02-22 02:24:29,982][train.py][line:165][INFO] 
[Epoch 49/200] [Train Loss: -3.7448957948945463] [Valid Loss: 0.5858825258910656] [Valid Lesion IOU: 0.14274300023681546]
[2023-02-22 02:25:30,244][train.py][line:165][INFO] 
[Epoch 50/200] [Train Loss: -2.442058344837278] [Valid Loss: 0.5107271741879614] [Valid Lesion IOU: 0.15353133352744103]
[2023-02-22 02:26:30,263][train.py][line:165][INFO] 
[Epoch 51/200] [Train Loss: -2.928095948882401] [Valid Loss: -0.05545693322231895] [Valid Lesion IOU: 0.15745754844826415]
[2023-02-22 02:27:30,543][train.py][line:165][INFO] 
[Epoch 52/200] [Train Loss: -2.464565771825922] [Valid Loss: 0.2530135541762176] [Valid Lesion IOU: 0.15404823705334247]
[2023-02-22 02:28:30,641][train.py][line:165][INFO] 
[Epoch 53/200] [Train Loss: -3.3421864743868355] [Valid Loss: 0.6053161525020474] [Valid Lesion IOU: 0.11494853773203506]
[2023-02-22 02:29:30,737][train.py][line:165][INFO] 
[Epoch 54/200] [Train Loss: -1.9926624486785538] [Valid Loss: 0.6202976597767127] [Valid Lesion IOU: 0.1306124074893408]
[2023-02-22 02:30:30,857][train.py][line:165][INFO] 
[Epoch 55/200] [Train Loss: -3.09404538096472] [Valid Loss: 0.3925876668409297] [Valid Lesion IOU: 0.1411663979033404]
[2023-02-22 02:31:31,102][train.py][line:165][INFO] 
[Epoch 56/200] [Train Loss: -2.2014209669238576] [Valid Loss: 0.3231252063261835] [Valid Lesion IOU: 0.1560131514756167]
[2023-02-22 02:32:31,145][train.py][line:165][INFO] 
[Epoch 57/200] [Train Loss: -2.94732379289538] [Valid Loss: 0.4444729836755677] [Valid Lesion IOU: 0.1277881180670718]
[2023-02-22 02:33:31,314][train.py][line:165][INFO] 
[Epoch 58/200] [Train Loss: -2.8185680084473765] [Valid Loss: 0.46003593700496775] [Valid Lesion IOU: 0.10405657317104074]
[2023-02-22 02:34:31,568][train.py][line:165][INFO] 
[Epoch 59/200] [Train Loss: -3.0004357888246886] [Valid Loss: 0.09472560843354777] [Valid Lesion IOU: 0.16232839484501924]
[2023-02-22 02:35:31,754][train.py][line:165][INFO] 
[Epoch 60/200] [Train Loss: -3.7437383366826302] [Valid Loss: 0.4050992197896305] [Valid Lesion IOU: 0.1485092484378448]
[2023-02-22 02:36:31,909][train.py][line:165][INFO] 
[Epoch 61/200] [Train Loss: -3.1465264416498635] [Valid Loss: 0.5865083455941394] [Valid Lesion IOU: 0.12827360454938802]
[2023-02-22 02:37:32,140][train.py][line:165][INFO] 
[Epoch 62/200] [Train Loss: -3.5422522765778317] [Valid Loss: 0.3892148801762807] [Valid Lesion IOU: 0.15595320852722228]
[2023-02-22 02:38:32,457][train.py][line:165][INFO] 
[Epoch 63/200] [Train Loss: -4.147135139908642] [Valid Loss: 0.6050375358838784] [Valid Lesion IOU: 0.1438841809779615]
[2023-02-22 02:39:32,611][train.py][line:165][INFO] 
[Epoch 64/200] [Train Loss: -4.724232814516957] [Valid Loss: 0.5661230065712803] [Valid Lesion IOU: 0.1534810919567177]
[2023-02-22 02:40:32,777][train.py][line:165][INFO] 
[Epoch 65/200] [Train Loss: -4.2975926348008215] [Valid Loss: 0.4940222358625186] [Valid Lesion IOU: 0.14802125630172883]
[2023-02-22 02:41:32,789][train.py][line:165][INFO] 
[Epoch 66/200] [Train Loss: -4.557434008068715] [Valid Loss: 0.3705205494832051] [Valid Lesion IOU: 0.13180241635549308]
[2023-02-22 02:42:33,211][train.py][line:165][INFO] 
[Epoch 67/200] [Train Loss: -4.681601849093568] [Valid Loss: 0.44495639723946195] [Valid Lesion IOU: 0.17146534167372054]
[2023-02-22 02:43:33,201][train.py][line:165][INFO] 
[Epoch 68/200] [Train Loss: -3.832592956527757] [Valid Loss: 0.18123835521308998] [Valid Lesion IOU: 0.1486683895768117]
[2023-02-22 02:44:33,412][train.py][line:165][INFO] 
[Epoch 69/200] [Train Loss: -3.826962753684105] [Valid Loss: 0.2254114292169872] [Valid Lesion IOU: 0.1394335776938511]
[2023-02-22 02:45:33,572][train.py][line:165][INFO] 
[Epoch 70/200] [Train Loss: -4.622022647958754] [Valid Loss: 0.4045776075830585] [Valid Lesion IOU: 0.1431695396076893]
[2023-02-22 02:46:33,636][train.py][line:165][INFO] 
[Epoch 71/200] [Train Loss: -3.5769742724951357] [Valid Loss: 0.549754757948808] [Valid Lesion IOU: 0.13687005294571708]
[2023-02-22 02:47:33,812][train.py][line:165][INFO] 
[Epoch 72/200] [Train Loss: -3.0182011731279395] [Valid Loss: 0.19496547509180873] [Valid Lesion IOU: 0.1490327373360623]
[2023-02-22 02:48:33,909][train.py][line:165][INFO] 
[Epoch 73/200] [Train Loss: -3.958594468606558] [Valid Loss: 0.05533683888222042] [Valid Lesion IOU: 0.15664553994189576]
[2023-02-22 02:49:34,094][train.py][line:165][INFO] 
[Epoch 74/200] [Train Loss: -2.8412294363758215] [Valid Loss: 0.6522851212832489] [Valid Lesion IOU: 0.11130470678016588]
[2023-02-22 02:50:34,187][train.py][line:165][INFO] 
[Epoch 75/200] [Train Loss: -3.862748235827894] [Valid Loss: 0.5314991942753917] [Valid Lesion IOU: 0.1542318404404714]
[2023-02-22 02:51:34,166][train.py][line:165][INFO] 
[Epoch 76/200] [Train Loss: -2.9944886563074156] [Valid Loss: 0.49649736638131897] [Valid Lesion IOU: 0.1454153121202126]
[2023-02-22 02:52:34,210][train.py][line:165][INFO] 
[Epoch 77/200] [Train Loss: -2.9250565815794594] [Valid Loss: 0.5637874126826462] [Valid Lesion IOU: 0.13071854441368225]
[2023-02-22 02:53:34,441][train.py][line:165][INFO] 
[Epoch 78/200] [Train Loss: -4.8104081153481575] [Valid Loss: 0.18670796995100222] [Valid Lesion IOU: 0.12771492406522197]
[2023-02-22 02:54:34,520][train.py][line:165][INFO] 
[Epoch 79/200] [Train Loss: -4.112557779221485] [Valid Loss: 0.3378909214546806] [Valid Lesion IOU: 0.1297596981708838]
[2023-02-22 02:55:34,710][train.py][line:165][INFO] 
[Epoch 80/200] [Train Loss: -3.6369017703691497] [Valid Loss: 0.5356285877917942] [Valid Lesion IOU: 0.14124820107459077]
[2023-02-22 02:56:34,886][train.py][line:165][INFO] 
[Epoch 81/200] [Train Loss: -3.2727027535729576] [Valid Loss: 0.4833852687948628] [Valid Lesion IOU: 0.1123569849976759]
[2023-02-22 02:57:34,930][train.py][line:165][INFO] 
[Epoch 82/200] [Train Loss: -4.155398573241352] [Valid Loss: 0.5309432429310522] [Valid Lesion IOU: 0.1451948948965454]
[2023-02-22 02:58:35,135][train.py][line:165][INFO] 
[Epoch 83/200] [Train Loss: -3.2149333108827705] [Valid Loss: 0.5901143472445639] [Valid Lesion IOU: 0.1455999595295415]
[2023-02-22 02:59:35,238][train.py][line:165][INFO] 
[Epoch 84/200] [Train Loss: -2.278799413140708] [Valid Loss: 0.6161126051294176] [Valid Lesion IOU: 0.1532032374388328]
[2023-02-22 03:00:35,347][train.py][line:165][INFO] 
[Epoch 85/200] [Train Loss: -3.0967260462930426] [Valid Loss: 0.25275742713558047] [Valid Lesion IOU: 0.16416873330102302]
[2023-02-22 03:01:35,520][train.py][line:165][INFO] 
[Epoch 86/200] [Train Loss: -2.681376261607511] [Valid Loss: 0.4686020542132227] [Valid Lesion IOU: 0.12045715332616264]
[2023-02-22 03:02:35,610][train.py][line:165][INFO] 
[Epoch 87/200] [Train Loss: -2.9904384055795767] [Valid Loss: 0.4707169364157476] [Valid Lesion IOU: 0.1521557938481731]
[2023-02-22 03:03:35,642][train.py][line:165][INFO] 
[Epoch 88/200] [Train Loss: -3.031232632114552] [Valid Loss: 0.5368276630577288] [Valid Lesion IOU: 0.13862706235154518]
[2023-02-22 03:04:35,966][train.py][line:165][INFO] 
[Epoch 89/200] [Train Loss: -3.6156553803084535] [Valid Loss: 0.39774142872346074] [Valid Lesion IOU: 0.1614624184110229]
[2023-02-22 03:05:36,089][train.py][line:165][INFO] 
[Epoch 90/200] [Train Loss: -3.81153226205303] [Valid Loss: 0.5352964013030654] [Valid Lesion IOU: 0.141893117809805]
[2023-02-22 03:06:36,151][train.py][line:165][INFO] 
[Epoch 91/200] [Train Loss: -3.570877208330785] [Valid Loss: 0.4782684680662657] [Valid Lesion IOU: 0.13625348543441326]
[2023-02-22 03:07:36,392][train.py][line:165][INFO] 
[Epoch 92/200] [Train Loss: -3.5086846008392363] [Valid Loss: 0.21958327058114505] [Valid Lesion IOU: 0.12162510922664893]
[2023-02-22 03:08:36,387][train.py][line:165][INFO] 
[Epoch 93/200] [Train Loss: -3.6029511786764488] [Valid Loss: 0.5537485950381348] [Valid Lesion IOU: 0.145025185038595]
[2023-02-22 03:09:36,647][train.py][line:165][INFO] 
[Epoch 94/200] [Train Loss: -4.522042511421508] [Valid Loss: 0.54726551306483] [Valid Lesion IOU: 0.1457052291122041]
[2023-02-22 03:10:36,811][train.py][line:165][INFO] 
[Epoch 95/200] [Train Loss: -4.308530761273384] [Valid Loss: 0.46110352697341067] [Valid Lesion IOU: 0.13900790566465965]
[2023-02-22 03:11:36,875][train.py][line:165][INFO] 
[Epoch 96/200] [Train Loss: -2.94250401603252] [Valid Loss: 0.3460881965921113] [Valid Lesion IOU: 0.11756603040780038]
[2023-02-22 03:12:36,935][train.py][line:165][INFO] 
[Epoch 97/200] [Train Loss: -3.6608814822975546] [Valid Loss: 0.06292791377238341] [Valid Lesion IOU: 0.13997842889635134]
[2023-02-22 03:13:37,236][train.py][line:165][INFO] 
[Epoch 98/200] [Train Loss: -4.093161070564141] [Valid Loss: 0.6231991358493504] [Valid Lesion IOU: 0.11764386629390185]
[2023-02-22 03:14:37,620][train.py][line:165][INFO] 
[Epoch 99/200] [Train Loss: -3.9631591813861937] [Valid Loss: 0.5406582077082834] [Valid Lesion IOU: 0.1257165366781082]
[2023-02-22 03:15:38,193][train.py][line:165][INFO] 
[Epoch 100/200] [Train Loss: -2.991192441045617] [Valid Loss: 0.44958848909300286] [Valid Lesion IOU: 0.13150601036248508]
[2023-02-22 03:16:38,649][train.py][line:165][INFO] 
[Epoch 101/200] [Train Loss: -2.990038616456635] [Valid Loss: 0.5179099150394139] [Valid Lesion IOU: 0.1328379580906841]
[2023-02-22 03:17:39,140][train.py][line:165][INFO] 
[Epoch 102/200] [Train Loss: -3.1338763140180768] [Valid Loss: 0.5641202612927085] [Valid Lesion IOU: 0.10668024967184708]
[2023-02-22 03:18:39,541][train.py][line:165][INFO] 
[Epoch 103/200] [Train Loss: -3.658508997701574] [Valid Loss: 0.3676258719673282] [Valid Lesion IOU: 0.1408602744711862]
[2023-02-22 03:19:40,239][train.py][line:165][INFO] 
[Epoch 104/200] [Train Loss: -3.572743737294028] [Valid Loss: 0.4244570877206953] [Valid Lesion IOU: 0.14543738114756172]
[2023-02-22 03:20:40,635][train.py][line:165][INFO] 
[Epoch 105/200] [Train Loss: -3.6247236385631063] [Valid Loss: 0.5185194878201735] [Valid Lesion IOU: 0.15676515278626177]
[2023-02-22 03:21:41,086][train.py][line:165][INFO] 
[Epoch 106/200] [Train Loss: -3.2737904660558947] [Valid Loss: 0.5791933873766347] [Valid Lesion IOU: 0.15160848517711578]
[2023-02-22 03:22:41,625][train.py][line:165][INFO] 
[Epoch 107/200] [Train Loss: -3.630631731279815] [Valid Loss: 0.5766194764230597] [Valid Lesion IOU: 0.12871628611291322]
[2023-02-22 03:23:42,064][train.py][line:165][INFO] 
[Epoch 108/200] [Train Loss: -3.248940403032975] [Valid Loss: 0.27765409648418427] [Valid Lesion IOU: 0.14297909385830543]
[2023-02-22 03:24:42,532][train.py][line:165][INFO] 
[Epoch 109/200] [Train Loss: -2.896997942162367] [Valid Loss: 0.5359657218581751] [Valid Lesion IOU: 0.12498803390282083]
[2023-02-22 03:25:43,054][train.py][line:165][INFO] 
[Epoch 110/200] [Train Loss: -3.3996313655128083] [Valid Loss: 0.5590441054419467] [Valid Lesion IOU: 0.14576354981038317]
[2023-02-22 03:26:43,651][train.py][line:165][INFO] 
[Epoch 111/200] [Train Loss: -3.27522313738397] [Valid Loss: 0.2440572190833719] [Valid Lesion IOU: 0.16431206954711208]
[2023-02-22 03:27:44,077][train.py][line:165][INFO] 
[Epoch 112/200] [Train Loss: -3.4273485826464216] [Valid Loss: 0.5755271115585378] [Valid Lesion IOU: 0.10863139906019868]
[2023-02-22 03:28:44,606][train.py][line:165][INFO] 
[Epoch 113/200] [Train Loss: -3.1932512635054686] [Valid Loss: 0.48624225274512645] [Valid Lesion IOU: 0.13664272911245368]
[2023-02-22 03:29:45,162][train.py][line:165][INFO] 
[Epoch 114/200] [Train Loss: -4.541189898581554] [Valid Loss: 0.4677748590903847] [Valid Lesion IOU: 0.13428641871978714]
[2023-02-22 03:30:45,620][train.py][line:165][INFO] 
[Epoch 115/200] [Train Loss: -3.496584042557515] [Valid Loss: 0.5400177618782771] [Valid Lesion IOU: 0.14031654760030135]
[2023-02-22 03:31:46,006][train.py][line:165][INFO] 
[Epoch 116/200] [Train Loss: -3.662819120887434] [Valid Loss: 0.3814629033992165] [Valid Lesion IOU: 0.15430029618677024]
[2023-02-22 03:32:46,519][train.py][line:165][INFO] 
[Epoch 117/200] [Train Loss: -3.689194905144783] [Valid Loss: 0.5712763492606188] [Valid Lesion IOU: 0.12628702264664518]
[2023-02-22 03:33:47,051][train.py][line:165][INFO] 
[Epoch 118/200] [Train Loss: -4.0910926357998205] [Valid Loss: 0.14187020926099075] [Valid Lesion IOU: 0.14320714047651725]
[2023-02-22 03:34:47,517][train.py][line:165][INFO] 
[Epoch 119/200] [Train Loss: -4.216536315483002] [Valid Loss: 0.5882494712714106] [Valid Lesion IOU: 0.12661222759606935]
[2023-02-22 03:35:48,137][train.py][line:165][INFO] 
[Epoch 120/200] [Train Loss: -4.282880179021352] [Valid Loss: 0.4838600991734941] [Valid Lesion IOU: 0.13958329050719379]
[2023-02-22 03:36:48,668][train.py][line:165][INFO] 
[Epoch 121/200] [Train Loss: -4.151686028926633] [Valid Loss: 0.513871932892423] [Valid Lesion IOU: 0.1388479614315192]
[2023-02-22 03:37:49,053][train.py][line:165][INFO] 
[Epoch 122/200] [Train Loss: -4.105204879121932] [Valid Loss: 0.21249861387830032] [Valid Lesion IOU: 0.15821549265550403]
[2023-02-22 03:38:49,563][train.py][line:165][INFO] 
[Epoch 123/200] [Train Loss: -4.081373774213716] [Valid Loss: 0.05254317873990849] [Valid Lesion IOU: 0.14549104389940146]
[2023-02-22 03:39:50,127][train.py][line:165][INFO] 
[Epoch 124/200] [Train Loss: -5.750289215783899] [Valid Loss: 0.683613857156352] [Valid Lesion IOU: 0.10997855739181049]
[2023-02-22 03:40:50,699][train.py][line:165][INFO] 
[Epoch 125/200] [Train Loss: -5.15407498801748] [Valid Loss: 0.588563592418244] [Valid Lesion IOU: 0.13823820415851862]
[2023-02-22 03:41:51,113][train.py][line:165][INFO] 
[Epoch 126/200] [Train Loss: -4.342498631148676] [Valid Loss: 0.43611550801678706] [Valid Lesion IOU: 0.10324332789966414]
[2023-02-22 03:42:51,442][train.py][line:165][INFO] 
[Epoch 127/200] [Train Loss: -3.965458108636085] [Valid Loss: 0.04436019464935127] [Valid Lesion IOU: 0.1401249293332571]
[2023-02-22 03:43:51,872][train.py][line:165][INFO] 
[Epoch 128/200] [Train Loss: -3.8081192093632126] [Valid Loss: -0.21870946766514526] [Valid Lesion IOU: 0.1632554224971539]
[2023-02-22 03:44:52,325][train.py][line:165][INFO] 
[Epoch 129/200] [Train Loss: -4.232114002486924] [Valid Loss: 0.5763675437161797] [Valid Lesion IOU: 0.11473974931201172]
[2023-02-22 03:45:52,904][train.py][line:165][INFO] 
[Epoch 130/200] [Train Loss: -3.674769010816817] [Valid Loss: 0.49239654956679596] [Valid Lesion IOU: 0.13737246865295086]
[2023-02-22 03:46:53,437][train.py][line:165][INFO] 
[Epoch 131/200] [Train Loss: -3.3867564582033083] [Valid Loss: 0.15547347853058263] [Valid Lesion IOU: 0.13925158049504466]
[2023-02-22 03:47:53,788][train.py][line:165][INFO] 
[Epoch 132/200] [Train Loss: -3.4070334310332933] [Valid Loss: 0.4838859142833634] [Valid Lesion IOU: 0.14603192781698432]
[2023-02-22 03:48:54,054][train.py][line:165][INFO] 
[Epoch 133/200] [Train Loss: -3.6754360511743775] [Valid Loss: 0.5563984993649157] [Valid Lesion IOU: 0.12880395187154756]
[2023-02-22 03:49:54,489][train.py][line:165][INFO] 
[Epoch 134/200] [Train Loss: -3.4283312236269317] [Valid Loss: 0.48910236976256494] [Valid Lesion IOU: 0.12092988667319925]
[2023-02-22 03:50:54,806][train.py][line:165][INFO] 
[Epoch 135/200] [Train Loss: -2.382830954020998] [Valid Loss: 0.2517892275201647] [Valid Lesion IOU: 0.09876545153764375]
[2023-02-22 03:51:55,219][train.py][line:165][INFO] 
[Epoch 136/200] [Train Loss: -3.4023410288306573] [Valid Loss: 0.1885487183340286] [Valid Lesion IOU: 0.1700747359479924]
[2023-02-22 03:52:55,820][train.py][line:165][INFO] 
[Epoch 137/200] [Train Loss: -3.7795100048339614] [Valid Loss: 0.38318369091537435] [Valid Lesion IOU: 0.13759168123518636]
[2023-02-22 03:53:56,426][train.py][line:165][INFO] 
[Epoch 138/200] [Train Loss: -3.915321839003203] [Valid Loss: 0.610090651353331] [Valid Lesion IOU: 0.1467572985252188]
[2023-02-22 03:54:57,040][train.py][line:165][INFO] 
[Epoch 139/200] [Train Loss: -2.6324070841656066] [Valid Loss: 0.435882767564372] [Valid Lesion IOU: 0.1377540989983433]
[2023-02-22 03:55:57,820][train.py][line:165][INFO] 
[Epoch 140/200] [Train Loss: -4.04888744667187] [Valid Loss: 0.5333828904518956] [Valid Lesion IOU: 0.1345733000160436]
[2023-02-22 03:56:58,460][train.py][line:165][INFO] 
[Epoch 141/200] [Train Loss: -3.6292329542726898] [Valid Loss: -0.13143349223231016] [Valid Lesion IOU: 0.14286966424790476]
[2023-02-22 03:57:59,161][train.py][line:165][INFO] 
[Epoch 142/200] [Train Loss: -4.078648868948221] [Valid Loss: 0.3625712014342609] [Valid Lesion IOU: 0.13190222489784448]
[2023-02-22 03:58:59,689][train.py][line:165][INFO] 
[Epoch 143/200] [Train Loss: -5.5080732387141325] [Valid Loss: 0.48510750971342387] [Valid Lesion IOU: 0.11930800589073053]
[2023-02-22 04:00:00,487][train.py][line:165][INFO] 
[Epoch 144/200] [Train Loss: -4.910628872147451] [Valid Loss: 0.06021605588887867] [Valid Lesion IOU: 0.1427089169208048]
[2023-02-22 04:01:01,041][train.py][line:165][INFO] 
[Epoch 145/200] [Train Loss: -4.008068269099264] [Valid Loss: 0.5251918556658846] [Valid Lesion IOU: 0.15874002557594316]
[2023-02-22 04:02:01,514][train.py][line:165][INFO] 
[Epoch 146/200] [Train Loss: -4.543847511158674] [Valid Loss: 0.606752721396716] [Valid Lesion IOU: 0.13343844765688107]
[2023-02-22 04:03:02,025][train.py][line:165][INFO] 
[Epoch 147/200] [Train Loss: -4.8509757369368645] [Valid Loss: 0.5612396915492258] [Valid Lesion IOU: 0.1434249877986787]
[2023-02-22 04:04:02,671][train.py][line:165][INFO] 
[Epoch 148/200] [Train Loss: -4.342854910394332] [Valid Loss: 0.33525544483410685] [Valid Lesion IOU: 0.12325971102023467]
[2023-02-22 04:05:03,222][train.py][line:165][INFO] 
[Epoch 149/200] [Train Loss: -4.2613155915169045] [Valid Loss: 0.1919092363432834] [Valid Lesion IOU: 0.15533220793614788]
[2023-02-22 04:06:03,845][train.py][line:165][INFO] 
[Epoch 150/200] [Train Loss: -4.645953602700804] [Valid Loss: 0.07787285679277327] [Valid Lesion IOU: 0.12302814684999565]
[2023-02-22 04:07:04,451][train.py][line:165][INFO] 
[Epoch 151/200] [Train Loss: -4.22484959460174] [Valid Loss: 0.6078858825525171] [Valid Lesion IOU: 0.13303914923975843]
[2023-02-22 04:08:05,089][train.py][line:165][INFO] 
[Epoch 152/200] [Train Loss: -4.897512236988405] [Valid Loss: 0.5089270417627535] [Valid Lesion IOU: 0.1814301179639484]
[2023-02-22 04:09:05,582][train.py][line:165][INFO] 
[Epoch 153/200] [Train Loss: -5.5115380823068945] [Valid Loss: 0.45631825453356695] [Valid Lesion IOU: 0.13143520958123545]
[2023-02-22 04:10:06,212][train.py][line:165][INFO] 
[Epoch 154/200] [Train Loss: -4.054138782686398] [Valid Loss: 0.6156753748655319] [Valid Lesion IOU: 0.13715876529666104]
[2023-02-22 04:11:06,690][train.py][line:165][INFO] 
[Epoch 155/200] [Train Loss: -4.865203170784905] [Valid Loss: 0.010795625416856063] [Valid Lesion IOU: 0.1670551661496858]
[2023-02-22 04:12:07,261][train.py][line:165][INFO] 
[Epoch 156/200] [Train Loss: -4.196819523174781] [Valid Loss: 0.13146120623538368] [Valid Lesion IOU: 0.12025568912488921]
[2023-02-22 04:13:07,878][train.py][line:165][INFO] 
[Epoch 157/200] [Train Loss: -4.7759206277163075] [Valid Loss: 0.4086054447352102] [Valid Lesion IOU: 0.1414776290145683]
[2023-02-22 04:14:08,577][train.py][line:165][INFO] 
[Epoch 158/200] [Train Loss: -4.476207942066442] [Valid Loss: 0.29547361794270965] [Valid Lesion IOU: 0.12339694375069239]
[2023-02-22 04:15:09,147][train.py][line:165][INFO] 
[Epoch 159/200] [Train Loss: -4.624878974015398] [Valid Loss: 0.538284075103308] [Valid Lesion IOU: 0.14202029580136]
[2023-02-22 04:16:09,483][train.py][line:165][INFO] 
[Epoch 160/200] [Train Loss: -3.4764996769178347] [Valid Loss: 0.016306611268143905] [Valid Lesion IOU: 0.15673861855496488]
[2023-02-22 04:17:10,079][train.py][line:165][INFO] 
[Epoch 161/200] [Train Loss: -4.124997948276966] [Valid Loss: 0.5421022890429747] [Valid Lesion IOU: 0.141706510850704]
[2023-02-22 04:18:11,033][train.py][line:165][INFO] 
[Epoch 162/200] [Train Loss: -4.631768613966415] [Valid Loss: 0.4922244223324876] [Valid Lesion IOU: 0.12042901290654877]
[2023-02-22 04:19:11,523][train.py][line:165][INFO] 
[Epoch 163/200] [Train Loss: -3.6990776458211863] [Valid Loss: 0.509319407963439] [Valid Lesion IOU: 0.1573194162523303]
[2023-02-22 04:20:12,094][train.py][line:165][INFO] 
[Epoch 164/200] [Train Loss: -5.076056224294007] [Valid Loss: 0.07509134003990575] [Valid Lesion IOU: 0.14065407201414992]
[2023-02-22 04:21:12,646][train.py][line:165][INFO] 
[Epoch 165/200] [Train Loss: -3.492311321038869] [Valid Loss: 0.35416113506806524] [Valid Lesion IOU: 0.15269171464381126]
[2023-02-22 04:22:13,294][train.py][line:165][INFO] 
[Epoch 166/200] [Train Loss: -4.76745687945125] [Valid Loss: 0.4243804548719996] [Valid Lesion IOU: 0.15779851010533444]
[2023-02-22 04:23:13,900][train.py][line:165][INFO] 
[Epoch 167/200] [Train Loss: -3.7219123434721646] [Valid Loss: 0.43160296604037285] [Valid Lesion IOU: 0.1554511461816234]
[2023-02-22 04:24:14,467][train.py][line:165][INFO] 
[Epoch 168/200] [Train Loss: -2.9498101319671455] [Valid Loss: 0.27075622073913874] [Valid Lesion IOU: 0.12212154991332358]
[2023-02-22 04:25:15,235][train.py][line:165][INFO] 
[Epoch 169/200] [Train Loss: -3.7242085481896843] [Valid Loss: 0.5322915680314365] [Valid Lesion IOU: 0.13110133121446838]
[2023-02-22 04:26:15,943][train.py][line:165][INFO] 
[Epoch 170/200] [Train Loss: -3.4582289215177298] [Valid Loss: 0.4200417893497567] [Valid Lesion IOU: 0.1353736636570749]
[2023-02-22 04:27:16,644][train.py][line:165][INFO] 
[Epoch 171/200] [Train Loss: -2.9224400889749327] [Valid Loss: 0.5592552844042841] [Valid Lesion IOU: 0.14173198499749662]
[2023-02-22 04:28:17,417][train.py][line:165][INFO] 
[Epoch 172/200] [Train Loss: -3.3160565478113617] [Valid Loss: 0.4683479533383721] [Valid Lesion IOU: 0.1289997141042766]
[2023-02-22 04:29:18,259][train.py][line:165][INFO] 
[Epoch 173/200] [Train Loss: -3.841015114536276] [Valid Loss: 0.5440726933118544] [Valid Lesion IOU: 0.14458745053510252]
[2023-02-22 04:30:18,835][train.py][line:165][INFO] 
[Epoch 174/200] [Train Loss: -3.829459637432592] [Valid Loss: 0.5355915662489439] [Valid Lesion IOU: 0.12869147050333277]
[2023-02-22 04:31:19,534][train.py][line:165][INFO] 
[Epoch 175/200] [Train Loss: -4.2880097654415295] [Valid Loss: 0.4872815117337986] [Valid Lesion IOU: 0.1565390978415789]
[2023-02-22 04:32:20,001][train.py][line:165][INFO] 
[Epoch 176/200] [Train Loss: -5.51043625191475] [Valid Loss: 0.5530855083151868] [Valid Lesion IOU: 0.11965158563496694]
[2023-02-22 04:33:20,616][train.py][line:165][INFO] 
[Epoch 177/200] [Train Loss: -4.692898578970926] [Valid Loss: 0.36564964448150833] [Valid Lesion IOU: 0.15646558260225865]
[2023-02-22 04:34:21,209][train.py][line:165][INFO] 
[Epoch 178/200] [Train Loss: -5.215011298559451] [Valid Loss: 0.5791400765117846] [Valid Lesion IOU: 0.13683836285011694]
[2023-02-22 04:35:21,943][train.py][line:165][INFO] 
[Epoch 179/200] [Train Loss: -4.8356162019772455] [Valid Loss: 0.6236167513814411] [Valid Lesion IOU: 0.13205731844225135]
[2023-02-22 04:36:22,530][train.py][line:165][INFO] 
[Epoch 180/200] [Train Loss: -3.9982304771547206] [Valid Loss: -0.037743621358745975] [Valid Lesion IOU: 0.12473478619003457]
[2023-02-22 04:37:23,324][train.py][line:165][INFO] 
[Epoch 181/200] [Train Loss: -4.574183365640541] [Valid Loss: 0.45372650184129415] [Valid Lesion IOU: 0.14308140805464303]
[2023-02-22 04:38:24,113][train.py][line:165][INFO] 
[Epoch 182/200] [Train Loss: -4.623483214265434] [Valid Loss: 0.3772989480119002] [Valid Lesion IOU: 0.11240179765186974]
[2023-02-22 04:39:24,751][train.py][line:165][INFO] 
[Epoch 183/200] [Train Loss: -3.969075370541153] [Valid Loss: -0.16257750301768906] [Valid Lesion IOU: 0.14005880256001452]
[2023-02-22 04:40:25,604][train.py][line:165][INFO] 
[Epoch 184/200] [Train Loss: -4.115423647483112] [Valid Loss: 0.35984703192585393] [Valid Lesion IOU: 0.13088659989785065]
[2023-02-22 04:41:26,072][train.py][line:165][INFO] 
[Epoch 185/200] [Train Loss: -4.132360460086299] [Valid Loss: 0.5714535368116278] [Valid Lesion IOU: 0.1646373708678375]
[2023-02-22 04:42:26,690][train.py][line:165][INFO] 
[Epoch 186/200] [Train Loss: -5.140902381370931] [Valid Loss: 0.4692811981627816] [Valid Lesion IOU: 0.13016852128457382]
[2023-02-22 04:43:27,469][train.py][line:165][INFO] 
[Epoch 187/200] [Train Loss: -5.966242284538263] [Valid Loss: 0.614787969934313] [Valid Lesion IOU: 0.14583875154763606]
[2023-02-22 04:44:28,339][train.py][line:165][INFO] 
[Epoch 188/200] [Train Loss: -5.956734055206955] [Valid Loss: 0.5237389399032844] [Valid Lesion IOU: 0.13935773348108182]
[2023-02-22 04:45:29,091][train.py][line:165][INFO] 
[Epoch 189/200] [Train Loss: -4.4569440058548935] [Valid Loss: 0.5948796433053518] [Valid Lesion IOU: 0.13973056191465522]
[2023-02-22 04:46:29,940][train.py][line:165][INFO] 
[Epoch 190/200] [Train Loss: -5.136905934137758] [Valid Loss: 0.534037612770733] [Valid Lesion IOU: 0.09486053467376383]
[2023-02-22 04:47:30,564][train.py][line:165][INFO] 
[Epoch 191/200] [Train Loss: -5.41747636027867] [Valid Loss: 0.6096172833717183] [Valid Lesion IOU: 0.13168053878538002]
[2023-02-22 04:48:31,409][train.py][line:165][INFO] 
[Epoch 192/200] [Train Loss: -5.016321360948496] [Valid Loss: 0.6572475056899222] [Valid Lesion IOU: 0.10160464638754417]
[2023-02-22 04:49:32,076][train.py][line:165][INFO] 
[Epoch 193/200] [Train Loss: -4.360879785924529] [Valid Loss: 0.45324415007704183] [Valid Lesion IOU: 0.14692909642818291]
[2023-02-22 04:50:32,769][train.py][line:165][INFO] 
[Epoch 194/200] [Train Loss: -4.4587981239455985] [Valid Loss: 0.07533779191343408] [Valid Lesion IOU: 0.14406094200283073]
[2023-02-22 04:51:33,465][train.py][line:165][INFO] 
[Epoch 195/200] [Train Loss: -3.8664348665236807] [Valid Loss: 0.44230884744932775] [Valid Lesion IOU: 0.14801340204104382]
[2023-02-22 04:52:34,032][train.py][line:165][INFO] 
[Epoch 196/200] [Train Loss: -5.432021775234413] [Valid Loss: 0.5158189127319738] [Valid Lesion IOU: 0.13672176963958657]
[2023-02-22 04:53:34,637][train.py][line:165][INFO] 
[Epoch 197/200] [Train Loss: -3.7316116701889164] [Valid Loss: -0.14536431823906146] [Valid Lesion IOU: 0.15121259187963446]
[2023-02-22 04:54:35,337][train.py][line:165][INFO] 
[Epoch 198/200] [Train Loss: -4.038927808597994] [Valid Loss: 0.09817064729960341] [Valid Lesion IOU: 0.15044849597092202]
[2023-02-22 04:55:35,905][train.py][line:165][INFO] 
[Epoch 199/200] [Train Loss: -4.825539354390155] [Valid Loss: 0.46311920326154093] [Valid Lesion IOU: 0.1428732781718318]
[2023-02-22 04:56:36,510][train.py][line:165][INFO] 
[Epoch 200/200] [Train Loss: -4.2804370590408025] [Valid Loss: 0.5088714094538438] [Valid Lesion IOU: 0.14228430497590608]
[2023-02-22 04:56:36,510][train.py][line:173][INFO] end logging.
