'''加入albumentation数据增强，图片大小640*640，batchsize 3 LR=0.0001，'''
'''scheduler = torch.optim.lr_scheduler.MultiStepLR(optimizer, milestones=[20,80], gamma=0.1)'''
[2023-02-13 13:25:03,413][train.py][line:67][INFO] start logging...
[2023-02-13 13:26:17,687][train.py][line:163][INFO] 
[Epoch 1/200] [Train Loss: 0.3353389711701311] [Valid Loss: 0.6108804996311664] [Valid Lesion IOU: 0.13840157878309978]
[2023-02-13 13:27:32,052][train.py][line:163][INFO] 
[Epoch 2/200] [Train Loss: 0.2881267090479014] [Valid Loss: 0.1579600028693676] [Valid Lesion IOU: 0.18408133952491743]
[2023-02-13 13:28:46,574][train.py][line:163][INFO] 
[Epoch 3/200] [Train Loss: 0.2674813198391348] [Valid Loss: 0.6281494765356183] [Valid Lesion IOU: 0.13002384440820292]
[2023-02-13 13:30:01,048][train.py][line:163][INFO] 
[Epoch 4/200] [Train Loss: 0.22740284160681767] [Valid Loss: 0.665364598967135] [Valid Lesion IOU: 0.12996370443424513]
[2023-02-13 13:31:15,229][train.py][line:163][INFO] 
[Epoch 5/200] [Train Loss: 0.17351164266801788] [Valid Loss: 0.6842906905710697] [Valid Lesion IOU: 0.11733948568434782]
[2023-02-13 13:32:29,538][train.py][line:163][INFO] 
[Epoch 6/200] [Train Loss: 0.14730808451713528] [Valid Loss: 0.5924949168972671] [Valid Lesion IOU: 0.15857620443397674]
[2023-02-13 13:33:43,723][train.py][line:163][INFO] 
[Epoch 7/200] [Train Loss: 0.22805179489660077] [Valid Loss: 0.6620246213674545] [Valid Lesion IOU: 0.14675496419973347]
[2023-02-13 13:34:57,942][train.py][line:163][INFO] 
[Epoch 8/200] [Train Loss: 0.11520682769833002] [Valid Loss: 0.6884496173262596] [Valid Lesion IOU: 0.12600186361394738]
[2023-02-13 13:36:12,209][train.py][line:163][INFO] 
[Epoch 9/200] [Train Loss: 0.11156670145282988] [Valid Loss: 0.6122304664552212] [Valid Lesion IOU: 0.13631369629615514]
[2023-02-13 13:37:26,493][train.py][line:163][INFO] 
[Epoch 10/200] [Train Loss: -0.07500976731535047] [Valid Loss: 0.6260390096902847] [Valid Lesion IOU: 0.12170683594471088]
[2023-02-13 13:38:40,948][train.py][line:163][INFO] 
[Epoch 11/200] [Train Loss: 0.3735135626811825] [Valid Loss: 0.6286686730384826] [Valid Lesion IOU: 0.1440732747466303]
[2023-02-13 13:39:55,279][train.py][line:163][INFO] 
[Epoch 12/200] [Train Loss: 0.11791695750434883] [Valid Loss: 0.5363283583521843] [Valid Lesion IOU: 0.1542234049548635]
[2023-02-13 13:41:09,544][train.py][line:163][INFO] 
[Epoch 13/200] [Train Loss: 0.005777498328825459] [Valid Loss: 0.6065420252084732] [Valid Lesion IOU: 0.15035515951218814]
[2023-02-13 13:42:24,039][train.py][line:163][INFO] 
[Epoch 14/200] [Train Loss: 0.1453987719505676] [Valid Loss: 0.5478707077354192] [Valid Lesion IOU: 0.14596739909555612]
[2023-02-13 13:43:38,375][train.py][line:163][INFO] 
[Epoch 15/200] [Train Loss: -0.00019486410019453615] [Valid Loss: 0.557597648203373] [Valid Lesion IOU: 0.15462460938196107]
[2023-02-13 13:44:52,789][train.py][line:163][INFO] 
[Epoch 16/200] [Train Loss: -0.3332527927486808] [Valid Loss: 0.5545071369409561] [Valid Lesion IOU: 0.14098351237686377]
[2023-02-13 13:46:07,160][train.py][line:163][INFO] 
[Epoch 17/200] [Train Loss: -0.28521310044743586] [Valid Loss: 0.43739726856350897] [Valid Lesion IOU: 0.13691765951231352]
[2023-02-13 13:47:21,458][train.py][line:163][INFO] 
[Epoch 18/200] [Train Loss: -0.42288571605422476] [Valid Loss: 0.5963378999382257] [Valid Lesion IOU: 0.13694685873104637]
[2023-02-13 13:48:35,929][train.py][line:163][INFO] 
[Epoch 19/200] [Train Loss: -0.8504477059796045] [Valid Loss: 0.43881831591948867] [Valid Lesion IOU: 0.13065403646548948]
[2023-02-13 13:49:50,281][train.py][line:163][INFO] 
[Epoch 20/200] [Train Loss: -0.5375335460194037] [Valid Loss: 0.5092049859836698] [Valid Lesion IOU: 0.16197140300167534]
[2023-02-13 13:51:04,728][train.py][line:163][INFO] 
[Epoch 21/200] [Train Loss: -0.6535081588663161] [Valid Loss: 0.5241403269022703] [Valid Lesion IOU: 0.143156022142471]
[2023-02-13 13:52:19,146][train.py][line:163][INFO] 
[Epoch 22/200] [Train Loss: -0.7964641013459186] [Valid Loss: 0.37345754746347665] [Valid Lesion IOU: 0.1480986328194971]
[2023-02-13 13:53:33,822][train.py][line:163][INFO] 
[Epoch 23/200] [Train Loss: -1.2768412670484395] [Valid Loss: 0.41242864474654195] [Valid Lesion IOU: 0.13890109050188065]
[2023-02-13 13:54:48,360][train.py][line:163][INFO] 
[Epoch 24/200] [Train Loss: -0.6672991348241339] [Valid Loss: 0.5009383988380433] [Valid Lesion IOU: 0.15154139811894776]
[2023-02-13 13:56:02,847][train.py][line:163][INFO] 
[Epoch 25/200] [Train Loss: -0.7750826188933502] [Valid Loss: 0.1835671053826809] [Valid Lesion IOU: 0.12022804362703265]
[2023-02-13 13:57:17,226][train.py][line:163][INFO] 
[Epoch 26/200] [Train Loss: -1.3063173614646075] [Valid Loss: 0.3907303410768509] [Valid Lesion IOU: 0.15337259115280458]
[2023-02-13 13:58:31,754][train.py][line:163][INFO] 
[Epoch 27/200] [Train Loss: -0.8185708369965141] [Valid Loss: 0.24271412312984467] [Valid Lesion IOU: 0.14413380534557027]
[2023-02-13 13:59:46,164][train.py][line:163][INFO] 
[Epoch 28/200] [Train Loss: -1.0072026088091661] [Valid Loss: 0.4695874488353729] [Valid Lesion IOU: 0.13942494304092112]
[2023-02-13 14:01:00,880][train.py][line:163][INFO] 
[Epoch 29/200] [Train Loss: -0.819088575153728] [Valid Loss: 0.39127408895641563] [Valid Lesion IOU: 0.14547502442108004]
[2023-02-13 14:02:16,150][train.py][line:163][INFO] 
[Epoch 30/200] [Train Loss: -0.876649338119023] [Valid Loss: 0.40655481182038783] [Valid Lesion IOU: 0.12214625651764202]
[2023-02-13 14:03:31,430][train.py][line:163][INFO] 
[Epoch 31/200] [Train Loss: -0.793493135330209] [Valid Loss: 0.4887928792089224] [Valid Lesion IOU: 0.16908605957713793]
[2023-02-13 14:04:46,738][train.py][line:163][INFO] 
[Epoch 32/200] [Train Loss: -1.004912748147035] [Valid Loss: -0.13552620265632867] [Valid Lesion IOU: 0.16189179688190192]
[2023-02-13 14:06:02,091][train.py][line:163][INFO] 
[Epoch 33/200] [Train Loss: -0.7316686093727185] [Valid Loss: 0.5198206059634686] [Valid Lesion IOU: 0.11511834310624085]
[2023-02-13 14:07:17,150][train.py][line:163][INFO] 
[Epoch 34/200] [Train Loss: -1.1470072290012467] [Valid Loss: 0.23966433480381966] [Valid Lesion IOU: 0.1266625000071886]
[2023-02-13 14:08:31,956][train.py][line:163][INFO] 
[Epoch 35/200] [Train Loss: -1.0119757655120338] [Valid Loss: 0.5247842036932707] [Valid Lesion IOU: 0.14249138184298032]
[2023-02-13 14:09:46,692][train.py][line:163][INFO] 
[Epoch 36/200] [Train Loss: -0.9174069844302721] [Valid Loss: 0.27642697900533675] [Valid Lesion IOU: 0.16391494141311974]
[2023-02-13 14:11:01,671][train.py][line:163][INFO] 
[Epoch 37/200] [Train Loss: -1.4548355385049945] [Valid Loss: 0.20872180834412574] [Valid Lesion IOU: 0.1161489176504856]
[2023-02-13 14:12:16,699][train.py][line:163][INFO] 
[Epoch 38/200] [Train Loss: -1.388079368887702] [Valid Loss: 0.026031831754371525] [Valid Lesion IOU: 0.1364409261138622]
[2023-02-13 14:13:31,558][train.py][line:163][INFO] 
[Epoch 39/200] [Train Loss: -1.6332881503985845] [Valid Loss: 0.4417423716187477] [Valid Lesion IOU: 0.12407958985095967]
[2023-02-13 14:14:46,309][train.py][line:163][INFO] 
[Epoch 40/200] [Train Loss: -1.243290327511204] [Valid Loss: 0.45853977657854555] [Valid Lesion IOU: 0.14205546875706332]
[2023-02-13 14:16:01,178][train.py][line:163][INFO] 
[Epoch 41/200] [Train Loss: -1.370929657945453] [Valid Loss: 0.4580517266318202] [Valid Lesion IOU: 0.12312328288480404]
[2023-02-13 14:17:16,164][train.py][line:163][INFO] 
[Epoch 42/200] [Train Loss: -1.5108631558923662] [Valid Loss: 0.15862972304224968] [Valid Lesion IOU: 0.14088518880914033]
[2023-02-13 14:18:30,937][train.py][line:163][INFO] 
[Epoch 43/200] [Train Loss: -1.2724432440445526] [Valid Loss: 0.3327487549930811] [Valid Lesion IOU: 0.14140520020236463]
[2023-02-13 14:19:45,668][train.py][line:163][INFO] 
[Epoch 44/200] [Train Loss: -1.8809533973890211] [Valid Loss: 0.2390911863744259] [Valid Lesion IOU: 0.13173854167379628]
[2023-02-13 14:21:00,398][train.py][line:163][INFO] 
[Epoch 45/200] [Train Loss: -1.9540929853938565] [Valid Loss: 0.5384993472695351] [Valid Lesion IOU: 0.1433141438872438]
[2023-02-13 14:22:15,172][train.py][line:163][INFO] 
[Epoch 46/200] [Train Loss: -1.7243670902535086] [Valid Loss: 0.14133152436465024] [Valid Lesion IOU: 0.1229036458405352]
[2023-02-13 14:23:30,059][train.py][line:163][INFO] 
[Epoch 47/200] [Train Loss: -1.7291245823762438] [Valid Loss: 0.19901989126577974] [Valid Lesion IOU: 0.1406696777414317]
[2023-02-13 14:24:44,939][train.py][line:163][INFO] 
[Epoch 48/200] [Train Loss: -1.5038061492523411] [Valid Loss: 0.45423340652137995] [Valid Lesion IOU: 0.12615037435615112]
[2023-02-13 14:25:59,866][train.py][line:163][INFO] 
[Epoch 49/200] [Train Loss: -1.3595894111374491] [Valid Loss: -0.27889582857489587] [Valid Lesion IOU: 0.14935271810594433]
[2023-02-13 14:27:14,899][train.py][line:163][INFO] 
[Epoch 50/200] [Train Loss: -1.4871469490753952] [Valid Loss: 0.4852272380143404] [Valid Lesion IOU: 0.14900804037159016]
[2023-02-13 14:28:29,827][train.py][line:163][INFO] 
[Epoch 51/200] [Train Loss: -1.2498142911645118] [Valid Loss: 0.4329352878406644] [Valid Lesion IOU: 0.15245742188197867]
[2023-02-13 14:29:44,815][train.py][line:163][INFO] 
[Epoch 52/200] [Train Loss: -1.6401843195271795] [Valid Loss: 0.49135674104094507] [Valid Lesion IOU: 0.15061062826218602]
[2023-02-13 14:30:59,715][train.py][line:163][INFO] 
[Epoch 53/200] [Train Loss: -1.721997382803238] [Valid Loss: 0.37781755685806273] [Valid Lesion IOU: 0.1315805664133986]
[2023-02-13 14:32:14,626][train.py][line:163][INFO] 
[Epoch 54/200] [Train Loss: -2.1405125238234177] [Valid Loss: -0.046297824457287785] [Valid Lesion IOU: 0.14302486166068382]
[2023-02-13 14:33:29,628][train.py][line:163][INFO] 
[Epoch 55/200] [Train Loss: -1.846196591075568] [Valid Loss: -0.47483008332550525] [Valid Lesion IOU: 0.16159350586627938]
[2023-02-13 14:34:44,576][train.py][line:163][INFO] 
[Epoch 56/200] [Train Loss: -1.8704601370263845] [Valid Loss: -0.026821070313453675] [Valid Lesion IOU: 0.1230148681712639]
[2023-02-13 14:35:59,406][train.py][line:163][INFO] 
[Epoch 57/200] [Train Loss: -2.1744028902612627] [Valid Loss: 0.4426597186923027] [Valid Lesion IOU: 0.11322416992917297]
[2023-02-13 14:37:14,224][train.py][line:163][INFO] 
[Epoch 58/200] [Train Loss: -2.2277047193204] [Valid Loss: 0.3389409260451794] [Valid Lesion IOU: 0.11727854818434831]
[2023-02-13 14:38:29,034][train.py][line:163][INFO] 
[Epoch 59/200] [Train Loss: -2.4677050129866984] [Valid Loss: 0.3646482093259692] [Valid Lesion IOU: 0.0901213216220693]
[2023-02-13 14:39:43,730][train.py][line:163][INFO] 
[Epoch 60/200] [Train Loss: -2.2693452230014373] [Valid Loss: 0.4104537130892277] [Valid Lesion IOU: 0.15509464518924893]
[2023-02-13 14:40:58,635][train.py][line:163][INFO] 
[Epoch 61/200] [Train Loss: -2.190391775642638] [Valid Loss: 0.35995080960914494] [Valid Lesion IOU: 0.12234977214262503]
[2023-02-13 14:42:13,430][train.py][line:163][INFO] 
[Epoch 62/200] [Train Loss: -1.198627541452879] [Valid Loss: 0.3385918091982603] [Valid Lesion IOU: 0.17089826660837507]
[2023-02-13 14:43:28,278][train.py][line:163][INFO] 
[Epoch 63/200] [Train Loss: -2.2550618608319155] [Valid Loss: 0.4479214371740818] [Valid Lesion IOU: 0.13903374024146295]
[2023-02-13 14:44:43,110][train.py][line:163][INFO] 
[Epoch 64/200] [Train Loss: -2.4236055616202066] [Valid Loss: -0.37885261498391626] [Valid Lesion IOU: 0.17759032389998552]
[2023-02-13 14:45:57,835][train.py][line:163][INFO] 
[Epoch 65/200] [Train Loss: -2.3885129626942216] [Valid Loss: 0.0478502257168293] [Valid Lesion IOU: 0.15730407715536127]
[2023-02-13 14:47:12,546][train.py][line:163][INFO] 
[Epoch 66/200] [Train Loss: -1.1272969586352701] [Valid Loss: 0.5099425354599952] [Valid Lesion IOU: 0.1463399414132785]
[2023-02-13 14:48:27,324][train.py][line:163][INFO] 
[Epoch 67/200] [Train Loss: -2.3666871535169776] [Valid Loss: 0.13443127974867822] [Valid Lesion IOU: 0.12879186198632048]
[2023-02-13 14:49:42,019][train.py][line:163][INFO] 
[Epoch 68/200] [Train Loss: -2.3075563974216493] [Valid Loss: -0.6239838656783104] [Valid Lesion IOU: 0.1535695312569345]
[2023-02-13 14:50:56,828][train.py][line:163][INFO] 
[Epoch 69/200] [Train Loss: -1.368051347511937] [Valid Loss: 0.5053731198608875] [Valid Lesion IOU: 0.1227657226634703]
[2023-02-13 14:52:11,591][train.py][line:163][INFO] 
[Epoch 70/200] [Train Loss: -2.179380567980843] [Valid Loss: 0.3614229561388493] [Valid Lesion IOU: 0.15376550293663793]
[2023-02-13 14:53:26,566][train.py][line:163][INFO] 
[Epoch 71/200] [Train Loss: -2.4509880959908514] [Valid Loss: 0.39083101535215975] [Valid Lesion IOU: 0.16840579427766453]
[2023-02-13 14:54:41,417][train.py][line:163][INFO] 
[Epoch 72/200] [Train Loss: -2.4514371807672433] [Valid Loss: 0.42613939988892524] [Valid Lesion IOU: 0.1251683105540758]
[2023-02-13 14:55:56,196][train.py][line:163][INFO] 
[Epoch 73/200] [Train Loss: -2.5372842293708118] [Valid Loss: -0.009820038676261902] [Valid Lesion IOU: 0.1461215494861969]
[2023-02-13 14:57:10,878][train.py][line:163][INFO] 
[Epoch 74/200] [Train Loss: -2.7128252683680785] [Valid Loss: 0.17475332931848242] [Valid Lesion IOU: 0.13890205078832155]
[2023-02-13 14:58:25,722][train.py][line:163][INFO] 
[Epoch 75/200] [Train Loss: -1.7904018496192293] [Valid Loss: 0.2719454761923407] [Valid Lesion IOU: 0.15323531901738902]
[2023-02-13 14:59:40,454][train.py][line:163][INFO] 
[Epoch 76/200] [Train Loss: -2.7859770160212065] [Valid Loss: -0.37704142156988385] [Valid Lesion IOU: 0.17379256185576342]
[2023-02-13 15:00:55,188][train.py][line:163][INFO] 
[Epoch 77/200] [Train Loss: -1.9026541508937953] [Valid Loss: 0.18520501850172877] [Valid Lesion IOU: 0.14669484050180018]
[2023-02-13 15:02:09,897][train.py][line:163][INFO] 
[Epoch 78/200] [Train Loss: -2.6491375414098] [Valid Loss: 0.39375531766563654] [Valid Lesion IOU: 0.13028465169983222]
[2023-02-13 15:03:24,628][train.py][line:163][INFO] 
[Epoch 79/200] [Train Loss: -1.9912401917026727] [Valid Loss: 0.107470213919878] [Valid Lesion IOU: 0.09940301107511877]
[2023-02-13 15:04:39,430][train.py][line:163][INFO] 
[Epoch 80/200] [Train Loss: -2.2726999677252024] [Valid Loss: 0.3091850757598877] [Valid Lesion IOU: 0.13126120606182096]
[2023-02-13 15:05:54,183][train.py][line:163][INFO] 
[Epoch 81/200] [Train Loss: -2.0565560044994413] [Valid Loss: 0.204034518674016] [Valid Lesion IOU: 0.1639772542386382]
[2023-02-13 15:07:09,010][train.py][line:163][INFO] 
[Epoch 82/200] [Train Loss: -2.638083174957501] [Valid Loss: 0.08056914538145066] [Valid Lesion IOU: 0.15896962891317576]
[2023-02-13 15:08:23,794][train.py][line:163][INFO] 
[Epoch 83/200] [Train Loss: -2.1874396704952233] [Valid Loss: 0.44491211231797934] [Valid Lesion IOU: 0.14409108073621352]
[2023-02-13 15:09:38,562][train.py][line:163][INFO] 
[Epoch 84/200] [Train Loss: -1.853935240280407] [Valid Loss: 0.2945825136452913] [Valid Lesion IOU: 0.1555731282621617]
[2023-02-13 15:10:53,279][train.py][line:163][INFO] 
[Epoch 85/200] [Train Loss: -2.8174891796224983] [Valid Loss: 0.11764839908108116] [Valid Lesion IOU: 0.10225738933030386]
[2023-02-13 15:12:08,202][train.py][line:163][INFO] 
[Epoch 86/200] [Train Loss: -2.7505769055424025] [Valid Loss: 0.422683584690094] [Valid Lesion IOU: 0.13164743653056774]
[2023-02-13 15:13:22,758][train.py][line:163][INFO] 
[Epoch 87/200] [Train Loss: -2.6371155460510636] [Valid Loss: -0.8894368761777878] [Valid Lesion IOU: 0.16560687663444226]
[2023-02-13 15:14:37,592][train.py][line:163][INFO] 
[Epoch 88/200] [Train Loss: -1.5332737260614522] [Valid Loss: 0.20106973499059677] [Valid Lesion IOU: 0.14990443522833607]
[2023-02-13 15:15:52,465][train.py][line:163][INFO] 
[Epoch 89/200] [Train Loss: -2.5734167169284774] [Valid Loss: 0.27376934863626956] [Valid Lesion IOU: 0.15141740723353295]
[2023-02-13 15:17:07,211][train.py][line:163][INFO] 
[Epoch 90/200] [Train Loss: -3.1422571528237313] [Valid Loss: 0.37490899773314595] [Valid Lesion IOU: 0.15755677084025385]
[2023-02-13 15:18:22,085][train.py][line:163][INFO] 
[Epoch 91/200] [Train Loss: -3.0527421835886344] [Valid Loss: 0.3944304522871971] [Valid Lesion IOU: 0.13876031901750685]
[2023-02-13 15:19:36,978][train.py][line:163][INFO] 
[Epoch 92/200] [Train Loss: -2.8553357757846243] [Valid Loss: -0.3077335388958454] [Valid Lesion IOU: 0.14707654623098082]
[2023-02-13 15:20:51,813][train.py][line:163][INFO] 
[Epoch 93/200] [Train Loss: -2.422312206996594] [Valid Loss: 0.4869128860766068] [Valid Lesion IOU: 0.13276551107484727]
[2023-02-13 15:22:06,518][train.py][line:163][INFO] 
[Epoch 94/200] [Train Loss: -2.899878768424969] [Valid Loss: -0.12281029611825943] [Valid Lesion IOU: 0.14884646810596644]
[2023-02-13 15:23:20,961][train.py][line:163][INFO] 
[Epoch 95/200] [Train Loss: -3.2707441648235545] [Valid Loss: 0.4532710696011782] [Valid Lesion IOU: 0.14520584310597845]
[2023-02-13 15:24:35,781][train.py][line:163][INFO] 
[Epoch 96/200] [Train Loss: -2.872343541152077] [Valid Loss: 0.1377062629163265] [Valid Lesion IOU: 0.11390452474687582]
[2023-02-13 15:25:50,519][train.py][line:163][INFO] 
[Epoch 97/200] [Train Loss: -2.258515281850123] [Valid Loss: 0.3825061158835888] [Valid Lesion IOU: 0.16393771973343013]
[2023-02-13 15:27:05,364][train.py][line:163][INFO] 
[Epoch 98/200] [Train Loss: -3.0513578032769146] [Valid Loss: 0.23607524156570434] [Valid Lesion IOU: 0.14775391439501998]
[2023-02-13 15:28:20,054][train.py][line:163][INFO] 
[Epoch 99/200] [Train Loss: -3.2843376007294864] [Valid Loss: 0.32336565881967544] [Valid Lesion IOU: 0.13043064779361627]
[2023-02-13 15:29:35,035][train.py][line:163][INFO] 
[Epoch 100/200] [Train Loss: -3.124205591084319] [Valid Loss: -0.08096742615103722] [Valid Lesion IOU: 0.13950668132217034]
[2023-02-13 15:30:49,877][train.py][line:163][INFO] 
[Epoch 101/200] [Train Loss: -3.082501547585707] [Valid Loss: -0.4666059897840023] [Valid Lesion IOU: 0.14962965495490035]
[2023-02-13 15:32:04,579][train.py][line:163][INFO] 
[Epoch 102/200] [Train Loss: -2.487257659842726] [Valid Loss: 0.3894190866500139] [Valid Lesion IOU: 0.11847680664786349]
[2023-02-13 15:33:19,368][train.py][line:163][INFO] 
[Epoch 103/200] [Train Loss: -3.186908839168609] [Valid Loss: -0.23270697236061097] [Valid Lesion IOU: 0.1575197265694195]
[2023-02-13 15:34:34,126][train.py][line:163][INFO] 
[Epoch 104/200] [Train Loss: -2.804233764145465] [Valid Loss: -0.8979009228944779] [Valid Lesion IOU: 0.13449602051492204]
[2023-02-13 15:35:48,987][train.py][line:163][INFO] 
[Epoch 105/200] [Train Loss: -3.106564394685847] [Valid Loss: 0.30914709404110907] [Valid Lesion IOU: 0.1290765299550856]
[2023-02-13 15:37:03,811][train.py][line:163][INFO] 
[Epoch 106/200] [Train Loss: -2.859246096275456] [Valid Loss: 0.27417814686894415] [Valid Lesion IOU: 0.1405704345773706]
[2023-02-13 15:38:18,537][train.py][line:163][INFO] 
[Epoch 107/200] [Train Loss: -3.285839921947627] [Valid Loss: 0.31473275762051345] [Valid Lesion IOU: 0.17234656576202514]
[2023-02-13 15:39:33,320][train.py][line:163][INFO] 
[Epoch 108/200] [Train Loss: -2.627110267378157] [Valid Loss: 0.579235405176878] [Valid Lesion IOU: 0.11753756511142953]
[2023-02-13 15:40:48,004][train.py][line:163][INFO] 
[Epoch 109/200] [Train Loss: -3.5156362371781142] [Valid Loss: 0.5386062532563665] [Valid Lesion IOU: 0.13029161784570076]
[2023-02-13 15:42:02,802][train.py][line:163][INFO] 
[Epoch 110/200] [Train Loss: -2.8912353050627644] [Valid Loss: 0.2061220387928188] [Valid Lesion IOU: 0.13148699544984124]
[2023-02-13 15:43:17,402][train.py][line:163][INFO] 
[Epoch 111/200] [Train Loss: -2.8160604115983006] [Valid Loss: 0.3714914038032293] [Valid Lesion IOU: 0.1238867187572112]
[2023-02-13 15:44:32,026][train.py][line:163][INFO] 
[Epoch 112/200] [Train Loss: -2.083503796122386] [Valid Loss: 0.36578593954443933] [Valid Lesion IOU: 0.15689010417359223]
[2023-02-13 15:45:46,432][train.py][line:163][INFO] 
[Epoch 113/200] [Train Loss: -3.1698455264267977] [Valid Loss: -0.2529865750670433] [Valid Lesion IOU: 0.12353072917388078]
[2023-02-13 15:47:01,008][train.py][line:163][INFO] 
[Epoch 114/200] [Train Loss: -3.003146815157379] [Valid Loss: 0.041277059856802224] [Valid Lesion IOU: 0.14614247233774186]
[2023-02-13 15:48:15,759][train.py][line:163][INFO] 
[Epoch 115/200] [Train Loss: -2.964095651025673] [Valid Loss: -0.10654540091753006] [Valid Lesion IOU: 0.1498389974028156]
[2023-02-13 15:49:30,671][train.py][line:163][INFO] 
[Epoch 116/200] [Train Loss: -3.2434499602240976] [Valid Loss: -0.05955651115626097] [Valid Lesion IOU: 0.15745665690797966]
[2023-02-13 15:50:45,477][train.py][line:163][INFO] 
[Epoch 117/200] [Train Loss: -2.2238022159363027] [Valid Loss: 0.3357136595249176] [Valid Lesion IOU: 0.13992057292374738]
[2023-02-13 15:52:00,146][train.py][line:163][INFO] 
[Epoch 118/200] [Train Loss: -2.3918012847734644] [Valid Loss: 0.05755776256322861] [Valid Lesion IOU: 0.12492895508532768]
[2023-02-13 15:53:14,966][train.py][line:163][INFO] 
[Epoch 119/200] [Train Loss: -4.0146855742059415] [Valid Loss: 0.010851753652095794] [Valid Lesion IOU: 0.14785764974658183]
[2023-02-13 15:54:29,717][train.py][line:163][INFO] 
[Epoch 120/200] [Train Loss: -3.1379193555767415] [Valid Loss: 0.3119493203610182] [Valid Lesion IOU: 0.16462541504592573]
[2023-02-13 15:55:44,394][train.py][line:163][INFO] 
[Epoch 121/200] [Train Loss: -3.5246590334936627] [Valid Loss: -0.1434968664869666] [Valid Lesion IOU: 0.1491493652413649]
[2023-02-13 15:56:59,054][train.py][line:163][INFO] 
[Epoch 122/200] [Train Loss: -3.231923676445149] [Valid Loss: -0.10490463882684707] [Valid Lesion IOU: 0.13832002767634902]
[2023-02-13 15:58:13,879][train.py][line:163][INFO] 
[Epoch 123/200] [Train Loss: -2.941855341239716] [Valid Loss: 0.4600558338779956] [Valid Lesion IOU: 0.12612279460352976]
[2023-02-13 15:59:28,480][train.py][line:163][INFO] 
[Epoch 124/200] [Train Loss: -3.258376373894862] [Valid Loss: 0.29809274829924104] [Valid Lesion IOU: 0.1400533365956213]
[2023-02-13 16:00:43,276][train.py][line:163][INFO] 
[Epoch 125/200] [Train Loss: -3.832554764347151] [Valid Loss: -0.034225032478570935] [Valid Lesion IOU: 0.12644659831448207]
[2023-02-13 16:01:57,906][train.py][line:163][INFO] 
[Epoch 126/200] [Train Loss: -2.2923513832647586] [Valid Loss: 0.24298959195613862] [Valid Lesion IOU: 0.14675824382211167]
[2023-02-13 16:03:12,534][train.py][line:163][INFO] 
[Epoch 127/200] [Train Loss: -3.6533019552298356] [Valid Loss: 0.2714297247119248] [Valid Lesion IOU: 0.1258819661530283]
[2023-02-13 16:04:27,266][train.py][line:163][INFO] 
[Epoch 128/200] [Train Loss: -3.940492784324306] [Valid Loss: -1.2299147407710551] [Valid Lesion IOU: 0.1682987141995581]
[2023-02-13 16:05:42,165][train.py][line:163][INFO] 
[Epoch 129/200] [Train Loss: -2.833723095798632] [Valid Loss: 0.1909059639275074] [Valid Lesion IOU: 0.15043286947310652]
[2023-02-13 16:06:56,854][train.py][line:163][INFO] 
[Epoch 130/200] [Train Loss: -3.339955977309728] [Valid Loss: 0.47498378371354194] [Valid Lesion IOU: 0.13422440593158877]
[2023-02-13 16:08:11,546][train.py][line:163][INFO] 
[Epoch 131/200] [Train Loss: -3.4529889560803753] [Valid Loss: -0.7365429980680347] [Valid Lesion IOU: 0.12960636393945638]
[2023-02-13 16:09:26,102][train.py][line:163][INFO] 
[Epoch 132/200] [Train Loss: -3.3441220799504663] [Valid Loss: 0.17649245760403573] [Valid Lesion IOU: 0.14745183106168913]
[2023-02-13 16:10:40,867][train.py][line:163][INFO] 
[Epoch 133/200] [Train Loss: -2.7553561325767078] [Valid Loss: 0.0703809167444706] [Valid Lesion IOU: 0.12958986003320644]
[2023-02-13 16:11:55,630][train.py][line:163][INFO] 
[Epoch 134/200] [Train Loss: -4.254946651994032] [Valid Loss: 0.18553576115518808] [Valid Lesion IOU: 0.1328376790435794]
[2023-02-13 16:13:10,490][train.py][line:163][INFO] 
[Epoch 135/200] [Train Loss: -3.2565842133386127] [Valid Loss: 0.49673411060124634] [Valid Lesion IOU: 0.12769991862697183]
[2023-02-13 16:14:25,291][train.py][line:163][INFO] 
[Epoch 136/200] [Train Loss: -3.0502638796169776] [Valid Loss: 0.2678757029771805] [Valid Lesion IOU: 0.10294759115321496]
[2023-02-13 16:15:39,937][train.py][line:163][INFO] 
[Epoch 137/200] [Train Loss: -3.958682700216741] [Valid Loss: -0.5871435620635748] [Valid Lesion IOU: 0.1514173828194693]
[2023-02-13 16:16:54,709][train.py][line:163][INFO] 
[Epoch 138/200] [Train Loss: -3.066543965396704] [Valid Loss: -0.18288143835961818] [Valid Lesion IOU: 0.16385315755896926]
[2023-02-13 16:18:09,493][train.py][line:163][INFO] 
[Epoch 139/200] [Train Loss: -3.6851154122850858] [Valid Loss: 0.020489482209086418] [Valid Lesion IOU: 0.14403434245494595]
[2023-02-13 16:19:24,319][train.py][line:163][INFO] 
[Epoch 140/200] [Train Loss: -3.59095580081339] [Valid Loss: 0.09357359051704407] [Valid Lesion IOU: 0.1360113932362792]
[2023-02-13 16:20:38,952][train.py][line:163][INFO] 
[Epoch 141/200] [Train Loss: -4.21026749235898] [Valid Loss: -0.0562900821864605] [Valid Lesion IOU: 0.14483719076224896]
[2023-02-13 16:21:53,524][train.py][line:163][INFO] 
[Epoch 142/200] [Train Loss: -3.817675236299692] [Valid Loss: 0.009954651221632957] [Valid Lesion IOU: 0.13154113770244552]
[2023-02-13 16:23:08,287][train.py][line:163][INFO] 
[Epoch 143/200] [Train Loss: -2.9731419494128204] [Valid Loss: 0.14870553333312272] [Valid Lesion IOU: 0.13296988933005394]
[2023-02-13 16:24:23,064][train.py][line:163][INFO] 
[Epoch 144/200] [Train Loss: -4.283090044002165] [Valid Loss: 0.38782245084643363] [Valid Lesion IOU: 0.1413034993560278]
[2023-02-13 16:25:37,776][train.py][line:163][INFO] 
[Epoch 145/200] [Train Loss: -4.119000974984374] [Valid Loss: -2.0474100527912378] [Valid Lesion IOU: 0.11142284343177511]
[2023-02-13 16:26:52,658][train.py][line:163][INFO] 
[Epoch 146/200] [Train Loss: -4.451869938246091] [Valid Loss: -0.14704178555693942] [Valid Lesion IOU: 0.1910384196029839]
[2023-02-13 16:28:07,247][train.py][line:163][INFO] 
[Epoch 147/200] [Train Loss: -4.177261837852711] [Valid Loss: -0.5074921402707696] [Valid Lesion IOU: 0.14968388672575128]
[2023-02-13 16:29:21,884][train.py][line:163][INFO] 
[Epoch 148/200] [Train Loss: -3.034028260553896] [Valid Loss: 0.464883084744215] [Valid Lesion IOU: 0.13782999675188942]
[2023-02-13 16:30:36,430][train.py][line:163][INFO] 
[Epoch 149/200] [Train Loss: -3.0067264223471284] [Valid Loss: 0.28326213668100536] [Valid Lesion IOU: 0.14460231934294437]
[2023-02-13 16:31:51,139][train.py][line:163][INFO] 
[Epoch 150/200] [Train Loss: -4.930555434752023] [Valid Loss: -0.12542271012440323] [Valid Lesion IOU: 0.13199863281962784]
[2023-02-13 16:33:05,674][train.py][line:163][INFO] 
[Epoch 151/200] [Train Loss: -5.032141923322342] [Valid Loss: -0.21628289431333542] [Valid Lesion IOU: 0.1396131591867529]
[2023-02-13 16:34:20,434][train.py][line:163][INFO] 
[Epoch 152/200] [Train Loss: -3.9939471764228074] [Valid Loss: -0.14924660786986352] [Valid Lesion IOU: 0.12173142904368708]
[2023-02-13 16:35:35,457][train.py][line:163][INFO] 
[Epoch 153/200] [Train Loss: -2.9185193575103767] [Valid Loss: -0.6009347352292389] [Valid Lesion IOU: 0.14486855469452245]
[2023-02-13 16:36:50,181][train.py][line:163][INFO] 
[Epoch 154/200] [Train Loss: -2.9603995924453557] [Valid Loss: -0.5781832659989595] [Valid Lesion IOU: 0.13234337565818405]
[2023-02-13 16:38:04,984][train.py][line:163][INFO] 
[Epoch 155/200] [Train Loss: -5.214837958686985] [Valid Loss: -0.07402462258934975] [Valid Lesion IOU: 0.11117500000731463]
[2023-02-13 16:39:19,617][train.py][line:163][INFO] 
[Epoch 156/200] [Train Loss: -4.150255397093133] [Valid Loss: -0.08045923113822936] [Valid Lesion IOU: 0.13734991048885475]
[2023-02-13 16:40:34,512][train.py][line:163][INFO] 
[Epoch 157/200] [Train Loss: -4.540249631725601] [Valid Loss: -2.1123982483148573] [Valid Lesion IOU: 0.15309198405643498]
[2023-02-13 16:41:49,436][train.py][line:163][INFO] 
[Epoch 158/200] [Train Loss: -5.037656038388377] [Valid Loss: -0.255504775121808] [Valid Lesion IOU: 0.1559024332751617]
[2023-02-13 16:43:04,080][train.py][line:163][INFO] 
[Epoch 159/200] [Train Loss: -4.687223919783719] [Valid Loss: -1.2744939728453755] [Valid Lesion IOU: 0.1376400227935576]
[2023-02-13 16:44:19,192][train.py][line:163][INFO] 
[Epoch 160/200] [Train Loss: -4.1284623922692845] [Valid Loss: 0.3507020583748817] [Valid Lesion IOU: 0.11343383789792126]
[2023-02-13 16:45:34,165][train.py][line:163][INFO] 
[Epoch 161/200] [Train Loss: -4.46057475029329] [Valid Loss: -0.19663579147309065] [Valid Lesion IOU: 0.16439731445998867]
[2023-02-13 16:46:48,926][train.py][line:163][INFO] 
[Epoch 162/200] [Train Loss: -3.4707529276602145] [Valid Loss: 0.040314977783709766] [Valid Lesion IOU: 0.1292399576894593]
[2023-02-13 16:48:03,684][train.py][line:163][INFO] 
[Epoch 163/200] [Train Loss: -5.124009549485436] [Valid Loss: -0.5587678553164005] [Valid Lesion IOU: 0.1514219889392437]
[2023-02-13 16:49:18,435][train.py][line:163][INFO] 
[Epoch 164/200] [Train Loss: -5.347893572441535] [Valid Loss: -1.1638619313389063] [Valid Lesion IOU: 0.1273740478587105]
[2023-02-13 16:50:33,026][train.py][line:163][INFO] 
[Epoch 165/200] [Train Loss: -4.284906991873868] [Valid Loss: -0.17359342820942403] [Valid Lesion IOU: 0.12947672526758233]
[2023-02-13 16:51:47,391][train.py][line:163][INFO] 
[Epoch 166/200] [Train Loss: -3.9696160536259413] [Valid Loss: 0.1546429291367531] [Valid Lesion IOU: 0.14405779623098877]
[2023-02-13 16:53:02,049][train.py][line:163][INFO] 
[Epoch 167/200] [Train Loss: -2.698115967315971] [Valid Loss: -0.5155820758640766] [Valid Lesion IOU: 0.12764602865301392]
[2023-02-13 16:54:16,849][train.py][line:163][INFO] 
[Epoch 168/200] [Train Loss: -5.0072983935097] [Valid Loss: -1.531686404645443] [Valid Lesion IOU: 0.16119567057982423]
[2023-02-13 16:55:31,692][train.py][line:163][INFO] 
[Epoch 169/200] [Train Loss: -3.804787103959825] [Valid Loss: 0.03981097711250186] [Valid Lesion IOU: 0.12732485352279047]
[2023-02-13 16:56:46,489][train.py][line:163][INFO] 
[Epoch 170/200] [Train Loss: -5.931302814889932] [Valid Loss: -0.6210640776529908] [Valid Lesion IOU: 0.1550652343819575]
[2023-02-13 16:58:01,085][train.py][line:163][INFO] 
[Epoch 171/200] [Train Loss: -5.219267650914844] [Valid Loss: -0.40149072285741566] [Valid Lesion IOU: 0.16815424805370818]
[2023-02-13 16:59:15,917][train.py][line:163][INFO] 
[Epoch 172/200] [Train Loss: -4.492814211262157] [Valid Loss: -1.1205881710723042] [Valid Lesion IOU: 0.16568819987666272]
[2023-02-13 17:00:30,757][train.py][line:163][INFO] 
[Epoch 173/200] [Train Loss: -4.569863643642748] [Valid Loss: -0.5524111305177212] [Valid Lesion IOU: 0.14088166504611765]
[2023-02-13 17:01:45,606][train.py][line:163][INFO] 
[Epoch 174/200] [Train Loss: -5.06814029749512] [Valid Loss: -0.4234321505576372] [Valid Lesion IOU: 0.14840463054084807]
[2023-02-13 17:03:00,433][train.py][line:163][INFO] 
[Epoch 175/200] [Train Loss: -4.124894339594903] [Valid Loss: -1.491656460100785] [Valid Lesion IOU: 0.15667444662152769]
[2023-02-13 17:04:15,139][train.py][line:163][INFO] 
[Epoch 176/200] [Train Loss: -4.030076599534368] [Valid Loss: -0.6962604578584433] [Valid Lesion IOU: 0.15047408854866148]
[2023-02-13 17:05:29,988][train.py][line:163][INFO] 
[Epoch 177/200] [Train Loss: -4.586647290554538] [Valid Loss: -0.2299560660123825] [Valid Lesion IOU: 0.12437438151760619]
[2023-02-13 17:06:44,743][train.py][line:163][INFO] 
[Epoch 178/200] [Train Loss: -3.603498836324434] [Valid Loss: -0.2626159404590726] [Valid Lesion IOU: 0.13643255209042507]
[2023-02-13 17:07:59,540][train.py][line:163][INFO] 
[Epoch 179/200] [Train Loss: -4.865447966622014] [Valid Loss: -0.9610359148448333] [Valid Lesion IOU: 0.18221562500673646]
[2023-02-13 17:09:14,217][train.py][line:163][INFO] 
[Epoch 180/200] [Train Loss: -4.981114590395009] [Valid Loss: -0.03922096863389015] [Valid Lesion IOU: 0.14458277995495947]
[2023-02-13 17:10:29,012][train.py][line:163][INFO] 
[Epoch 181/200] [Train Loss: -4.9092860389791895] [Valid Loss: -0.4164622599957511] [Valid Lesion IOU: 0.122553955085347]
[2023-02-13 17:11:43,658][train.py][line:163][INFO] 
[Epoch 182/200] [Train Loss: -5.2465995221282355] [Valid Loss: -0.30014986649155617] [Valid Lesion IOU: 0.13459555664773157]
[2023-02-13 17:12:58,310][train.py][line:163][INFO] 
[Epoch 183/200] [Train Loss: -3.7789968209981453] [Valid Loss: -0.3982132541388273] [Valid Lesion IOU: 0.1416145670643586]
[2023-02-13 17:14:12,988][train.py][line:163][INFO] 
[Epoch 184/200] [Train Loss: -4.465525544350385] [Valid Loss: 0.23935351371765137] [Valid Lesion IOU: 0.15988099772825487]
[2023-02-13 17:15:27,637][train.py][line:163][INFO] 
[Epoch 185/200] [Train Loss: -4.381586865900317] [Valid Loss: 0.09505746958777309] [Valid Lesion IOU: 0.1533144043038467]
[2023-02-13 17:16:42,414][train.py][line:163][INFO] 
[Epoch 186/200] [Train Loss: -4.764819428120973] [Valid Loss: -1.5235920499265194] [Valid Lesion IOU: 0.12991866862695375]
[2023-02-13 17:17:57,157][train.py][line:163][INFO] 
[Epoch 187/200] [Train Loss: -4.267672544840025] [Valid Loss: 0.11112377971410752] [Valid Lesion IOU: 0.14839628906947655]
[2023-02-13 17:19:11,871][train.py][line:163][INFO] 
[Epoch 188/200] [Train Loss: -5.826744347476051] [Valid Loss: 0.03056314683519304] [Valid Lesion IOU: 0.1352807210357482]
[2023-02-13 17:20:26,572][train.py][line:163][INFO] 
[Epoch 189/200] [Train Loss: -6.626056596418493] [Valid Loss: 0.14279523790813983] [Valid Lesion IOU: 0.12909358724673403]
[2023-02-13 17:21:41,253][train.py][line:163][INFO] 
[Epoch 190/200] [Train Loss: -4.793523731379537] [Valid Loss: -1.571391522884369] [Valid Lesion IOU: 0.11978386231191411]
[2023-02-13 17:22:55,979][train.py][line:163][INFO] 
[Epoch 191/200] [Train Loss: -6.237689842317195] [Valid Loss: -0.09209470883011818] [Valid Lesion IOU: 0.14781021322314516]
[2023-02-13 17:24:10,812][train.py][line:163][INFO] 
[Epoch 192/200] [Train Loss: -5.436969450151082] [Valid Loss: 0.44000594260171055] [Valid Lesion IOU: 0.11664780274161035]
[2023-02-13 17:25:25,459][train.py][line:163][INFO] 
[Epoch 193/200] [Train Loss: -6.30323700493318] [Valid Loss: 0.13600479453802108] [Valid Lesion IOU: 0.16320786133499965]
[2023-02-13 17:26:40,162][train.py][line:163][INFO] 
[Epoch 194/200] [Train Loss: -3.3611832539900206] [Valid Loss: -0.38312204184010623] [Valid Lesion IOU: 0.10405320638758093]
[2023-02-13 17:27:54,844][train.py][line:163][INFO] 
[Epoch 195/200] [Train Loss: -4.060259457008215] [Valid Loss: -0.1337566804839298] [Valid Lesion IOU: 0.14155780436902904]
[2023-02-13 17:29:09,623][train.py][line:163][INFO] 
[Epoch 196/200] [Train Loss: -3.98275036017003] [Valid Loss: -1.5881238256394863] [Valid Lesion IOU: 0.1254131103587442]
[2023-02-13 17:30:24,263][train.py][line:163][INFO] 
[Epoch 197/200] [Train Loss: -4.715703219240822] [Valid Loss: -0.4848235467541963] [Valid Lesion IOU: 0.1265558919342728]
[2023-02-13 17:31:38,933][train.py][line:163][INFO] 
[Epoch 198/200] [Train Loss: -4.140940685894748] [Valid Loss: -0.641001937109977] [Valid Lesion IOU: 0.1404741536528924]
[2023-02-13 17:32:53,569][train.py][line:163][INFO] 
[Epoch 199/200] [Train Loss: -3.5147444428293966] [Valid Loss: 0.1652104062680155] [Valid Lesion IOU: 0.14458141276744152]
[2023-02-13 17:34:08,210][train.py][line:163][INFO] 
[Epoch 200/200] [Train Loss: -4.712608011046541] [Valid Loss: -0.2575525066256523] [Valid Lesion IOU: 0.13039499512431305]
[2023-02-13 17:34:08,210][train.py][line:171][INFO] end logging.
