[2023-04-22 02:23:04,393][train.py][line:75][INFO] start logging...
[2023-04-22 02:24:46,230][train.py][line:181][INFO] 
[Epoch 1/200] [Train Loss: 0.004906189627945423] [Train IoU: 0.027883419658938074] [Valid Loss: 0.993940740438411] [Valid Lesion IoU: 0.014345448917597385]
[2023-04-22 02:24:46,253][train.py][line:214][INFO] best epoch--1, val_loss--0.993940740438411, val_iou--0.014345448917597385
[2023-04-22 02:26:14,085][train.py][line:181][INFO] 
[Epoch 2/200] [Train Loss: 0.004728598054498434] [Train IoU: 0.0237833105541146] [Valid Loss: 0.9477468068238037] [Valid Lesion IoU: 0.007144177057205433]
[2023-04-22 02:26:14,127][train.py][line:214][INFO] best epoch--2, val_loss--0.9477468068238037, val_iou--0.007144177057205433
[2023-04-22 02:27:35,841][train.py][line:181][INFO] 
[Epoch 3/200] [Train Loss: 0.004571837838739157] [Train IoU: 0.029549706391739542] [Valid Loss: 0.9045520039286931] [Valid Lesion IoU: 0.018399645506177686]
[2023-04-22 02:27:35,882][train.py][line:214][INFO] best epoch--3, val_loss--0.9045520039286931, val_iou--0.018399645506177686
[2023-04-22 02:29:01,786][train.py][line:181][INFO] 
[Epoch 4/200] [Train Loss: 0.004529310390353203] [Train IoU: 0.017312407226833585] [Valid Loss: 0.8865774817904457] [Valid Lesion IoU: 0.01529165402993339]
[2023-04-22 02:29:01,829][train.py][line:214][INFO] best epoch--4, val_loss--0.8865774817904457, val_iou--0.01529165402993339
[2023-04-22 02:30:27,619][train.py][line:181][INFO] 
[Epoch 5/200] [Train Loss: 0.004411296918988228] [Train IoU: 0.031231248805374753] [Valid Loss: 0.8620625106047374] [Valid Lesion IoU: 0.028576635003925623]
[2023-04-22 02:30:27,660][train.py][line:214][INFO] best epoch--5, val_loss--0.8620625106047374, val_iou--0.028576635003925623
[2023-04-22 02:31:53,090][train.py][line:181][INFO] 
[Epoch 6/200] [Train Loss: 0.004269123543053865] [Train IoU: 0.03141632320203108] [Valid Loss: 0.8352878870186395] [Valid Lesion IoU: 0.022574604318340505]
[2023-04-22 02:31:53,125][train.py][line:214][INFO] best epoch--6, val_loss--0.8352878870186395, val_iou--0.022574604318340505
[2023-04-22 02:33:13,685][train.py][line:181][INFO] 
[Epoch 7/200] [Train Loss: 0.004217083565890789] [Train IoU: 0.03022373924643496] [Valid Loss: 0.8171394765671963] [Valid Lesion IoU: 0.01843312019452571]
[2023-04-22 02:33:13,721][train.py][line:214][INFO] best epoch--7, val_loss--0.8171394765671963, val_iou--0.01843312019452571
[2023-04-22 02:34:34,118][train.py][line:181][INFO] 
[Epoch 8/200] [Train Loss: 0.00415498623624444] [Train IoU: 0.03054136959507966] [Valid Loss: 0.811884313231567] [Valid Lesion IoU: 0.007987849710967401]
[2023-04-22 02:34:34,150][train.py][line:214][INFO] best epoch--8, val_loss--0.811884313231567, val_iou--0.007987849710967401
[2023-04-22 02:35:54,684][train.py][line:181][INFO] 
[Epoch 9/200] [Train Loss: 0.004101977683603764] [Train IoU: 0.029825164746417] [Valid Loss: 0.7981058456630369] [Valid Lesion IoU: 0.01843993943761708]
[2023-04-22 02:35:54,730][train.py][line:214][INFO] best epoch--9, val_loss--0.7981058456630369, val_iou--0.01843993943761708
[2023-04-22 02:37:15,418][train.py][line:181][INFO] 
[Epoch 10/200] [Train Loss: 0.004060862585902214] [Train IoU: 0.024493001125581882] [Valid Loss: 0.8052634886483429] [Valid Lesion IoU: 0.017673443645472384]
[2023-04-22 02:38:37,686][train.py][line:181][INFO] 
[Epoch 11/200] [Train Loss: 0.004020296037197113] [Train IoU: 0.034328950294101775] [Valid Loss: 0.8003022589408405] [Valid Lesion IoU: 0.021114213949198615]
[2023-04-22 02:40:03,502][train.py][line:181][INFO] 
[Epoch 12/200] [Train Loss: 0.003994898404926062] [Train IoU: 0.027445930560502218] [Valid Loss: 0.7933433329864056] [Valid Lesion IoU: 0.01255753796833378]
[2023-04-22 02:40:03,539][train.py][line:214][INFO] best epoch--12, val_loss--0.7933433329864056, val_iou--0.01255753796833378
[2023-04-22 02:41:29,583][train.py][line:181][INFO] 
[Epoch 13/200] [Train Loss: 0.003952601924538612] [Train IoU: 0.02819261167736811] [Valid Loss: 0.7848620247063809] [Valid Lesion IoU: 0.012857959284580146]
[2023-04-22 02:41:29,629][train.py][line:214][INFO] best epoch--13, val_loss--0.7848620247063809, val_iou--0.012857959284580146
[2023-04-22 02:42:55,893][train.py][line:181][INFO] 
[Epoch 14/200] [Train Loss: 0.003924084361642599] [Train IoU: 0.03405312201458128] [Valid Loss: 0.7731840242201967] [Valid Lesion IoU: 0.013614170329877082]
[2023-04-22 02:42:55,936][train.py][line:214][INFO] best epoch--14, val_loss--0.7731840242201967, val_iou--0.013614170329877082
[2023-04-22 02:44:16,722][train.py][line:181][INFO] 
[Epoch 15/200] [Train Loss: 0.003911401145160198] [Train IoU: 0.030215448141954943] [Valid Loss: 0.7709879152322537] [Valid Lesion IoU: 0.011968517635627597]
[2023-04-22 02:44:16,765][train.py][line:214][INFO] best epoch--15, val_loss--0.7709879152322537, val_iou--0.011968517635627597
[2023-04-22 02:45:40,693][train.py][line:181][INFO] 
[Epoch 16/200] [Train Loss: 0.00385729456320405] [Train IoU: 0.027659208101196393] [Valid Loss: 0.7633044300521336] [Valid Lesion IoU: 0.026584306590215722]
[2023-04-22 02:45:40,729][train.py][line:214][INFO] best epoch--16, val_loss--0.7633044300521336, val_iou--0.026584306590215722
[2023-04-22 02:47:06,787][train.py][line:181][INFO] 
[Epoch 17/200] [Train Loss: 0.0038441417273133993] [Train IoU: 0.02934155951412056] [Valid Loss: 0.7511548325193386] [Valid Lesion IoU: 0.02085082206995458]
[2023-04-22 02:47:06,818][train.py][line:214][INFO] best epoch--17, val_loss--0.7511548325193386, val_iou--0.02085082206995458
[2023-04-22 02:48:32,625][train.py][line:181][INFO] 
[Epoch 18/200] [Train Loss: 0.0038541117683053017] [Train IoU: 0.029493496670525903] [Valid Loss: 0.7497729990227768] [Valid Lesion IoU: 0.04104061925957998]
[2023-04-22 02:48:32,658][train.py][line:214][INFO] best epoch--18, val_loss--0.7497729990227768, val_iou--0.04104061925957998
[2023-04-22 02:49:55,752][train.py][line:181][INFO] 
[Epoch 19/200] [Train Loss: 0.0038369675166904926] [Train IoU: 0.028074067985965928] [Valid Loss: 0.7463730582561887] [Valid Lesion IoU: 0.021648898909089376]
[2023-04-22 02:49:55,789][train.py][line:214][INFO] best epoch--19, val_loss--0.7463730582561887, val_iou--0.021648898909089376
[2023-04-22 02:51:16,575][train.py][line:181][INFO] 
[Epoch 20/200] [Train Loss: 0.0038025088142603636] [Train IoU: 0.027353662894538985] [Valid Loss: 0.7425944947864143] [Valid Lesion IoU: 0.017697499016998207]
[2023-04-22 02:51:16,618][train.py][line:214][INFO] best epoch--20, val_loss--0.7425944947864143, val_iou--0.017697499016998207
[2023-04-22 02:52:37,900][train.py][line:181][INFO] 
[Epoch 21/200] [Train Loss: 0.0037883026525378227] [Train IoU: 0.030905191224629525] [Valid Loss: 0.7338083234527343] [Valid Lesion IoU: 0.037548824360312365]
[2023-04-22 02:52:37,964][train.py][line:214][INFO] best epoch--21, val_loss--0.7338083234527343, val_iou--0.037548824360312365
[2023-04-22 02:53:58,149][train.py][line:181][INFO] 
[Epoch 22/200] [Train Loss: 0.003778731217607856] [Train IoU: 0.024804733515610657] [Valid Loss: 0.7333493733470096] [Valid Lesion IoU: 0.010935161934867018]
[2023-04-22 02:53:58,185][train.py][line:214][INFO] best epoch--22, val_loss--0.7333493733470096, val_iou--0.010935161934867018
[2023-04-22 02:55:18,825][train.py][line:181][INFO] 
[Epoch 23/200] [Train Loss: 0.003775114892050624] [Train IoU: 0.02579519418424713] [Valid Loss: 0.7343304741996205] [Valid Lesion IoU: 0.015368469853804531]
[2023-04-22 02:56:38,985][train.py][line:181][INFO] 
[Epoch 24/200] [Train Loss: 0.003762429114431143] [Train IoU: 0.03364131838725363] [Valid Loss: 0.7319707909295297] [Valid Lesion IoU: 0.02933507783332367]
[2023-04-22 02:56:39,027][train.py][line:214][INFO] best epoch--24, val_loss--0.7319707909295297, val_iou--0.02933507783332367
[2023-04-22 02:57:59,633][train.py][line:181][INFO] 
[Epoch 25/200] [Train Loss: 0.003770299721509218] [Train IoU: 0.02996966767396812] [Valid Loss: 0.7284439498919043] [Valid Lesion IoU: 0.018527808305278455]
[2023-04-22 02:57:59,665][train.py][line:214][INFO] best epoch--25, val_loss--0.7284439498919043, val_iou--0.018527808305278455
[2023-04-22 02:59:19,437][train.py][line:181][INFO] 
[Epoch 26/200] [Train Loss: 0.003748629242181778] [Train IoU: 0.03491964845180077] [Valid Loss: 0.7282727860132582] [Valid Lesion IoU: 0.018371310030256546]
[2023-04-22 02:59:19,494][train.py][line:214][INFO] best epoch--26, val_loss--0.7282727860132582, val_iou--0.018371310030256546
[2023-04-22 03:00:39,388][train.py][line:181][INFO] 
[Epoch 27/200] [Train Loss: 0.003751652780920267] [Train IoU: 0.02818428096384196] [Valid Loss: 0.7285719355818583] [Valid Lesion IoU: 0.023163455508396234]
[2023-04-22 03:02:00,459][train.py][line:181][INFO] 
[Epoch 28/200] [Train Loss: 0.0037383618764579296] [Train IoU: 0.023358612613543158] [Valid Loss: 0.7219323886727701] [Valid Lesion IoU: 0.04367895949415036]
[2023-04-22 03:02:00,518][train.py][line:214][INFO] best epoch--28, val_loss--0.7219323886727701, val_iou--0.04367895949415036
[2023-04-22 03:03:20,812][train.py][line:181][INFO] 
[Epoch 29/200] [Train Loss: 0.003737757448107004] [Train IoU: 0.026644786175853294] [Valid Loss: 0.7226945022578729] [Valid Lesion IoU: 0.005943617602837754]
[2023-04-22 03:04:40,698][train.py][line:181][INFO] 
[Epoch 30/200] [Train Loss: 0.0037344424054026604] [Train IoU: 0.03247896611716363] [Valid Loss: 0.7199923042783727] [Valid Lesion IoU: 0.02521206686114716]
[2023-04-22 03:04:40,754][train.py][line:214][INFO] best epoch--30, val_loss--0.7199923042783727, val_iou--0.02521206686114716
[2023-04-22 03:06:01,703][train.py][line:181][INFO] 
[Epoch 31/200] [Train Loss: 0.0037365031894296408] [Train IoU: 0.02526952038861979] [Valid Loss: 0.7257733871667006] [Valid Lesion IoU: 0.007298498412185309]
[2023-04-22 03:07:23,297][train.py][line:181][INFO] 
[Epoch 32/200] [Train Loss: 0.003726222552359104] [Train IoU: 0.028307752997658416] [Valid Loss: 0.7214192749838791] [Valid Lesion IoU: 0.006603817598949465]
[2023-04-22 03:08:43,737][train.py][line:181][INFO] 
[Epoch 33/200] [Train Loss: 0.0037277047522366047] [Train IoU: 0.0335376392678683] [Valid Loss: 0.7200370334208613] [Valid Lesion IoU: 0.007933536316770176]
[2023-04-22 03:10:03,544][train.py][line:181][INFO] 
[Epoch 34/200] [Train Loss: 0.0037179046776145697] [Train IoU: 0.032713189647258716] [Valid Loss: 0.7210327287693266] [Valid Lesion IoU: 0.019143417689792695]
[2023-04-22 03:11:23,357][train.py][line:181][INFO] 
[Epoch 35/200] [Train Loss: 0.0037084135692566633] [Train IoU: 0.03931599988573722] [Valid Loss: 0.7177610896923095] [Valid Lesion IoU: 0.023781619243804054]
[2023-04-22 03:11:23,414][train.py][line:214][INFO] best epoch--35, val_loss--0.7177610896923095, val_iou--0.023781619243804054
[2023-04-22 03:12:44,016][train.py][line:181][INFO] 
[Epoch 36/200] [Train Loss: 0.003711217548698187] [Train IoU: 0.03418186917905395] [Valid Loss: 0.7188166469771385] [Valid Lesion IoU: 0.016118271472998207]
[2023-04-22 03:14:04,197][train.py][line:181][INFO] 
[Epoch 37/200] [Train Loss: 0.0037057739682495594] [Train IoU: 0.02356119649975269] [Valid Loss: 0.7195349053915804] [Valid Lesion IoU: 0.0125063426070186]
[2023-04-22 03:15:27,230][train.py][line:181][INFO] 
[Epoch 38/200] [Train Loss: 0.003701833775267005] [Train IoU: 0.02801984064081095] [Valid Loss: 0.716449455169374] [Valid Lesion IoU: 0.013569392717414577]
[2023-04-22 03:15:27,280][train.py][line:214][INFO] best epoch--38, val_loss--0.716449455169374, val_iou--0.013569392717414577
[2023-04-22 03:17:02,084][train.py][line:181][INFO] 
[Epoch 39/200] [Train Loss: 0.003705508541315794] [Train IoU: 0.023789537321758456] [Valid Loss: 0.7183383764288253] [Valid Lesion IoU: 0.0070703539040909485]
[2023-04-22 03:18:23,183][train.py][line:181][INFO] 
[Epoch 40/200] [Train Loss: 0.0036952595692127943] [Train IoU: 0.02449513079970381] [Valid Loss: 0.7156453554443578] [Valid Lesion IoU: 0.022483671844397125]
[2023-04-22 03:18:23,237][train.py][line:214][INFO] best epoch--40, val_loss--0.7156453554443578, val_iou--0.022483671844397125
[2023-04-22 03:19:44,451][train.py][line:181][INFO] 
[Epoch 41/200] [Train Loss: 0.0036927638575434685] [Train IoU: 0.02475642499327915] [Valid Loss: 0.7138853903625083] [Valid Lesion IoU: 0.029811767352687434]
[2023-04-22 03:19:44,500][train.py][line:214][INFO] best epoch--41, val_loss--0.7138853903625083, val_iou--0.029811767352687434
[2023-04-22 03:21:05,394][train.py][line:181][INFO] 
[Epoch 42/200] [Train Loss: 0.003690167097374797] [Train IoU: 0.027320937617725666] [Valid Loss: 0.7134303175319171] [Valid Lesion IoU: 0.032186706916837504]
[2023-04-22 03:21:05,471][train.py][line:214][INFO] best epoch--42, val_loss--0.7134303175319171, val_iou--0.032186706916837504
[2023-04-22 03:22:26,094][train.py][line:181][INFO] 
[Epoch 43/200] [Train Loss: 0.003693902399390936] [Train IoU: 0.02668968581203794] [Valid Loss: 0.7165134811037327] [Valid Lesion IoU: 0.012920550241883903]
[2023-04-22 03:23:46,575][train.py][line:181][INFO] 
[Epoch 44/200] [Train Loss: 0.0036872958298772573] [Train IoU: 0.029731627624016797] [Valid Loss: 0.7129478622984364] [Valid Lesion IoU: 0.012781161666134013]
[2023-04-22 03:23:46,630][train.py][line:214][INFO] best epoch--44, val_loss--0.7129478622984364, val_iou--0.012781161666134013
[2023-04-22 03:25:07,926][train.py][line:181][INFO] 
[Epoch 45/200] [Train Loss: 0.003688258584588766] [Train IoU: 0.02679224362510101] [Valid Loss: 0.713461703191606] [Valid Lesion IoU: 0.007871402859567691]
[2023-04-22 03:26:27,751][train.py][line:181][INFO] 
[Epoch 46/200] [Train Loss: 0.00368624459952116] [Train IoU: 0.03488964077846016] [Valid Loss: 0.713047111852223] [Valid Lesion IoU: 0.03086015871384862]
[2023-04-22 03:27:47,585][train.py][line:181][INFO] 
[Epoch 47/200] [Train Loss: 0.003682236885651946] [Train IoU: 0.03209159830161159] [Valid Loss: 0.7104440114601555] [Valid Lesion IoU: 0.022455780849698112]
[2023-04-22 03:27:47,647][train.py][line:214][INFO] best epoch--47, val_loss--0.7104440114601555, val_iou--0.022455780849698112
[2023-04-22 03:29:08,384][train.py][line:181][INFO] 
[Epoch 48/200] [Train Loss: 0.003682210110127926] [Train IoU: 0.02934537100506189] [Valid Loss: 0.7125489411998569] [Valid Lesion IoU: 0.02521924964860175]
[2023-04-22 03:30:29,474][train.py][line:181][INFO] 
[Epoch 49/200] [Train Loss: 0.003685429459437728] [Train IoU: 0.029254995886460727] [Valid Loss: 0.7108232503801507] [Valid Lesion IoU: 0.02411730407449814]
[2023-04-22 03:31:49,260][train.py][line:181][INFO] 
[Epoch 50/200] [Train Loss: 0.0036913123913109303] [Train IoU: 0.027243428180704868] [Valid Loss: 0.7105570578457385] [Valid Lesion IoU: 0.01766682879898107]
[2023-04-22 03:33:09,290][train.py][line:181][INFO] 
[Epoch 51/200] [Train Loss: 0.0036804478149861097] [Train IoU: 0.03152282674007737] [Valid Loss: 0.7105191779377977] [Valid Lesion IoU: 0.014220473633258101]
[2023-04-22 03:34:28,605][train.py][line:181][INFO] 
[Epoch 52/200] [Train Loss: 0.0036843474954366684] [Train IoU: 0.025251175056631287] [Valid Loss: 0.7089312341122787] [Valid Lesion IoU: 0.010203440394933155]
[2023-04-22 03:34:28,655][train.py][line:214][INFO] best epoch--52, val_loss--0.7089312341122787, val_iou--0.010203440394933155
[2023-04-22 03:35:48,412][train.py][line:181][INFO] 
[Epoch 53/200] [Train Loss: 0.003679555607959628] [Train IoU: 0.02970028819989139] [Valid Loss: 0.7090617427490482] [Valid Lesion IoU: 0.01250389043568107]
[2023-04-22 03:37:07,945][train.py][line:181][INFO] 
[Epoch 54/200] [Train Loss: 0.0036777262575924397] [Train IoU: 0.02690471741223105] [Valid Loss: 0.7093618016194523] [Valid Lesion IoU: 0.013820416679076485]
[2023-04-22 03:38:28,850][train.py][line:181][INFO] 
[Epoch 55/200] [Train Loss: 0.003674916923046112] [Train IoU: 0.026347017913745486] [Valid Loss: 0.7065069236882118] [Valid Lesion IoU: 0.013186456580984563]
[2023-04-22 03:38:28,905][train.py][line:214][INFO] best epoch--55, val_loss--0.7065069236882118, val_iou--0.013186456580984563
[2023-04-22 03:39:48,606][train.py][line:181][INFO] 
[Epoch 56/200] [Train Loss: 0.0036704482045024633] [Train IoU: 0.028066517973853275] [Valid Loss: 0.7059514989082648] [Valid Lesion IoU: 0.028917308399276885]
[2023-04-22 03:39:48,659][train.py][line:214][INFO] best epoch--56, val_loss--0.7059514989082648, val_iou--0.028917308399276885
[2023-04-22 03:41:08,390][train.py][line:181][INFO] 
[Epoch 57/200] [Train Loss: 0.00367147708311677] [Train IoU: 0.03619765474929345] [Valid Loss: 0.7066765009722197] [Valid Lesion IoU: 0.017121555403895976]
[2023-04-22 03:42:28,145][train.py][line:181][INFO] 
[Epoch 58/200] [Train Loss: 0.003674818202853203] [Train IoU: 0.02886396533705951] [Valid Loss: 0.7079666002034355] [Valid Lesion IoU: 0.007287382196222841]
[2023-04-22 03:43:47,970][train.py][line:181][INFO] 
[Epoch 59/200] [Train Loss: 0.003668753197416663] [Train IoU: 0.02971372405771484] [Valid Loss: 0.7061436098051126] [Valid Lesion IoU: 0.017370758921086915]
[2023-04-22 03:45:07,756][train.py][line:181][INFO] 
[Epoch 60/200] [Train Loss: 0.0036719460040330887] [Train IoU: 0.03179835859366641] [Valid Loss: 0.7053746779630334] [Valid Lesion IoU: 0.026327041037148932]
[2023-04-22 03:45:07,814][train.py][line:214][INFO] best epoch--60, val_loss--0.7053746779630334, val_iou--0.026327041037148932
[2023-04-22 03:46:28,051][train.py][line:181][INFO] 
[Epoch 61/200] [Train Loss: 0.00366618181578815] [Train IoU: 0.027443908971107645] [Valid Loss: 0.7056378224094927] [Valid Lesion IoU: 0.017985527305586113]
[2023-04-22 03:47:47,881][train.py][line:181][INFO] 
[Epoch 62/200] [Train Loss: 0.003664202755317092] [Train IoU: 0.030450865683163433] [Valid Loss: 0.7051151060654957] [Valid Lesion IoU: 0.023030969824932235]
[2023-04-22 03:47:47,932][train.py][line:214][INFO] best epoch--62, val_loss--0.7051151060654957, val_iou--0.023030969824932235
[2023-04-22 03:49:08,077][train.py][line:181][INFO] 
[Epoch 63/200] [Train Loss: 0.0036751588340848684] [Train IoU: 0.03040571822157852] [Valid Loss: 0.7056106912723772] [Valid Lesion IoU: 0.022501321602180685]
[2023-04-22 03:50:27,905][train.py][line:181][INFO] 
[Epoch 64/200] [Train Loss: 0.003662465140223503] [Train IoU: 0.029134510967286694] [Valid Loss: 0.7041147906720653] [Valid Lesion IoU: 0.020250881628675235]
[2023-04-22 03:50:27,956][train.py][line:214][INFO] best epoch--64, val_loss--0.7041147906720653, val_iou--0.020250881628675235
[2023-04-22 03:51:47,933][train.py][line:181][INFO] 
[Epoch 65/200] [Train Loss: 0.003667878918349743] [Train IoU: 0.027058020326328886] [Valid Loss: 0.7054182982458891] [Valid Lesion IoU: 0.017848237348015602]
[2023-04-22 03:53:07,809][train.py][line:181][INFO] 
[Epoch 66/200] [Train Loss: 0.003661361988633871] [Train IoU: 0.029464371972707227] [Valid Loss: 0.7030422976772752] [Valid Lesion IoU: 0.022768205467215155]
[2023-04-22 03:53:07,859][train.py][line:214][INFO] best epoch--66, val_loss--0.7030422976772752, val_iou--0.022768205467215155
[2023-04-22 03:54:27,803][train.py][line:181][INFO] 
[Epoch 67/200] [Train Loss: 0.0036583738401532173] [Train IoU: 0.028148640133525433] [Valid Loss: 0.7042506318206385] [Valid Lesion IoU: 0.010904614534405877]
[2023-04-22 03:55:47,489][train.py][line:181][INFO] 
[Epoch 68/200] [Train Loss: 0.0036603163462132215] [Train IoU: 0.03552031263625705] [Valid Loss: 0.7037948566468912] [Valid Lesion IoU: 0.0058294720438047815]
[2023-04-22 03:57:07,264][train.py][line:181][INFO] 
[Epoch 69/200] [Train Loss: 0.0036574318073689938] [Train IoU: 0.032257649504653575] [Valid Loss: 0.7039036794310838] [Valid Lesion IoU: 0.00865401464493939]
[2023-04-22 03:58:26,913][train.py][line:181][INFO] 
[Epoch 70/200] [Train Loss: 0.0036597640719264746] [Train IoU: 0.027517669504709977] [Valid Loss: 0.7032497238131449] [Valid Lesion IoU: 0.01102059595010457]
[2023-04-22 03:59:46,695][train.py][line:181][INFO] 
[Epoch 71/200] [Train Loss: 0.003663887968286872] [Train IoU: 0.029552980113326327] [Valid Loss: 0.7023612314878361] [Valid Lesion IoU: 0.033767147616826185]
[2023-04-22 03:59:46,751][train.py][line:214][INFO] best epoch--71, val_loss--0.7023612314878361, val_iou--0.033767147616826185
[2023-04-22 04:01:06,984][train.py][line:181][INFO] 
[Epoch 72/200] [Train Loss: 0.003660209011286497] [Train IoU: 0.029124797223990157] [Valid Loss: 0.7035098423573133] [Valid Lesion IoU: 0.030112520464818923]
[2023-04-22 04:02:26,752][train.py][line:181][INFO] 
[Epoch 73/200] [Train Loss: 0.0036622676998376846] [Train IoU: 0.023138948444261984] [Valid Loss: 0.7033384318876537] [Valid Lesion IoU: 0.018188660835063538]
[2023-04-22 04:03:46,565][train.py][line:181][INFO] 
[Epoch 74/200] [Train Loss: 0.0036601682659238577] [Train IoU: 0.02871663434123189] [Valid Loss: 0.7028124860514314] [Valid Lesion IoU: 0.022662030794651063]
[2023-04-22 04:05:06,396][train.py][line:181][INFO] 
[Epoch 75/200] [Train Loss: 0.0036593046970665455] [Train IoU: 0.03320036357164506] [Valid Loss: 0.7029755815451911] [Valid Lesion IoU: 0.01631771462641746]
[2023-04-22 04:06:26,113][train.py][line:181][INFO] 
[Epoch 76/200] [Train Loss: 0.003659278154373169] [Train IoU: 0.030781746613023825] [Valid Loss: 0.702525650522936] [Valid Lesion IoU: 0.023409751871925615]
[2023-04-22 04:07:46,377][train.py][line:181][INFO] 
[Epoch 77/200] [Train Loss: 0.0036620255559682846] [Train IoU: 0.02114177617788916] [Valid Loss: 0.7018256309434461] [Valid Lesion IoU: 0.0065349174404062274]
[2023-04-22 04:07:46,433][train.py][line:214][INFO] best epoch--77, val_loss--0.7018256309434461, val_iou--0.0065349174404062274
[2023-04-22 04:09:06,373][train.py][line:181][INFO] 
[Epoch 78/200] [Train Loss: 0.003657504916191101] [Train IoU: 0.03244076659235629] [Valid Loss: 0.7010092292531772] [Valid Lesion IoU: 0.011922894326487226]
[2023-04-22 04:09:06,437][train.py][line:214][INFO] best epoch--78, val_loss--0.7010092292531772, val_iou--0.011922894326487226
[2023-04-22 04:10:26,451][train.py][line:181][INFO] 
[Epoch 79/200] [Train Loss: 0.0036544958129525185] [Train IoU: 0.028666023030258073] [Valid Loss: 0.702254725196514] [Valid Lesion IoU: 0.007507516427085849]
[2023-04-22 04:11:46,257][train.py][line:181][INFO] 
[Epoch 80/200] [Train Loss: 0.00365358404815197] [Train IoU: 0.036732466307003546] [Valid Loss: 0.7020438448620189] [Valid Lesion IoU: 0.02214391711622805]
[2023-04-22 04:13:06,235][train.py][line:181][INFO] 
[Epoch 81/200] [Train Loss: 0.003661171533167362] [Train IoU: 0.03762164812294439] [Valid Loss: 0.7007879992798431] [Valid Lesion IoU: 0.030103825826093892]
[2023-04-22 04:13:06,285][train.py][line:214][INFO] best epoch--81, val_loss--0.7007879992798431, val_iou--0.030103825826093892
[2023-04-22 04:14:26,275][train.py][line:181][INFO] 
[Epoch 82/200] [Train Loss: 0.0036546671763062477] [Train IoU: 0.033437277052812915] [Valid Loss: 0.7036951678870174] [Valid Lesion IoU: 0.002195675219736719]
[2023-04-22 04:15:46,053][train.py][line:181][INFO] 
[Epoch 83/200] [Train Loss: 0.0036573498509824276] [Train IoU: 0.026911574124269685] [Valid Loss: 0.7042878257962184] [Valid Lesion IoU: 0.01297131690844277]
[2023-04-22 04:17:05,835][train.py][line:181][INFO] 
[Epoch 84/200] [Train Loss: 0.0036591519601643085] [Train IoU: 0.024150434927855447] [Valid Loss: 0.7038464442554323] [Valid Lesion IoU: 0.024953568081960326]
[2023-04-22 04:18:25,642][train.py][line:181][INFO] 
[Epoch 85/200] [Train Loss: 0.003665420925244689] [Train IoU: 0.02873960321576574] [Valid Loss: 0.70427947776306] [Valid Lesion IoU: 0.006693303378099773]
[2023-04-22 04:19:45,335][train.py][line:181][INFO] 
[Epoch 86/200] [Train Loss: 0.0036669475957751274] [Train IoU: 0.0227723291818179] [Valid Loss: 0.7038631514584328] [Valid Lesion IoU: 0.017212152870399813]
[2023-04-22 04:21:05,167][train.py][line:181][INFO] 
[Epoch 87/200] [Train Loss: 0.0036590751260519028] [Train IoU: 0.02994109472185438] [Valid Loss: 0.7022630152791559] [Valid Lesion IoU: 0.016181611509768414]
[2023-04-22 04:22:25,032][train.py][line:181][INFO] 
[Epoch 88/200] [Train Loss: 0.003654496744275093] [Train IoU: 0.029975283461012702] [Valid Loss: 0.702387759598505] [Valid Lesion IoU: 0.017539153736438808]
[2023-04-22 04:23:44,990][train.py][line:181][INFO] 
[Epoch 89/200] [Train Loss: 0.0036531188525259495] [Train IoU: 0.03777421673663867] [Valid Loss: 0.7016021457493541] [Valid Lesion IoU: 0.011701222165182278]
[2023-04-22 04:25:04,477][train.py][line:181][INFO] 
[Epoch 90/200] [Train Loss: 0.0036580159794539213] [Train IoU: 0.02448552383598263] [Valid Loss: 0.702098846651946] [Valid Lesion IoU: 0.01284479515452706]
[2023-04-22 04:26:24,168][train.py][line:181][INFO] 
[Epoch 91/200] [Train Loss: 0.0036573377437889576] [Train IoU: 0.027722699295681903] [Valid Loss: 0.7015509887704926] [Valid Lesion IoU: 0.016448110814397357]
[2023-04-22 04:27:43,586][train.py][line:181][INFO] 
[Epoch 92/200] [Train Loss: 0.003655517939478159] [Train IoU: 0.02495036388443284] [Valid Loss: 0.7014440779851369] [Valid Lesion IoU: 0.01627027832037033]
[2023-04-22 04:29:02,934][train.py][line:181][INFO] 
[Epoch 93/200] [Train Loss: 0.0036498799454420805] [Train IoU: 0.037637456368920776] [Valid Loss: 0.7006735338585167] [Valid Lesion IoU: 0.0129155096727339]
[2023-04-22 04:29:02,991][train.py][line:214][INFO] best epoch--93, val_loss--0.7006735338585167, val_iou--0.0129155096727339
[2023-04-22 04:30:22,560][train.py][line:181][INFO] 
[Epoch 94/200] [Train Loss: 0.0036523286253213882] [Train IoU: 0.017237866484404778] [Valid Loss: 0.7017547428819458] [Valid Lesion IoU: 0.02324417760500695]
[2023-04-22 04:31:41,831][train.py][line:181][INFO] 
[Epoch 95/200] [Train Loss: 0.00364652625285089] [Train IoU: 0.030573290444640782] [Valid Loss: 0.7000978474668575] [Valid Lesion IoU: 0.02271195933728029]
[2023-04-22 04:31:41,883][train.py][line:214][INFO] best epoch--95, val_loss--0.7000978474668575, val_iou--0.02271195933728029
[2023-04-22 04:33:01,406][train.py][line:181][INFO] 
[Epoch 96/200] [Train Loss: 0.003652293933555484] [Train IoU: 0.02894939862727351] [Valid Loss: 0.7013215782887953] [Valid Lesion IoU: 0.012243707810222246]
[2023-04-22 04:34:20,756][train.py][line:181][INFO] 
[Epoch 97/200] [Train Loss: 0.0036446170415729284] [Train IoU: 0.029300014823730663] [Valid Loss: 0.700981161200134] [Valid Lesion IoU: 0.011466097733967798]
[2023-04-22 04:35:40,088][train.py][line:181][INFO] 
[Epoch 98/200] [Train Loss: 0.003650813363492489] [Train IoU: 0.030790871124346916] [Valid Loss: 0.7010406004215838] [Valid Lesion IoU: 0.014010417066094561]
[2023-04-22 04:36:59,410][train.py][line:181][INFO] 
[Epoch 99/200] [Train Loss: 0.003647878300398588] [Train IoU: 0.030039624776813278] [Valid Loss: 0.700370231446174] [Valid Lesion IoU: 0.012049772903561743]
[2023-04-22 04:38:18,695][train.py][line:181][INFO] 
[Epoch 100/200] [Train Loss: 0.0036501416470855474] [Train IoU: 0.027148870013233337] [Valid Loss: 0.7002606775045327] [Valid Lesion IoU: 0.013350309219934766]
[2023-04-22 04:39:38,071][train.py][line:181][INFO] 
[Epoch 101/200] [Train Loss: 0.0036484382580965757] [Train IoU: 0.028100354175238523] [Valid Loss: 0.6999707129023833] [Valid Lesion IoU: 0.019750130738135165]
[2023-04-22 04:39:38,124][train.py][line:214][INFO] best epoch--101, val_loss--0.6999707129023833, val_iou--0.019750130738135165
[2023-04-22 04:40:58,222][train.py][line:181][INFO] 
[Epoch 102/200] [Train Loss: 0.0036452519707381725] [Train IoU: 0.031290185488288] [Valid Loss: 0.7002621775779819] [Valid Lesion IoU: 0.007444619762736841]
[2023-04-22 04:42:17,465][train.py][line:181][INFO] 
[Epoch 103/200] [Train Loss: 0.0036442228592932224] [Train IoU: 0.02217751519384342] [Valid Loss: 0.6989499805581545] [Valid Lesion IoU: 0.025359439327781858]
[2023-04-22 04:42:17,517][train.py][line:214][INFO] best epoch--103, val_loss--0.6989499805581545, val_iou--0.025359439327781858
[2023-04-22 04:43:36,830][train.py][line:181][INFO] 
[Epoch 104/200] [Train Loss: 0.003642341587692499] [Train IoU: 0.02555475579693035] [Valid Loss: 0.6989145800976561] [Valid Lesion IoU: 0.00742834989693437]
[2023-04-22 04:43:36,879][train.py][line:214][INFO] best epoch--104, val_loss--0.6989145800976561, val_iou--0.00742834989693437
[2023-04-22 04:44:56,318][train.py][line:181][INFO] 
[Epoch 105/200] [Train Loss: 0.0036501658614724874] [Train IoU: 0.030739477716834995] [Valid Loss: 0.6996414840535726] [Valid Lesion IoU: 0.010404245567848656]
[2023-04-22 04:46:15,613][train.py][line:181][INFO] 
[Epoch 106/200] [Train Loss: 0.0036432871129363775] [Train IoU: 0.02905766146664732] [Valid Loss: 0.6993214383998323] [Valid Lesion IoU: 0.024797139654896404]
[2023-04-22 04:47:34,822][train.py][line:181][INFO] 
[Epoch 107/200] [Train Loss: 0.0036438764072954655] [Train IoU: 0.0254589566390972] [Valid Loss: 0.7003307935810851] [Valid Lesion IoU: 0.01676179013471866]
[2023-04-22 04:48:54,128][train.py][line:181][INFO] 
[Epoch 108/200] [Train Loss: 0.00364605151116848] [Train IoU: 0.030817703068656107] [Valid Loss: 0.6992851904263565] [Valid Lesion IoU: 0.012407998862181201]
[2023-04-22 04:50:13,322][train.py][line:181][INFO] 
[Epoch 109/200] [Train Loss: 0.003642503172159195] [Train IoU: 0.027990790235763213] [Valid Loss: 0.6996046120890181] [Valid Lesion IoU: 0.02781034209567201]
[2023-04-22 04:51:32,708][train.py][line:181][INFO] 
[Epoch 110/200] [Train Loss: 0.003642868250608444] [Train IoU: 0.024163360017301003] [Valid Loss: 0.6996948640434312] [Valid Lesion IoU: 0.013238064375162078]
[2023-04-22 04:52:52,476][train.py][line:181][INFO] 
[Epoch 111/200] [Train Loss: 0.003642741357907653] [Train IoU: 0.029212301856567983] [Valid Loss: 0.6995133635973828] [Valid Lesion IoU: 0.012568989161859908]
[2023-04-22 04:54:11,625][train.py][line:181][INFO] 
[Epoch 112/200] [Train Loss: 0.0036391110625118017] [Train IoU: 0.023053442953758486] [Valid Loss: 0.6993915659808105] [Valid Lesion IoU: 0.011623520428786664]
[2023-04-22 04:55:30,992][train.py][line:181][INFO] 
[Epoch 113/200] [Train Loss: 0.0036366749554872513] [Train IoU: 0.024135006035213902] [Valid Loss: 0.6988346981112106] [Valid Lesion IoU: 0.022484769318058272]
[2023-04-22 04:55:31,044][train.py][line:214][INFO] best epoch--113, val_loss--0.6988346981112106, val_iou--0.022484769318058272
[2023-04-22 04:56:50,707][train.py][line:181][INFO] 
[Epoch 114/200] [Train Loss: 0.0036393986083567142] [Train IoU: 0.03130226157872978] [Valid Loss: 0.6989141883059499] [Valid Lesion IoU: 0.01127094214463478]
[2023-04-22 04:58:10,021][train.py][line:181][INFO] 
[Epoch 115/200] [Train Loss: 0.00363825261592865] [Train IoU: 0.02700429308125639] [Valid Loss: 0.6985896936468543] [Valid Lesion IoU: 0.01289995445169277]
[2023-04-22 04:58:10,077][train.py][line:214][INFO] best epoch--115, val_loss--0.6985896936468543, val_iou--0.01289995445169277
[2023-04-22 04:59:29,680][train.py][line:181][INFO] 
[Epoch 116/200] [Train Loss: 0.003635433968156576] [Train IoU: 0.02709619301252289] [Valid Loss: 0.6982873264741526] [Valid Lesion IoU: 0.01762094750174697]
[2023-04-22 04:59:29,731][train.py][line:214][INFO] best epoch--116, val_loss--0.6982873264741526, val_iou--0.01762094750174697
[2023-04-22 05:00:49,275][train.py][line:181][INFO] 
[Epoch 117/200] [Train Loss: 0.003641791408881545] [Train IoU: 0.0258502349384928] [Valid Loss: 0.6981051161604561] [Valid Lesion IoU: 0.02016270692368866]
[2023-04-22 05:00:49,327][train.py][line:214][INFO] best epoch--117, val_loss--0.6981051161604561, val_iou--0.02016270692368866
[2023-04-22 05:02:08,940][train.py][line:181][INFO] 
[Epoch 118/200] [Train Loss: 0.0036378582008183002] [Train IoU: 0.03058586100622776] [Valid Loss: 0.6979122895946026] [Valid Lesion IoU: 0.011283339054698966]
[2023-04-22 05:02:08,998][train.py][line:214][INFO] best epoch--118, val_loss--0.6979122895946026, val_iou--0.011283339054698966
[2023-04-22 05:03:28,745][train.py][line:181][INFO] 
[Epoch 119/200] [Train Loss: 0.00364506128244102] [Train IoU: 0.023128230177205916] [Valid Loss: 0.6981790787233998] [Valid Lesion IoU: 0.017126060238713523]
[2023-04-22 05:04:48,113][train.py][line:181][INFO] 
[Epoch 120/200] [Train Loss: 0.003633820451796055] [Train IoU: 0.029298244875331836] [Valid Loss: 0.6979646495482908] [Valid Lesion IoU: 0.010480286708730887]
[2023-04-22 05:06:07,559][train.py][line:181][INFO] 
[Epoch 121/200] [Train Loss: 0.0036328788846731186] [Train IoU: 0.02803340460678394] [Valid Loss: 0.6977700683412028] [Valid Lesion IoU: 0.015577591009422432]
[2023-04-22 05:06:07,614][train.py][line:214][INFO] best epoch--121, val_loss--0.6977700683412028, val_iou--0.015577591009422432
[2023-04-22 05:07:27,466][train.py][line:181][INFO] 
[Epoch 122/200] [Train Loss: 0.003633490763604641] [Train IoU: 0.029314019295402834] [Valid Loss: 0.697703855098166] [Valid Lesion IoU: 0.017380801993125253]
[2023-04-22 05:07:27,526][train.py][line:214][INFO] best epoch--122, val_loss--0.697703855098166, val_iou--0.017380801993125253
[2023-04-22 05:08:47,063][train.py][line:181][INFO] 
[Epoch 123/200] [Train Loss: 0.0036387378349900246] [Train IoU: 0.03169239898484989] [Valid Loss: 0.6977082701446155] [Valid Lesion IoU: 0.021769988246427133]
[2023-04-22 05:10:06,252][train.py][line:181][INFO] 
[Epoch 124/200] [Train Loss: 0.0036328239366412163] [Train IoU: 0.03055256420610636] [Valid Loss: 0.6978119261912403] [Valid Lesion IoU: 0.028262005279997168]
[2023-04-22 05:11:26,525][train.py][line:181][INFO] 
[Epoch 125/200] [Train Loss: 0.003635725472122431] [Train IoU: 0.026190063159370877] [Valid Loss: 0.6978877979999409] [Valid Lesion IoU: 0.00752837799254421]
[2023-04-22 05:12:45,761][train.py][line:181][INFO] 
[Epoch 126/200] [Train Loss: 0.0036302744410932064] [Train IoU: 0.03386013564719176] [Valid Loss: 0.6968389858609074] [Valid Lesion IoU: 0.031404099001497494]
[2023-04-22 05:12:45,812][train.py][line:214][INFO] best epoch--126, val_loss--0.6968389858609074, val_iou--0.031404099001497494
[2023-04-22 05:14:05,787][train.py][line:181][INFO] 
[Epoch 127/200] [Train Loss: 0.0036330376751720905] [Train IoU: 0.032147549696582275] [Valid Loss: 0.6970781834436699] [Valid Lesion IoU: 0.016398819383133808]
[2023-04-22 05:15:27,337][train.py][line:181][INFO] 
[Epoch 128/200] [Train Loss: 0.003634112421423197] [Train IoU: 0.02232529834698585] [Valid Loss: 0.6972022955215077] [Valid Lesion IoU: 0.021520939036407134]
[2023-04-22 05:17:01,330][train.py][line:181][INFO] 
[Epoch 129/200] [Train Loss: 0.003629145212471485] [Train IoU: 0.02210613578660427] [Valid Loss: 0.6969256421970204] [Valid Lesion IoU: 0.024357585181191164]
[2023-04-22 05:18:20,886][train.py][line:181][INFO] 
[Epoch 130/200] [Train Loss: 0.0036355038173496723] [Train IoU: 0.02447144235766165] [Valid Loss: 0.6969497879207331] [Valid Lesion IoU: 0.012000852603263827]
[2023-04-22 05:19:40,616][train.py][line:181][INFO] 
[Epoch 131/200] [Train Loss: 0.0036348896101117134] [Train IoU: 0.029938175691421164] [Valid Loss: 0.6969302820601918] [Valid Lesion IoU: 0.01160173780354427]
[2023-04-22 05:21:00,166][train.py][line:181][INFO] 
[Epoch 132/200] [Train Loss: 0.003634804394096136] [Train IoU: 0.024848575505662957] [Valid Loss: 0.6970318855436138] [Valid Lesion IoU: 0.02039982497924979]
[2023-04-22 05:22:20,093][train.py][line:181][INFO] 
[Epoch 133/200] [Train Loss: 0.0036285431124269962] [Train IoU: 0.034112859059792125] [Valid Loss: 0.6970179970972307] [Valid Lesion IoU: 0.010700877315196483]
[2023-04-22 05:23:39,863][train.py][line:181][INFO] 
[Epoch 134/200] [Train Loss: 0.0036357371136546135] [Train IoU: 0.025090091171122427] [Valid Loss: 0.6969414199157836] [Valid Lesion IoU: 0.02856174093251249]
[2023-04-22 05:24:59,413][train.py][line:181][INFO] 
[Epoch 135/200] [Train Loss: 0.003629951272159815] [Train IoU: 0.025771228916744996] [Valid Loss: 0.697180098175204] [Valid Lesion IoU: 0.025980542543679864]
[2023-04-22 05:26:19,195][train.py][line:181][INFO] 
[Epoch 136/200] [Train Loss: 0.003631928702816367] [Train IoU: 0.01757611958411266] [Valid Loss: 0.6967307613634087] [Valid Lesion IoU: 0.02093674953883309]
[2023-04-22 05:26:19,247][train.py][line:214][INFO] best epoch--136, val_loss--0.6967307613634087, val_iou--0.02093674953883309
[2023-04-22 05:27:39,154][train.py][line:181][INFO] 
[Epoch 137/200] [Train Loss: 0.003632595296949148] [Train IoU: 0.022440133708143285] [Valid Loss: 0.6966257562983235] [Valid Lesion IoU: 0.011802506620860421]
[2023-04-22 05:27:39,210][train.py][line:214][INFO] best epoch--137, val_loss--0.6966257562983235, val_iou--0.011802506620860421
[2023-04-22 05:28:59,073][train.py][line:181][INFO] 
[Epoch 138/200] [Train Loss: 0.003631975268945098] [Train IoU: 0.026409351018063496] [Valid Loss: 0.6971683160216647] [Valid Lesion IoU: 0.009134117220311011]
[2023-04-22 05:30:18,661][train.py][line:181][INFO] 
[Epoch 139/200] [Train Loss: 0.0036326535046100616] [Train IoU: 0.023686238328591385] [Valid Loss: 0.6981152802034634] [Valid Lesion IoU: 0.011193468861868653]
[2023-04-22 05:31:38,098][train.py][line:181][INFO] 
[Epoch 140/200] [Train Loss: 0.0036374079063534737] [Train IoU: 0.02536666242556242] [Valid Loss: 0.6976175126217034] [Valid Lesion IoU: 0.02308804219715002]
[2023-04-22 05:32:57,783][train.py][line:181][INFO] 
[Epoch 141/200] [Train Loss: 0.0036348365247249603] [Train IoU: 0.02386368084143146] [Valid Loss: 0.6972516855216084] [Valid Lesion IoU: 0.01613386537186515]
[2023-04-22 05:34:17,336][train.py][line:181][INFO] 
[Epoch 142/200] [Train Loss: 0.0036349142901599407] [Train IoU: 0.02378011711451011] [Valid Loss: 0.6973738257669485] [Valid Lesion IoU: 0.014363823038854081]
[2023-04-22 05:35:37,974][train.py][line:181][INFO] 
[Epoch 143/200] [Train Loss: 0.003634209278970957] [Train IoU: 0.022910371265219387] [Valid Loss: 0.6968179308853011] [Valid Lesion IoU: 0.006808546334551514]
[2023-04-22 05:37:10,937][train.py][line:181][INFO] 
[Epoch 144/200] [Train Loss: 0.003630267223343253] [Train IoU: 0.02428339108459175] [Valid Loss: 0.6965950831618435] [Valid Lesion IoU: 0.021280508022718428]
[2023-04-22 05:37:10,992][train.py][line:214][INFO] best epoch--144, val_loss--0.6965950831618435, val_iou--0.021280508022718428
[2023-04-22 05:38:30,969][train.py][line:181][INFO] 
[Epoch 145/200] [Train Loss: 0.0036313054151833057] [Train IoU: 0.02896671527798111] [Valid Loss: 0.6968916993965013] [Valid Lesion IoU: 0.007157546850339577]
[2023-04-22 05:39:50,649][train.py][line:181][INFO] 
[Epoch 146/200] [Train Loss: 0.003632498439401388] [Train IoU: 0.022218307190349756] [Valid Loss: 0.6963622071936045] [Valid Lesion IoU: 0.013692826574814184]
[2023-04-22 05:39:50,702][train.py][line:214][INFO] best epoch--146, val_loss--0.6963622071936045, val_iou--0.013692826574814184
[2023-04-22 05:41:10,699][train.py][line:181][INFO] 
[Epoch 147/200] [Train Loss: 0.0036273179575800896] [Train IoU: 0.0270452469335823] [Valid Loss: 0.6963356812905325] [Valid Lesion IoU: 0.018808261785693666]
[2023-04-22 05:41:10,756][train.py][line:214][INFO] best epoch--147, val_loss--0.6963356812905325, val_iou--0.018808261785693666
[2023-04-22 05:42:30,570][train.py][line:181][INFO] 
[Epoch 148/200] [Train Loss: 0.003633551299571991] [Train IoU: 0.026493755616357084] [Valid Loss: 0.6965738031898415] [Valid Lesion IoU: 0.014925691497702296]
[2023-04-22 05:43:50,143][train.py][line:181][INFO] 
[Epoch 149/200] [Train Loss: 0.0036393494810909033] [Train IoU: 0.028675824491471467] [Valid Loss: 0.6968770498217661] [Valid Lesion IoU: 0.02163295999520497]
[2023-04-22 05:45:09,798][train.py][line:181][INFO] 
[Epoch 150/200] [Train Loss: 0.0036310867872089148] [Train IoU: 0.020633236412911992] [Valid Loss: 0.6962745136958589] [Valid Lesion IoU: 0.008836193360429446]
[2023-04-22 05:45:09,854][train.py][line:214][INFO] best epoch--150, val_loss--0.6962745136958589, val_iou--0.008836193360429446
[2023-04-22 05:46:31,344][train.py][line:181][INFO] 
[Epoch 151/200] [Train Loss: 0.003626348916441202] [Train IoU: 0.021016512301278503] [Valid Loss: 0.6963192330036934] [Valid Lesion IoU: 0.025344803975533507]
[2023-04-22 05:47:50,841][train.py][line:181][INFO] 
[Epoch 152/200] [Train Loss: 0.00363360857591033] [Train IoU: 0.03477236235263019] [Valid Loss: 0.6965690083988026] [Valid Lesion IoU: 0.01492286624036223]
[2023-04-22 05:49:10,477][train.py][line:181][INFO] 
[Epoch 153/200] [Train Loss: 0.0036279684863984585] [Train IoU: 0.019478191605500305] [Valid Loss: 0.6963293935234408] [Valid Lesion IoU: 0.015174564884865927]
[2023-04-22 05:50:30,289][train.py][line:181][INFO] 
[Epoch 154/200] [Train Loss: 0.003641948103904724] [Train IoU: 0.023169905620815622] [Valid Loss: 0.6970544126245932] [Valid Lesion IoU: 0.017291984679028077]
[2023-04-22 05:51:50,057][train.py][line:181][INFO] 
[Epoch 155/200] [Train Loss: 0.003633941523730755] [Train IoU: 0.02052627356359611] [Valid Loss: 0.6970375864887561] [Valid Lesion IoU: 0.006349622177159535]
[2023-04-22 05:53:09,997][train.py][line:181][INFO] 
[Epoch 156/200] [Train Loss: 0.003628932870924473] [Train IoU: 0.025198838506998816] [Valid Loss: 0.6965387379178917] [Valid Lesion IoU: 0.01562435109468544]
[2023-04-22 05:54:29,975][train.py][line:181][INFO] 
[Epoch 157/200] [Train Loss: 0.003629725193604827] [Train IoU: 0.019479000323891108] [Valid Loss: 0.6963772220214856] [Valid Lesion IoU: 0.018616721741269125]
[2023-04-22 05:55:49,286][train.py][line:181][INFO] 
[Epoch 158/200] [Train Loss: 0.003630884923040867] [Train IoU: 0.021049650755920437] [Valid Loss: 0.6964311390817799] [Valid Lesion IoU: 0.014005943191405057]
[2023-04-22 05:57:08,753][train.py][line:181][INFO] 
[Epoch 159/200] [Train Loss: 0.0036274211015552282] [Train IoU: 0.018197055246913812] [Valid Loss: 0.6962302455090943] [Valid Lesion IoU: 0.030137359592144097]
[2023-04-22 05:57:08,805][train.py][line:214][INFO] best epoch--159, val_loss--0.6962302455090943, val_iou--0.030137359592144097
[2023-04-22 05:58:28,463][train.py][line:181][INFO] 
[Epoch 160/200] [Train Loss: 0.0036326886620372534] [Train IoU: 0.028961159192387842] [Valid Loss: 0.6964457088222056] [Valid Lesion IoU: 0.011173455066200455]
[2023-04-22 05:59:48,249][train.py][line:181][INFO] 
[Epoch 161/200] [Train Loss: 0.003635251661762595] [Train IoU: 0.02859036827191035] [Valid Loss: 0.6964483330495159] [Valid Lesion IoU: 0.016222586993699443]
[2023-04-22 06:01:07,689][train.py][line:181][INFO] 
[Epoch 162/200] [Train Loss: 0.0036275102756917477] [Train IoU: 0.019783407476829787] [Valid Loss: 0.6965841023456869] [Valid Lesion IoU: 0.020572043729898522]
[2023-04-22 06:02:27,005][train.py][line:181][INFO] 
[Epoch 163/200] [Train Loss: 0.0036269573029130697] [Train IoU: 0.025682767379227835] [Valid Loss: 0.6963051930611027] [Valid Lesion IoU: 0.01732747721454342]
[2023-04-22 06:03:46,529][train.py][line:181][INFO] 
[Epoch 164/200] [Train Loss: 0.0036227197851985693] [Train IoU: 0.02286100972576517] [Valid Loss: 0.6958977634994062] [Valid Lesion IoU: 0.006279819992954834]
[2023-04-22 06:03:46,582][train.py][line:214][INFO] best epoch--164, val_loss--0.6958977634994062, val_iou--0.006279819992954834
[2023-04-22 06:05:06,303][train.py][line:181][INFO] 
[Epoch 165/200] [Train Loss: 0.0036301701329648495] [Train IoU: 0.01900088265297634] [Valid Loss: 0.6958947001515828] [Valid Lesion IoU: 0.018503201470316515]
[2023-04-22 06:05:06,361][train.py][line:214][INFO] best epoch--165, val_loss--0.6958947001515828, val_iou--0.018503201470316515
[2023-04-22 06:06:25,905][train.py][line:181][INFO] 
[Epoch 166/200] [Train Loss: 0.003623539349064231] [Train IoU: 0.022933409497481405] [Valid Loss: 0.6954905472209112] [Valid Lesion IoU: 0.024081719629791484]
[2023-04-22 06:06:25,965][train.py][line:214][INFO] best epoch--166, val_loss--0.6954905472209112, val_iou--0.024081719629791484
[2023-04-22 06:07:45,413][train.py][line:181][INFO] 
[Epoch 167/200] [Train Loss: 0.0036239740438759327] [Train IoU: 0.02025295209468875] [Valid Loss: 0.6956640927555039] [Valid Lesion IoU: 0.008659595604146588]
[2023-04-22 06:09:04,735][train.py][line:181][INFO] 
[Epoch 168/200] [Train Loss: 0.0036224224604666233] [Train IoU: 0.022833671579390324] [Valid Loss: 0.6957316213737764] [Valid Lesion IoU: 0.005821815638447684]
[2023-04-22 06:10:24,039][train.py][line:181][INFO] 
[Epoch 169/200] [Train Loss: 0.0036223079077899456] [Train IoU: 0.026777619967916434] [Valid Loss: 0.6956124362337839] [Valid Lesion IoU: 0.017555085664501934]
[2023-04-22 06:11:43,362][train.py][line:181][INFO] 
[Epoch 170/200] [Train Loss: 0.0036226939409971237] [Train IoU: 0.022634499872284275] [Valid Loss: 0.6957662373809474] [Valid Lesion IoU: 0.023471229193890754]
[2023-04-22 06:13:02,950][train.py][line:181][INFO] 
[Epoch 171/200] [Train Loss: 0.0036203162744641304] [Train IoU: 0.021941737907053338] [Valid Loss: 0.6953291403710242] [Valid Lesion IoU: 0.02130246815224783]
[2023-04-22 06:13:03,008][train.py][line:214][INFO] best epoch--171, val_loss--0.6953291403710242, val_iou--0.02130246815224783
[2023-04-22 06:14:22,639][train.py][line:181][INFO] 
[Epoch 172/200] [Train Loss: 0.003623157273977995] [Train IoU: 0.02244287630253579] [Valid Loss: 0.6954913191422232] [Valid Lesion IoU: 0.014112962071624198]
[2023-04-22 06:15:42,049][train.py][line:181][INFO] 
[Epoch 173/200] [Train Loss: 0.003627082100138068] [Train IoU: 0.022094066958148213] [Valid Loss: 0.6953172345756942] [Valid Lesion IoU: 0.020538416080290132]
[2023-04-22 06:15:42,099][train.py][line:214][INFO] best epoch--173, val_loss--0.6953172345756942, val_iou--0.020538416080290132
[2023-04-22 06:17:01,641][train.py][line:181][INFO] 
[Epoch 174/200] [Train Loss: 0.003624281380325556] [Train IoU: 0.02235599406333801] [Valid Loss: 0.6954249568893776] [Valid Lesion IoU: 0.01841918823545668]
[2023-04-22 06:18:20,797][train.py][line:181][INFO] 
[Epoch 175/200] [Train Loss: 0.003620592411607504] [Train IoU: 0.023059036175228278] [Valid Loss: 0.69535019227774] [Valid Lesion IoU: 0.00734314924564124]
[2023-04-22 06:19:40,033][train.py][line:181][INFO] 
[Epoch 176/200] [Train Loss: 0.003623023396357894] [Train IoU: 0.01889345085371042] [Valid Loss: 0.6954172768812092] [Valid Lesion IoU: 0.012867443261045315]
[2023-04-22 06:20:59,401][train.py][line:181][INFO] 
[Epoch 177/200] [Train Loss: 0.003625615267083049] [Train IoU: 0.024441047892344355] [Valid Loss: 0.6955455281020553] [Valid Lesion IoU: 0.013793749931681282]
[2023-04-22 06:22:18,703][train.py][line:181][INFO] 
[Epoch 178/200] [Train Loss: 0.0036227619275450706] [Train IoU: 0.021930135454399882] [Valid Loss: 0.6953078159489162] [Valid Lesion IoU: 0.008472453058398628]
[2023-04-22 06:22:18,760][train.py][line:214][INFO] best epoch--178, val_loss--0.6953078159489162, val_iou--0.008472453058398628
[2023-04-22 06:23:38,309][train.py][line:181][INFO] 
[Epoch 179/200] [Train Loss: 0.003618695307523012] [Train IoU: 0.018805499757358467] [Valid Loss: 0.6950681754363495] [Valid Lesion IoU: 0.017849514839262223]
[2023-04-22 06:23:38,365][train.py][line:214][INFO] best epoch--179, val_loss--0.6950681754363495, val_iou--0.017849514839262223
[2023-04-22 06:24:58,424][train.py][line:181][INFO] 
[Epoch 180/200] [Train Loss: 0.0036281729117035866] [Train IoU: 0.019467427137663643] [Valid Loss: 0.6949957916922661] [Valid Lesion IoU: 0.005895434936244571]
[2023-04-22 06:24:58,476][train.py][line:214][INFO] best epoch--180, val_loss--0.6949957916922661, val_iou--0.005895434936244571
[2023-04-22 06:26:18,559][train.py][line:181][INFO] 
[Epoch 181/200] [Train Loss: 0.0036216580774635077] [Train IoU: 0.02360444353589396] [Valid Loss: 0.6953459197299435] [Valid Lesion IoU: 0.009045692436504797]
[2023-04-22 06:27:38,219][train.py][line:181][INFO] 
[Epoch 182/200] [Train Loss: 0.003622907679527998] [Train IoU: 0.016286614479592478] [Valid Loss: 0.6947986184159056] [Valid Lesion IoU: 0.01076653678447028]
[2023-04-22 06:27:38,270][train.py][line:214][INFO] best epoch--182, val_loss--0.6947986184159056, val_iou--0.01076653678447028
[2023-04-22 06:28:58,236][train.py][line:181][INFO] 
[Epoch 183/200] [Train Loss: 0.0036181057803332806] [Train IoU: 0.020673683020746386] [Valid Loss: 0.6948000184843174] [Valid Lesion IoU: 0.01569691724694203]
[2023-04-22 06:30:17,925][train.py][line:181][INFO] 
[Epoch 184/200] [Train Loss: 0.0036170599050819874] [Train IoU: 0.023944561443423218] [Valid Loss: 0.6948775496773002] [Valid Lesion IoU: 0.005301225188824666]
[2023-04-22 06:31:37,483][train.py][line:181][INFO] 
[Epoch 185/200] [Train Loss: 0.003621663898229599] [Train IoU: 0.02758363177512398] [Valid Loss: 0.6950417737343666] [Valid Lesion IoU: 0.005997130791298226]
[2023-04-22 06:32:57,019][train.py][line:181][INFO] 
[Epoch 186/200] [Train Loss: 0.0036193067207932472] [Train IoU: 0.020005795553435828] [Valid Loss: 0.6949250203884897] [Valid Lesion IoU: 0.009187215826010751]
[2023-04-22 06:34:16,465][train.py][line:181][INFO] 
[Epoch 187/200] [Train Loss: 0.0036186818033456802] [Train IoU: 0.02105108556176842] [Valid Loss: 0.6947896965914621] [Valid Lesion IoU: 0.012316784906877197]
[2023-04-22 06:34:16,522][train.py][line:214][INFO] best epoch--187, val_loss--0.6947896965914621, val_iou--0.012316784906877197
[2023-04-22 06:35:36,488][train.py][line:181][INFO] 
[Epoch 188/200] [Train Loss: 0.003618562361225486] [Train IoU: 0.025397131825393104] [Valid Loss: 0.6947237297306265] [Valid Lesion IoU: 0.013981677026611038]
[2023-04-22 06:35:36,542][train.py][line:214][INFO] best epoch--188, val_loss--0.6947237297306265, val_iou--0.013981677026611038
[2023-04-22 06:36:56,507][train.py][line:181][INFO] 
[Epoch 189/200] [Train Loss: 0.0036171856336295605] [Train IoU: 0.012357547581576846] [Valid Loss: 0.6947901110067611] [Valid Lesion IoU: 0.01973742392494485]
[2023-04-22 06:38:15,958][train.py][line:181][INFO] 
[Epoch 190/200] [Train Loss: 0.003617546521127224] [Train IoU: 0.018355486811354148] [Valid Loss: 0.6946339810919244] [Valid Lesion IoU: 0.014129071775882067]
[2023-04-22 06:38:16,010][train.py][line:214][INFO] best epoch--190, val_loss--0.6946339810919244, val_iou--0.014129071775882067
[2023-04-22 06:39:36,024][train.py][line:181][INFO] 
[Epoch 191/200] [Train Loss: 0.00361695047467947] [Train IoU: 0.01674574426739269] [Valid Loss: 0.6946702722039746] [Valid Lesion IoU: 0.006055214045616982]
[2023-04-22 06:40:55,551][train.py][line:181][INFO] 
[Epoch 192/200] [Train Loss: 0.0036223954521119595] [Train IoU: 0.02453650785377894] [Valid Loss: 0.6947247232882667] [Valid Lesion IoU: 0.01023401009996851]
[2023-04-22 06:42:15,184][train.py][line:181][INFO] 
[Epoch 193/200] [Train Loss: 0.0036173907574266195] [Train IoU: 0.021908918193741883] [Valid Loss: 0.6945340405269432] [Valid Lesion IoU: 0.008364240560104328]
[2023-04-22 06:42:15,234][train.py][line:214][INFO] best epoch--193, val_loss--0.6945340405269432, val_iou--0.008364240560104328
[2023-04-22 06:43:35,164][train.py][line:181][INFO] 
[Epoch 194/200] [Train Loss: 0.003616360016167164] [Train IoU: 0.023384857953863445] [Valid Loss: 0.6946121738131554] [Valid Lesion IoU: 0.006129057696047967]
[2023-04-22 06:44:54,886][train.py][line:181][INFO] 
[Epoch 195/200] [Train Loss: 0.003616690170019865] [Train IoU: 0.012300654729000694] [Valid Loss: 0.6946281415784544] [Valid Lesion IoU: 0.0057615234346148755]
[2023-04-22 06:46:14,644][train.py][line:181][INFO] 
[Epoch 196/200] [Train Loss: 0.003618220565840602] [Train IoU: 0.016176457546693227] [Valid Loss: 0.6944326839872194] [Valid Lesion IoU: 0.018707291368664353]
[2023-04-22 06:46:14,700][train.py][line:214][INFO] best epoch--196, val_loss--0.6944326839872194, val_iou--0.018707291368664353
[2023-04-22 06:47:34,780][train.py][line:181][INFO] 
[Epoch 197/200] [Train Loss: 0.003615107387304306] [Train IoU: 0.0221964588302969] [Valid Loss: 0.6944970331389307] [Valid Lesion IoU: 0.01306490378334339]
[2023-04-22 06:48:54,426][train.py][line:181][INFO] 
[Epoch 198/200] [Train Loss: 0.0036173805128782988] [Train IoU: 0.013376006928954241] [Valid Loss: 0.6947740691740592] [Valid Lesion IoU: 0.013818780011591493]
[2023-04-22 06:50:14,241][train.py][line:181][INFO] 
[Epoch 199/200] [Train Loss: 0.0036168363876640797] [Train IoU: 0.020833333410247155] [Valid Loss: 0.6945442326921906] [Valid Lesion IoU: 0.020780838092139396]
[2023-04-22 06:51:34,047][train.py][line:181][INFO] 
[Epoch 200/200] [Train Loss: 0.003617372363805771] [Train IoU: 0.014147613008549635] [Valid Loss: 0.6943891485287362] [Valid Lesion IoU: 0.015636613763915837]
[2023-04-22 06:51:34,080][train.py][line:214][INFO] best epoch--200, val_loss--0.6943891485287362, val_iou--0.015636613763915837
[2023-04-22 06:51:34,367][train.py][line:219][INFO] end logging.
