[2023-02-21 16:04:17,316][train.py][line:67][INFO] start logging...
[2023-02-21 16:05:16,008][train.py][line:165][INFO] 
[Epoch 1/200] [Train Loss: 0.14908543609635672] [Valid Loss: 0.6013744148612022] [Valid Lesion IOU: 0.1398042561919603]
[2023-02-21 16:06:14,361][train.py][line:165][INFO] 
[Epoch 2/200] [Train Loss: -0.060067039863497484] [Valid Loss: 0.5481306400150061] [Valid Lesion IOU: 0.13765480957739468]
[2023-02-21 16:07:12,584][train.py][line:165][INFO] 
[Epoch 3/200] [Train Loss: -0.23416150865341478] [Valid Loss: 0.5504486411809921] [Valid Lesion IOU: 0.1340334472727536]
[2023-02-21 16:08:10,606][train.py][line:165][INFO] 
[Epoch 4/200] [Train Loss: -0.3423593988700304] [Valid Loss: 0.5768356660753489] [Valid Lesion IOU: 0.12825880534569956]
[2023-02-21 16:09:08,611][train.py][line:165][INFO] 
[Epoch 5/200] [Train Loss: -0.42044540271308506] [Valid Loss: 0.6663823110610246] [Valid Lesion IOU: 0.12699256185614424]
[2023-02-21 16:10:06,721][train.py][line:165][INFO] 
[Epoch 6/200] [Train Loss: -0.5155363165104063] [Valid Loss: 0.5116669034957886] [Valid Lesion IOU: 0.15112822266323955]
[2023-02-21 16:11:04,975][train.py][line:165][INFO] 
[Epoch 7/200] [Train Loss: -0.5634359148716612] [Valid Loss: 0.5246628983318806] [Valid Lesion IOU: 0.17467889811874102]
[2023-02-21 16:12:03,128][train.py][line:165][INFO] 
[Epoch 8/200] [Train Loss: -0.8056435457547195] [Valid Loss: 0.6702901117503643] [Valid Lesion IOU: 0.13550694987690828]
[2023-02-21 16:13:01,307][train.py][line:165][INFO] 
[Epoch 9/200] [Train Loss: -0.5443123455843306] [Valid Loss: 0.5458491417020559] [Valid Lesion IOU: 0.15228828939498493]
[2023-02-21 16:13:59,363][train.py][line:165][INFO] 
[Epoch 10/200] [Train Loss: -1.6238379748137959] [Valid Loss: 0.594809921681881] [Valid Lesion IOU: 0.13646908366594723]
[2023-02-21 16:14:57,582][train.py][line:165][INFO] 
[Epoch 11/200] [Train Loss: -2.5400680693855975] [Valid Loss: 0.5884059929847717] [Valid Lesion IOU: 0.14712478841846408]
[2023-02-21 16:15:56,457][train.py][line:165][INFO] 
[Epoch 12/200] [Train Loss: -1.7203428016073303] [Valid Loss: 0.5523389752209187] [Valid Lesion IOU: 0.11988047689524678]
[2023-02-21 16:16:54,946][train.py][line:165][INFO] 
[Epoch 13/200] [Train Loss: -0.9183799863094464] [Valid Loss: 0.5602692484110594] [Valid Lesion IOU: 0.17725912272811403]
[2023-02-21 16:17:53,134][train.py][line:165][INFO] 
[Epoch 14/200] [Train Loss: -1.723534714697962] [Valid Loss: 0.6186797532439232] [Valid Lesion IOU: 0.16516442057977607]
[2023-02-21 16:18:51,591][train.py][line:165][INFO] 
[Epoch 15/200] [Train Loss: -2.3364148271575687] [Valid Loss: 0.3592531714588404] [Valid Lesion IOU: 0.16215717774127483]
[2023-02-21 16:19:50,213][train.py][line:165][INFO] 
[Epoch 16/200] [Train Loss: -2.3260290129110217] [Valid Loss: 0.5205386029183865] [Valid Lesion IOU: 0.16198745117877614]
[2023-02-21 16:20:48,476][train.py][line:165][INFO] 
[Epoch 17/200] [Train Loss: -3.129513252264587] [Valid Loss: 0.3441865111980587] [Valid Lesion IOU: 0.12711396485093493]
[2023-02-21 16:21:46,985][train.py][line:165][INFO] 
[Epoch 18/200] [Train Loss: -2.707684633147437] [Valid Loss: 0.5422321320883929] [Valid Lesion IOU: 0.1347592285227298]
[2023-02-21 16:22:45,077][train.py][line:165][INFO] 
[Epoch 19/200] [Train Loss: -3.58047885610722] [Valid Loss: 0.6342559134960175] [Valid Lesion IOU: 0.13735646973362958]
[2023-02-21 16:23:43,224][train.py][line:165][INFO] 
[Epoch 20/200] [Train Loss: -2.6283035944070434] [Valid Loss: 0.31973806947469713] [Valid Lesion IOU: 0.14595771485078163]
[2023-02-21 16:24:41,607][train.py][line:165][INFO] 
[Epoch 21/200] [Train Loss: -2.917129718392971] [Valid Loss: -0.2510859633795917] [Valid Lesion IOU: 0.16457854004592465]
[2023-02-21 16:25:39,990][train.py][line:165][INFO] 
[Epoch 22/200] [Train Loss: -2.8989215952278755] [Valid Loss: 0.4927773869596422] [Valid Lesion IOU: 0.15303704427780737]
[2023-02-21 16:26:38,137][train.py][line:165][INFO] 
[Epoch 23/200] [Train Loss: -3.4836821641220013] [Valid Loss: 0.4652639198303223] [Valid Lesion IOU: 0.12135441081450579]
[2023-02-21 16:27:36,344][train.py][line:165][INFO] 
[Epoch 24/200] [Train Loss: -2.7452829124595155] [Valid Loss: -0.23822814427316188] [Valid Lesion IOU: 0.17171245117869705]
[2023-02-21 16:28:34,531][train.py][line:165][INFO] 
[Epoch 25/200] [Train Loss: -3.1711553957720753] [Valid Loss: 0.5056042546033859] [Valid Lesion IOU: 0.1617405273506178]
[2023-02-21 16:29:32,672][train.py][line:165][INFO] 
[Epoch 26/200] [Train Loss: -3.3594589836011437] [Valid Loss: 0.2865271738544106] [Valid Lesion IOU: 0.12960270183006506]
[2023-02-21 16:30:30,918][train.py][line:165][INFO] 
[Epoch 27/200] [Train Loss: -3.0953983319777763] [Valid Loss: 0.2783887752890587] [Valid Lesion IOU: 0.12554985352280637]
[2023-02-21 16:31:29,162][train.py][line:165][INFO] 
[Epoch 28/200] [Train Loss: -3.1329559093246644] [Valid Loss: 0.6399170773662627] [Valid Lesion IOU: 0.11380375977291828]
[2023-02-21 16:32:27,385][train.py][line:165][INFO] 
[Epoch 29/200] [Train Loss: -2.477427678240929] [Valid Loss: 0.3105239279195666] [Valid Lesion IOU: 0.14952216797575257]
[2023-02-21 16:33:25,615][train.py][line:165][INFO] 
[Epoch 30/200] [Train Loss: -2.3589484224721673] [Valid Loss: 0.40987464763224124] [Valid Lesion IOU: 0.1505768066476027]
[2023-02-21 16:34:23,818][train.py][line:165][INFO] 
[Epoch 31/200] [Train Loss: -2.98935544523556] [Valid Loss: 0.3202616924792528] [Valid Lesion IOU: 0.15235185547572955]
[2023-02-21 16:35:21,987][train.py][line:165][INFO] 
[Epoch 32/200] [Train Loss: -2.684273691556882] [Valid Loss: 0.5045743550732732] [Valid Lesion IOU: 0.1507037028064545]
[2023-02-21 16:36:20,088][train.py][line:165][INFO] 
[Epoch 33/200] [Train Loss: -3.074145361286355] [Valid Loss: 0.35122979789972303] [Valid Lesion IOU: 0.1487816406319909]
[2023-02-21 16:37:18,288][train.py][line:165][INFO] 
[Epoch 34/200] [Train Loss: -4.944044159521582] [Valid Loss: 0.1891194654814899] [Valid Lesion IOU: 0.15903333334024128]
[2023-02-21 16:38:16,524][train.py][line:165][INFO] 
[Epoch 35/200] [Train Loss: -3.5008095667726593] [Valid Loss: 0.5189321751892567] [Valid Lesion IOU: 0.13407352702534148]
[2023-02-21 16:39:14,610][train.py][line:165][INFO] 
[Epoch 36/200] [Train Loss: -2.6957215534712304] [Valid Loss: 0.08395878748735414] [Valid Lesion IOU: 0.12303969727284306]
[2023-02-21 16:40:12,821][train.py][line:165][INFO] 
[Epoch 37/200] [Train Loss: -2.9365700076596113] [Valid Loss: 0.14454640656709672] [Valid Lesion IOU: 0.14758642578826833]
[2023-02-21 16:41:11,134][train.py][line:165][INFO] 
[Epoch 38/200] [Train Loss: -4.109917306519492] [Valid Loss: 0.05371182762086391] [Valid Lesion IOU: 0.13686512858781882]
[2023-02-21 16:42:09,322][train.py][line:165][INFO] 
[Epoch 39/200] [Train Loss: -3.386887111584656] [Valid Loss: 0.3194140925630927] [Valid Lesion IOU: 0.1708642089912039]
[2023-02-21 16:43:07,367][train.py][line:165][INFO] 
[Epoch 40/200] [Train Loss: -4.892054289930456] [Valid Loss: -0.30455912292003634] [Valid Lesion IOU: 0.12057635091867935]
[2023-02-21 16:44:05,838][train.py][line:165][INFO] 
[Epoch 41/200] [Train Loss: -3.6312586260173703] [Valid Loss: 0.46491120314225554] [Valid Lesion IOU: 0.10720960287193028]
[2023-02-21 16:45:04,217][train.py][line:165][INFO] 
[Epoch 42/200] [Train Loss: -3.730640058114659] [Valid Loss: 0.3538198297470808] [Valid Lesion IOU: 0.11880203451244366]
[2023-02-21 16:46:02,571][train.py][line:165][INFO] 
[Epoch 43/200] [Train Loss: -2.707576272467122] [Valid Loss: -0.2060885861562565] [Valid Lesion IOU: 0.16064558919962038]
[2023-02-21 16:47:00,829][train.py][line:165][INFO] 
[Epoch 44/200] [Train Loss: -2.189948190949508] [Valid Loss: 0.3670600016973913] [Valid Lesion IOU: 0.1357086588612816]
[2023-02-21 16:47:59,111][train.py][line:165][INFO] 
[Epoch 45/200] [Train Loss: -3.3498004942011903] [Valid Loss: -0.2933657328085974] [Valid Lesion IOU: 0.1259766683014484]
[2023-02-21 16:48:57,233][train.py][line:165][INFO] 
[Epoch 46/200] [Train Loss: -4.881906521211931] [Valid Loss: 0.25274165427312256] [Valid Lesion IOU: 0.15235533854864625]
[2023-02-21 16:49:55,466][train.py][line:165][INFO] 
[Epoch 47/200] [Train Loss: -3.7232996888269554] [Valid Loss: 0.15408464450389148] [Valid Lesion IOU: 0.1320127685618167]
[2023-02-21 16:50:53,600][train.py][line:165][INFO] 
[Epoch 48/200] [Train Loss: -3.824575644957804] [Valid Loss: 0.1761190612614155] [Valid Lesion IOU: 0.13088829753319592]
[2023-02-21 16:51:51,681][train.py][line:165][INFO] 
[Epoch 49/200] [Train Loss: -4.0926693509100005] [Valid Loss: 0.07985737912356854] [Valid Lesion IOU: 0.13684967448625573]
[2023-02-21 16:52:50,104][train.py][line:165][INFO] 
[Epoch 50/200] [Train Loss: -4.474038456923154] [Valid Loss: 0.14167775761336088] [Valid Lesion IOU: 0.1218071451895198]
[2023-02-21 16:53:48,472][train.py][line:165][INFO] 
[Epoch 51/200] [Train Loss: -3.47146182252618] [Valid Loss: 0.35044213782995937] [Valid Lesion IOU: 0.16171673177773666]
[2023-02-21 16:54:46,724][train.py][line:165][INFO] 
[Epoch 52/200] [Train Loss: -3.36113645916339] [Valid Loss: 0.34710724353790284] [Valid Lesion IOU: 0.15281857097051746]
[2023-02-21 16:55:44,875][train.py][line:165][INFO] 
[Epoch 53/200] [Train Loss: -3.866201808938058] [Valid Loss: -1.4453629776882009] [Valid Lesion IOU: 0.1282827636790504]
[2023-02-21 16:56:43,344][train.py][line:165][INFO] 
[Epoch 54/200] [Train Loss: -4.5338714941844955] [Valid Loss: -0.13308465811423958] [Valid Lesion IOU: 0.13478374837950044]
[2023-02-21 16:57:41,538][train.py][line:165][INFO] 
[Epoch 55/200] [Train Loss: -3.7320962042940664] [Valid Loss: 0.03505431458353996] [Valid Lesion IOU: 0.17658783366561936]
[2023-02-21 16:58:39,783][train.py][line:165][INFO] 
[Epoch 56/200] [Train Loss: -3.194977013373773] [Valid Loss: 0.2870607371628284] [Valid Lesion IOU: 0.14773453776741585]
[2023-02-21 16:59:38,044][train.py][line:165][INFO] 
[Epoch 57/200] [Train Loss: -4.179479896461999] [Valid Loss: -0.769277952061966] [Valid Lesion IOU: 0.121494563809314]
[2023-02-21 17:00:36,429][train.py][line:165][INFO] 
[Epoch 58/200] [Train Loss: -2.956388079772296] [Valid Loss: -1.0774242386221886] [Valid Lesion IOU: 0.10523248698652968]
[2023-02-21 17:01:34,556][train.py][line:165][INFO] 
[Epoch 59/200] [Train Loss: -2.647236876669922] [Valid Loss: 0.19032746391370892] [Valid Lesion IOU: 0.15152229818405408]
[2023-02-21 17:02:32,848][train.py][line:165][INFO] 
[Epoch 60/200] [Train Loss: -2.8284591042320244] [Valid Loss: 0.004373477995395661] [Valid Lesion IOU: 0.1536986979236353]
[2023-02-21 17:03:31,011][train.py][line:165][INFO] 
[Epoch 61/200] [Train Loss: -2.616277655365593] [Valid Loss: -0.20715192943811417] [Valid Lesion IOU: 0.15339437663455743]
[2023-02-21 17:04:29,214][train.py][line:165][INFO] 
[Epoch 62/200] [Train Loss: -3.3158744483098417] [Valid Loss: -0.29818156868219375] [Valid Lesion IOU: 0.12402086589260924]
[2023-02-21 17:05:27,202][train.py][line:165][INFO] 
[Epoch 63/200] [Train Loss: -3.374942448655929] [Valid Loss: -0.34739664912223817] [Valid Lesion IOU: 0.159904728197005]
[2023-02-21 17:06:25,369][train.py][line:165][INFO] 
[Epoch 64/200] [Train Loss: -4.582323056645691] [Valid Loss: -0.06310585588216781] [Valid Lesion IOU: 0.13763983561906096]
[2023-02-21 17:07:23,533][train.py][line:165][INFO] 
[Epoch 65/200] [Train Loss: -3.3827365628794723] [Valid Loss: 0.1197399428486824] [Valid Lesion IOU: 0.13719813640031403]
[2023-02-21 17:08:21,676][train.py][line:165][INFO] 
[Epoch 66/200] [Train Loss: -5.047237166789273] [Valid Loss: 0.31006123676896097] [Valid Lesion IOU: 0.13396690267636616]
[2023-02-21 17:09:19,918][train.py][line:165][INFO] 
[Epoch 67/200] [Train Loss: -4.0043723054586735] [Valid Loss: 0.2000404942035675] [Valid Lesion IOU: 0.15692495931682113]
[2023-02-21 17:10:18,135][train.py][line:165][INFO] 
[Epoch 68/200] [Train Loss: -4.198565492799389] [Valid Loss: 0.445907176155597] [Valid Lesion IOU: 0.15025426432991337]
[2023-02-21 17:11:16,380][train.py][line:165][INFO] 
[Epoch 69/200] [Train Loss: -3.5017512404592708] [Valid Loss: -0.14945407696068286] [Valid Lesion IOU: 0.1375779134185581]
[2023-02-21 17:12:14,554][train.py][line:165][INFO] 
[Epoch 70/200] [Train Loss: -3.93826834522406] [Valid Loss: 0.026083188503980635] [Valid Lesion IOU: 0.1356116699289908]
[2023-02-21 17:13:12,811][train.py][line:165][INFO] 
[Epoch 71/200] [Train Loss: -5.302643739641354] [Valid Loss: -0.9778602369129658] [Valid Lesion IOU: 0.12360127767646759]
[2023-02-21 17:14:10,982][train.py][line:165][INFO] 
[Epoch 72/200] [Train Loss: -5.510089330142364] [Valid Loss: 0.14652738615870475] [Valid Lesion IOU: 0.1629143473376056]
[2023-02-21 17:15:09,143][train.py][line:165][INFO] 
[Epoch 73/200] [Train Loss: -6.036796859025344] [Valid Loss: -1.0061871438566596] [Valid Lesion IOU: 0.15274316406947638]
[2023-02-21 17:16:07,381][train.py][line:165][INFO] 
[Epoch 74/200] [Train Loss: -4.204132040569675] [Valid Loss: -1.3310759837180377] [Valid Lesion IOU: 0.14084388835341]
[2023-02-21 17:17:05,570][train.py][line:165][INFO] 
[Epoch 75/200] [Train Loss: -3.8912428542080306] [Valid Loss: -0.7177986758947372] [Valid Lesion IOU: 0.14349504395234672]
[2023-02-21 17:18:03,844][train.py][line:165][INFO] 
[Epoch 76/200] [Train Loss: -3.370499267941341] [Valid Loss: 0.4045281932502985] [Valid Lesion IOU: 0.11997062175203477]
[2023-02-21 17:19:02,101][train.py][line:165][INFO] 
[Epoch 77/200] [Train Loss: -2.764642813424871] [Valid Loss: -0.9964143361803144] [Valid Lesion IOU: 0.149895996100733]
[2023-02-21 17:20:00,236][train.py][line:165][INFO] 
[Epoch 78/200] [Train Loss: -2.9383138601260725] [Valid Loss: 0.16037455767393113] [Valid Lesion IOU: 0.1541793538480781]
[2023-02-21 17:20:58,395][train.py][line:165][INFO] 
[Epoch 79/200] [Train Loss: -2.911171021463815] [Valid Loss: 0.058372289091348645] [Valid Lesion IOU: 0.16095533854857622]
[2023-02-21 17:21:56,584][train.py][line:165][INFO] 
[Epoch 80/200] [Train Loss: -3.0740889343360323] [Valid Loss: 0.12419304205104709] [Valid Lesion IOU: 0.1374613444081424]
[2023-02-21 17:22:54,687][train.py][line:165][INFO] 
[Epoch 81/200] [Train Loss: -3.988197523105555] [Valid Loss: -0.06287147358059883] [Valid Lesion IOU: 0.13896565755915477]
[2023-02-21 17:23:52,894][train.py][line:165][INFO] 
[Epoch 82/200] [Train Loss: -4.4315785658109235] [Valid Loss: 0.07499142784625291] [Valid Lesion IOU: 0.11827548015046832]
[2023-02-21 17:24:51,255][train.py][line:165][INFO] 
[Epoch 83/200] [Train Loss: -3.6842014515277697] [Valid Loss: -1.8285100354254247] [Valid Lesion IOU: 0.15749734701211474]
[2023-02-21 17:25:49,620][train.py][line:165][INFO] 
[Epoch 84/200] [Train Loss: -3.990638365969062] [Valid Loss: 0.3348224957473576] [Valid Lesion IOU: 0.12961778972070623]
[2023-02-21 17:26:47,737][train.py][line:165][INFO] 
[Epoch 85/200] [Train Loss: -3.241332143516047] [Valid Loss: -0.1556522922962904] [Valid Lesion IOU: 0.14621165365286287]
[2023-02-21 17:27:45,934][train.py][line:165][INFO] 
[Epoch 86/200] [Train Loss: -4.1434710926841944] [Valid Loss: 0.34796625964343547] [Valid Lesion IOU: 0.11405743002029421]
[2023-02-21 17:28:44,172][train.py][line:165][INFO] 
[Epoch 87/200] [Train Loss: -3.6468715354712913] [Valid Loss: 0.32423799930140373] [Valid Lesion IOU: 0.14273749186901985]
[2023-02-21 17:29:42,546][train.py][line:165][INFO] 
[Epoch 88/200] [Train Loss: -5.207421372149383] [Valid Loss: -0.1645096679031849] [Valid Lesion IOU: 0.16457014160840938]
[2023-02-21 17:30:40,713][train.py][line:165][INFO] 
[Epoch 89/200] [Train Loss: -5.423811441563885] [Valid Loss: -0.1088513645529747] [Valid Lesion IOU: 0.130218977871743]
[2023-02-21 17:31:38,979][train.py][line:165][INFO] 
[Epoch 90/200] [Train Loss: -3.3801241925684735] [Valid Loss: 0.3612788826413453] [Valid Lesion IOU: 0.14435183919975297]
[2023-02-21 17:32:37,339][train.py][line:165][INFO] 
[Epoch 91/200] [Train Loss: -3.93120827061648] [Valid Loss: 0.5108389934897423] [Valid Lesion IOU: 0.15698586426473707]
[2023-02-21 17:33:35,529][train.py][line:165][INFO] 
[Epoch 92/200] [Train Loss: -4.6210344334249385] [Valid Loss: 0.24973656073212624] [Valid Lesion IOU: 0.12269694011138757]
[2023-02-21 17:34:33,719][train.py][line:165][INFO] 
[Epoch 93/200] [Train Loss: -4.884738207096234] [Valid Loss: 0.46024912387132644] [Valid Lesion IOU: 0.1459741862049481]
[2023-02-21 17:35:31,827][train.py][line:165][INFO] 
[Epoch 94/200] [Train Loss: -5.201820910078823] [Valid Loss: 0.2188390727341175] [Valid Lesion IOU: 0.1316708658925474]
[2023-02-21 17:36:30,133][train.py][line:165][INFO] 
[Epoch 95/200] [Train Loss: -4.234447389764682] [Valid Loss: 0.1907345945201814] [Valid Lesion IOU: 0.12366700847073726]
[2023-02-21 17:37:28,391][train.py][line:165][INFO] 
[Epoch 96/200] [Train Loss: -3.7258835811226163] [Valid Loss: -0.10507455591112375] [Valid Lesion IOU: 0.1345288086008746]
[2023-02-21 17:38:26,517][train.py][line:165][INFO] 
[Epoch 97/200] [Train Loss: -4.302087316958932] [Valid Loss: 0.16221138201188295] [Valid Lesion IOU: 0.14060372722058262]
[2023-02-21 17:39:24,792][train.py][line:165][INFO] 
[Epoch 98/200] [Train Loss: -3.7641374242084567] [Valid Loss: 0.38447916455566883] [Valid Lesion IOU: 0.15666495768923613]
[2023-02-21 17:40:23,087][train.py][line:165][INFO] 
[Epoch 99/200] [Train Loss: -5.17252956260927] [Valid Loss: -1.0188579031825065] [Valid Lesion IOU: 0.13630004069719795]
[2023-02-21 17:41:21,402][train.py][line:165][INFO] 
[Epoch 100/200] [Train Loss: -5.242967797908932] [Valid Loss: 0.360786234587431] [Valid Lesion IOU: 0.16090244141315999]
[2023-02-21 17:42:19,687][train.py][line:165][INFO] 
[Epoch 101/200] [Train Loss: -4.067703937374972] [Valid Loss: -0.2553416851162911] [Valid Lesion IOU: 0.15337021485072122]
[2023-02-21 17:43:17,790][train.py][line:165][INFO] 
[Epoch 102/200] [Train Loss: -4.685299665536149] [Valid Loss: -0.2966096168756485] [Valid Lesion IOU: 0.11048730469482025]
[2023-02-21 17:44:16,216][train.py][line:165][INFO] 
[Epoch 103/200] [Train Loss: -4.3321115765938885] [Valid Loss: -1.7758694353699684] [Valid Lesion IOU: 0.1484988850981394]
[2023-02-21 17:45:14,464][train.py][line:165][INFO] 
[Epoch 104/200] [Train Loss: -3.7756292209087405] [Valid Loss: -1.0405363456904888] [Valid Lesion IOU: 0.14325140788463986]
[2023-02-21 17:46:12,796][train.py][line:165][INFO] 
[Epoch 105/200] [Train Loss: -4.013684674253454] [Valid Loss: -0.11738382428884506] [Valid Lesion IOU: 0.11839594727286507]
[2023-02-21 17:47:11,168][train.py][line:165][INFO] 
[Epoch 106/200] [Train Loss: -3.252863345129299] [Valid Loss: -1.156514931190759] [Valid Lesion IOU: 0.1347928304107502]
[2023-02-21 17:48:09,436][train.py][line:165][INFO] 
[Epoch 107/200] [Train Loss: -5.378740089930943] [Valid Loss: -1.4556815449148417] [Valid Lesion IOU: 0.11285346680415835]
[2023-02-21 17:49:07,615][train.py][line:165][INFO] 
[Epoch 108/200] [Train Loss: -3.6802467919987976] [Valid Loss: -1.1603530165553093] [Valid Lesion IOU: 0.13892800293674162]
[2023-02-21 17:50:05,723][train.py][line:165][INFO] 
[Epoch 109/200] [Train Loss: -5.347162034757275] [Valid Loss: 0.23118650779128075] [Valid Lesion IOU: 0.13275505371805948]
[2023-02-21 17:51:03,967][train.py][line:165][INFO] 
[Epoch 110/200] [Train Loss: -3.7902161500387592] [Valid Loss: 0.11277858078479767] [Valid Lesion IOU: 0.12070950521557043]
[2023-02-21 17:52:02,257][train.py][line:165][INFO] 
[Epoch 111/200] [Train Loss: -2.870558684517164] [Valid Loss: 0.5678517720103264] [Valid Lesion IOU: 0.11791810710359607]
[2023-02-21 17:53:00,520][train.py][line:165][INFO] 
[Epoch 112/200] [Train Loss: -2.6537636996799847] [Valid Loss: 0.3696558301895857] [Valid Lesion IOU: 0.13073214518944715]
[2023-02-21 17:53:58,705][train.py][line:165][INFO] 
[Epoch 113/200] [Train Loss: -3.630894066671317] [Valid Loss: 0.004372990727424622] [Valid Lesion IOU: 0.1553914388090206]
[2023-02-21 17:54:56,893][train.py][line:165][INFO] 
[Epoch 114/200] [Train Loss: -4.228031211976486] [Valid Loss: 0.13218161314725876] [Valid Lesion IOU: 0.1620991699287573]
[2023-02-21 17:55:54,967][train.py][line:165][INFO] 
[Epoch 115/200] [Train Loss: -4.767840068059741] [Valid Loss: 0.3500793365389109] [Valid Lesion IOU: 0.12848159180403074]
[2023-02-21 17:56:53,011][train.py][line:165][INFO] 
[Epoch 116/200] [Train Loss: -5.355912753584562] [Valid Loss: -0.3343328013736755] [Valid Lesion IOU: 0.11369425456458583]
[2023-02-21 17:57:51,347][train.py][line:165][INFO] 
[Epoch 117/200] [Train Loss: -6.299649140939437] [Valid Loss: -0.041108737140893935] [Valid Lesion IOU: 0.13983906250706457]
[2023-02-21 17:58:49,693][train.py][line:165][INFO] 
[Epoch 118/200] [Train Loss: -3.8699472868902376] [Valid Loss: 0.04963437493890524] [Valid Lesion IOU: 0.1456523518950375]
[2023-02-21 17:59:47,963][train.py][line:165][INFO] 
[Epoch 119/200] [Train Loss: -3.1702033014698827] [Valid Loss: 0.5202039486169815] [Valid Lesion IOU: 0.12703974610091784]
[2023-02-21 18:00:46,278][train.py][line:165][INFO] 
[Epoch 120/200] [Train Loss: -4.2101293859414] [Valid Loss: 0.38423136338591574] [Valid Lesion IOU: 0.15813001302775004]
[2023-02-21 18:01:44,545][train.py][line:165][INFO] 
[Epoch 121/200] [Train Loss: -4.767494296480436] [Valid Loss: 0.3627423229441047] [Valid Lesion IOU: 0.13431739095762985]
[2023-02-21 18:02:42,988][train.py][line:165][INFO] 
[Epoch 122/200] [Train Loss: -5.627901913565438] [Valid Loss: 0.30288146682083605] [Valid Lesion IOU: 0.11943178711662245]
[2023-02-21 18:03:41,321][train.py][line:165][INFO] 
[Epoch 123/200] [Train Loss: -6.29491251851141] [Valid Loss: -1.3641924030333756] [Valid Lesion IOU: 0.15037149251999907]
[2023-02-21 18:04:39,644][train.py][line:165][INFO] 
[Epoch 124/200] [Train Loss: -4.890210359219054] [Valid Loss: -1.5602242274582385] [Valid Lesion IOU: 0.13363920899148904]
[2023-02-21 18:05:37,863][train.py][line:165][INFO] 
[Epoch 125/200] [Train Loss: -4.189421791874338] [Valid Loss: -0.3605912978947163] [Valid Lesion IOU: 0.1355936360748074]
[2023-02-21 18:06:36,355][train.py][line:165][INFO] 
[Epoch 126/200] [Train Loss: -3.259239317922038] [Valid Loss: 0.09075499713420868] [Valid Lesion IOU: 0.15194677735071524]
[2023-02-21 18:07:34,858][train.py][line:165][INFO] 
[Epoch 127/200] [Train Loss: -2.9295406953024212] [Valid Loss: 0.027638177499175073] [Valid Lesion IOU: 0.12726525065822536]
[2023-02-21 18:08:33,156][train.py][line:165][INFO] 
[Epoch 128/200] [Train Loss: -2.8898045164969517] [Valid Loss: 0.16977383591234685] [Valid Lesion IOU: 0.14212571615289615]
[2023-02-21 18:09:31,405][train.py][line:165][INFO] 
[Epoch 129/200] [Train Loss: -4.451342004002072] [Valid Loss: -0.9760275882203132] [Valid Lesion IOU: 0.14472763672579161]
[2023-02-21 18:10:29,648][train.py][line:165][INFO] 
[Epoch 130/200] [Train Loss: -4.677451855430263] [Valid Loss: 0.05725061774253845] [Valid Lesion IOU: 0.14025732422582796]
[2023-02-21 18:11:28,115][train.py][line:165][INFO] 
[Epoch 131/200] [Train Loss: -4.278030037385179] [Valid Loss: 0.4120390224456787] [Valid Lesion IOU: 0.11870511068433666]
[2023-02-21 18:12:26,403][train.py][line:165][INFO] 
[Epoch 132/200] [Train Loss: -4.708462870410585] [Valid Loss: 0.05388413973152637] [Valid Lesion IOU: 0.13285348308003944]
[2023-02-21 18:13:24,717][train.py][line:165][INFO] 
[Epoch 133/200] [Train Loss: -4.617274759446445] [Valid Loss: -0.6109246954508126] [Valid Lesion IOU: 0.14951313477259337]
[2023-02-21 18:14:23,111][train.py][line:165][INFO] 
[Epoch 134/200] [Train Loss: -3.5302011833846336] [Valid Loss: -0.6191547033935785] [Valid Lesion IOU: 0.16064634603552452]
[2023-02-21 18:15:21,444][train.py][line:165][INFO] 
[Epoch 135/200] [Train Loss: -3.1202563101251144] [Valid Loss: -0.3502408753801137] [Valid Lesion IOU: 0.13757295736385314]
[2023-02-21 18:16:19,832][train.py][line:165][INFO] 
[Epoch 136/200] [Train Loss: -3.0284526206669398] [Valid Loss: 0.3329896527528763] [Valid Lesion IOU: 0.15537441406945496]
[2023-02-21 18:17:18,095][train.py][line:165][INFO] 
[Epoch 137/200] [Train Loss: -3.478443264582893] [Valid Loss: 0.29980382446199655] [Valid Lesion IOU: 0.1614550455798221]
[2023-02-21 18:18:16,407][train.py][line:165][INFO] 
[Epoch 138/200] [Train Loss: -4.921367879855097] [Valid Loss: 0.14571572512388228] [Valid Lesion IOU: 0.14347001953830185]
[2023-02-21 18:19:14,680][train.py][line:165][INFO] 
[Epoch 139/200] [Train Loss: -3.429490924172569] [Valid Loss: -1.1967489168234169] [Valid Lesion IOU: 0.1589523274808686]
[2023-02-21 18:20:12,988][train.py][line:165][INFO] 
[Epoch 140/200] [Train Loss: -4.6032482267328305] [Valid Loss: -1.8631885935366155] [Valid Lesion IOU: 0.1235507242910502]
[2023-02-21 18:21:11,537][train.py][line:165][INFO] 
[Epoch 141/200] [Train Loss: -4.743619566142115] [Valid Loss: 0.019066723696887493] [Valid Lesion IOU: 0.13526681315816025]
[2023-02-21 18:22:09,771][train.py][line:165][INFO] 
[Epoch 142/200] [Train Loss: -3.039481465722929] [Valid Loss: 0.07113834664225578] [Valid Lesion IOU: 0.1359566243560713]
[2023-02-21 18:23:08,174][train.py][line:165][INFO] 
[Epoch 143/200] [Train Loss: -2.310227208487049] [Valid Loss: 0.46373052678070964] [Valid Lesion IOU: 0.1441054606190103]
[2023-02-21 18:24:06,599][train.py][line:165][INFO] 
[Epoch 144/200] [Train Loss: -2.841118692973396] [Valid Loss: 0.18903649069368839] [Valid Lesion IOU: 0.16111774089228895]
[2023-02-21 18:25:04,735][train.py][line:165][INFO] 
[Epoch 145/200] [Train Loss: -4.6303233433282] [Valid Loss: 0.33284209862351416] [Valid Lesion IOU: 0.15430694987675536]
[2023-02-21 18:26:02,880][train.py][line:165][INFO] 
[Epoch 146/200] [Train Loss: -4.329016118252184] [Valid Loss: -1.6524303613975644] [Valid Lesion IOU: 0.13727447103571255]
[2023-02-21 18:27:01,050][train.py][line:165][INFO] 
[Epoch 147/200] [Train Loss: -5.402204481368244] [Valid Loss: -0.5577152994973585] [Valid Lesion IOU: 0.1363853515696095]
[2023-02-21 18:27:59,196][train.py][line:165][INFO] 
[Epoch 148/200] [Train Loss: -4.33467938216927] [Valid Loss: -1.6480381826683879] [Valid Lesion IOU: 0.15412069499392633]
[2023-02-21 18:28:57,267][train.py][line:165][INFO] 
[Epoch 149/200] [Train Loss: -4.852482847549254] [Valid Loss: -0.21467239230871202] [Valid Lesion IOU: 0.13710508627010748]
[2023-02-21 18:29:55,412][train.py][line:165][INFO] 
[Epoch 150/200] [Train Loss: -3.9712864197208546] [Valid Loss: 0.34959859199821947] [Valid Lesion IOU: 0.15844051921264127]
[2023-02-21 18:30:53,590][train.py][line:165][INFO] 
[Epoch 151/200] [Train Loss: -4.571017224836396] [Valid Loss: -1.1147863847017287] [Valid Lesion IOU: 0.16140366211626336]
[2023-02-21 18:31:51,747][train.py][line:165][INFO] 
[Epoch 152/200] [Train Loss: -4.6034877054044046] [Valid Loss: -0.11070852871984244] [Valid Lesion IOU: 0.14204974772839984]
[2023-02-21 18:32:49,827][train.py][line:165][INFO] 
[Epoch 153/200] [Train Loss: -5.5340065820055315] [Valid Loss: -0.02833942838944495] [Valid Lesion IOU: 0.151843001309067]
[2023-02-21 18:33:48,105][train.py][line:165][INFO] 
[Epoch 154/200] [Train Loss: -7.071208693785593] [Valid Loss: 0.07138758242130279] [Valid Lesion IOU: 0.11376713054113026]
[2023-02-21 18:34:46,290][train.py][line:165][INFO] 
[Epoch 155/200] [Train Loss: -4.7755345642144675] [Valid Loss: -0.17242640018463135] [Valid Lesion IOU: 0.14087702637422617]
[2023-02-21 18:35:44,423][train.py][line:165][INFO] 
[Epoch 156/200] [Train Loss: -4.502827921372955] [Valid Loss: 0.007973108291625976] [Valid Lesion IOU: 0.1094826660229534]
[2023-02-21 18:36:42,517][train.py][line:165][INFO] 
[Epoch 157/200] [Train Loss: -4.584778881777311] [Valid Loss: -0.9669821241497993] [Valid Lesion IOU: 0.1586780517647231]
[2023-02-21 18:37:40,712][train.py][line:165][INFO] 
[Epoch 158/200] [Train Loss: -4.073675256106071] [Valid Loss: -0.8536522979289294] [Valid Lesion IOU: 0.15934896647824334]
[2023-02-21 18:38:38,806][train.py][line:165][INFO] 
[Epoch 159/200] [Train Loss: -5.110486836667405] [Valid Loss: 0.08459985181689263] [Valid Lesion IOU: 0.1417486328195658]
[2023-02-21 18:39:36,917][train.py][line:165][INFO] 
[Epoch 160/200] [Train Loss: -6.576514865759236] [Valid Loss: 0.16345949191600084] [Valid Lesion IOU: 0.12332329102284081]
[2023-02-21 18:40:35,096][train.py][line:165][INFO] 
[Epoch 161/200] [Train Loss: -4.579488704825053] [Valid Loss: 0.2933094646409154] [Valid Lesion IOU: 0.1320906412831703]
[2023-02-21 18:41:33,281][train.py][line:165][INFO] 
[Epoch 162/200] [Train Loss: -4.789630549894355] [Valid Loss: -2.085941441655159] [Valid Lesion IOU: 0.13206238607483545]
[2023-02-21 18:42:31,565][train.py][line:165][INFO] 
[Epoch 163/200] [Train Loss: -5.047143257921562] [Valid Loss: 0.3060446363687515] [Valid Lesion IOU: 0.1505565266997025]
[2023-02-21 18:43:29,618][train.py][line:165][INFO] 
[Epoch 164/200] [Train Loss: -4.500504033327161] [Valid Loss: 0.22107705656439067] [Valid Lesion IOU: 0.13359682617900714]
[2023-02-21 18:44:27,757][train.py][line:165][INFO] 
[Epoch 165/200] [Train Loss: -4.8554266057908535] [Valid Loss: -0.3199493852257729] [Valid Lesion IOU: 0.1304143880279747]
[2023-02-21 18:45:25,852][train.py][line:165][INFO] 
[Epoch 166/200] [Train Loss: -5.177251106513722] [Valid Loss: -0.8239087987691164] [Valid Lesion IOU: 0.10747963867921971]
[2023-02-21 18:46:23,850][train.py][line:165][INFO] 
[Epoch 167/200] [Train Loss: -5.7273072330790455] [Valid Loss: 0.23567853264510633] [Valid Lesion IOU: 0.1351530517649141]
[2023-02-21 18:47:22,019][train.py][line:165][INFO] 
[Epoch 168/200] [Train Loss: -4.309177016140893] [Valid Loss: -0.957209202721715] [Valid Lesion IOU: 0.14399295248100594]
[2023-02-21 18:48:20,133][train.py][line:165][INFO] 
[Epoch 169/200] [Train Loss: -4.817590145292343] [Valid Loss: 0.19663710668683052] [Valid Lesion IOU: 0.14826914877001618]
[2023-02-21 18:49:18,289][train.py][line:165][INFO] 
[Epoch 170/200] [Train Loss: -5.8971366113837576] [Valid Loss: 0.3828966446220875] [Valid Lesion IOU: 0.13413098959046116]
[2023-02-21 18:50:16,294][train.py][line:165][INFO] 
[Epoch 171/200] [Train Loss: -4.102739954192657] [Valid Loss: 0.29334312029182913] [Valid Lesion IOU: 0.14441412761119293]
[2023-02-21 18:51:14,442][train.py][line:165][INFO] 
[Epoch 172/200] [Train Loss: -5.211256980321195] [Valid Loss: 0.19689015047624708] [Valid Lesion IOU: 0.11625469564527798]
[2023-02-21 18:52:12,506][train.py][line:165][INFO] 
[Epoch 173/200] [Train Loss: -5.6304351321887225] [Valid Loss: -0.11852508403360844] [Valid Lesion IOU: 0.15644314779338747]
[2023-02-21 18:53:10,677][train.py][line:165][INFO] 
[Epoch 174/200] [Train Loss: -5.347282284550602] [Valid Loss: 0.2660221344232559] [Valid Lesion IOU: 0.14792102865284892]
[2023-02-21 18:54:08,907][train.py][line:165][INFO] 
[Epoch 175/200] [Train Loss: -5.997127021233609] [Valid Loss: -0.11077829737216234] [Valid Lesion IOU: 0.15764727376993984]
[2023-02-21 18:55:07,052][train.py][line:165][INFO] 
[Epoch 176/200] [Train Loss: -4.693584624259529] [Valid Loss: 0.23741775661706924] [Valid Lesion IOU: 0.13458155925190027]
[2023-02-21 18:56:05,188][train.py][line:165][INFO] 
[Epoch 177/200] [Train Loss: -4.755923073789745] [Valid Loss: -0.5761395575106144] [Valid Lesion IOU: 0.12134702149157406]
[2023-02-21 18:57:03,430][train.py][line:165][INFO] 
[Epoch 178/200] [Train Loss: -4.954932309117794] [Valid Loss: 0.09723458051681519] [Valid Lesion IOU: 0.14156034343151266]
[2023-02-21 18:58:01,588][train.py][line:165][INFO] 
[Epoch 179/200] [Train Loss: -3.5339255148282973] [Valid Loss: -0.07794136703014373] [Valid Lesion IOU: 0.1602529785225064]
[2023-02-21 18:58:59,806][train.py][line:165][INFO] 
[Epoch 180/200] [Train Loss: -4.605380367022008] [Valid Loss: -0.003897577039897442] [Valid Lesion IOU: 0.14904585775438442]
[2023-02-21 18:59:57,922][train.py][line:165][INFO] 
[Epoch 181/200] [Train Loss: -5.658690042095259] [Valid Loss: -0.5411618535965681] [Valid Lesion IOU: 0.16267150065793723]
[2023-02-21 19:00:56,004][train.py][line:165][INFO] 
[Epoch 182/200] [Train Loss: -5.927082785201492] [Valid Loss: -0.44446540519595146] [Valid Lesion IOU: 0.14854269206430223]
[2023-02-21 19:01:54,169][train.py][line:165][INFO] 
[Epoch 183/200] [Train Loss: -5.080135630676523] [Valid Loss: -0.033428606661036614] [Valid Lesion IOU: 0.13575937500711457]
[2023-02-21 19:02:52,380][train.py][line:165][INFO] 
[Epoch 184/200] [Train Loss: -3.1182030994227716] [Valid Loss: -0.5459502710402012] [Valid Lesion IOU: 0.14535929362682812]
[2023-02-21 19:03:50,440][train.py][line:165][INFO] 
[Epoch 185/200] [Train Loss: -3.5058148316529696] [Valid Loss: 0.43490236178040503] [Valid Lesion IOU: 0.14712067057993883]
[2023-02-21 19:04:48,482][train.py][line:165][INFO] 
[Epoch 186/200] [Train Loss: -4.30208511454839] [Valid Loss: 0.14012203769758344] [Valid Lesion IOU: 0.1362658040435688]
[2023-02-21 19:05:46,500][train.py][line:165][INFO] 
[Epoch 187/200] [Train Loss: -5.327831539891122] [Valid Loss: -0.3493121829163283] [Valid Lesion IOU: 0.1466624186268175]
[2023-02-21 19:06:44,553][train.py][line:165][INFO] 
[Epoch 188/200] [Train Loss: -4.196326347097056] [Valid Loss: -0.9924201689660549] [Valid Lesion IOU: 0.15692892253294863]
[2023-02-21 19:07:42,573][train.py][line:165][INFO] 
[Epoch 189/200] [Train Loss: -4.75018477060803] [Valid Loss: 0.11013349541521165] [Valid Lesion IOU: 0.14121033529351112]
[2023-02-21 19:08:40,832][train.py][line:165][INFO] 
[Epoch 190/200] [Train Loss: -4.8729956432725885] [Valid Loss: 0.18963073217659257] [Valid Lesion IOU: 0.12706443685614366]
[2023-02-21 19:09:38,931][train.py][line:165][INFO] 
[Epoch 191/200] [Train Loss: -3.7959721231018193] [Valid Loss: -0.06305871725082397] [Valid Lesion IOU: 0.16779318848339886]
[2023-02-21 19:10:37,081][train.py][line:165][INFO] 
[Epoch 192/200] [Train Loss: -4.324811931277509] [Valid Loss: -0.22439347818493843] [Valid Lesion IOU: 0.14841097005909495]
[2023-02-21 19:11:35,203][train.py][line:165][INFO] 
[Epoch 193/200] [Train Loss: -3.5302169203641824] [Valid Loss: -0.15946017667651177] [Valid Lesion IOU: 0.1819660970119297]
[2023-02-21 19:12:33,230][train.py][line:165][INFO] 
[Epoch 194/200] [Train Loss: -4.362546409050992] [Valid Loss: 0.036618208270519974] [Valid Lesion IOU: 0.13801568197322503]
[2023-02-21 19:13:31,398][train.py][line:165][INFO] 
[Epoch 195/200] [Train Loss: -4.698112785787089] [Valid Loss: 0.3490495516359806] [Valid Lesion IOU: 0.14739498698616907]
[2023-02-21 19:14:29,515][train.py][line:165][INFO] 
[Epoch 196/200] [Train Loss: -3.2977621003228705] [Valid Loss: 0.4036911034397781] [Valid Lesion IOU: 0.13665510254615323]
[2023-02-21 19:15:27,492][train.py][line:165][INFO] 
[Epoch 197/200] [Train Loss: -3.192164172171033] [Valid Loss: -0.24902592867612838] [Valid Lesion IOU: 0.14112122396537077]
[2023-02-21 19:16:25,624][train.py][line:165][INFO] 
[Epoch 198/200] [Train Loss: -5.5406047049036715] [Valid Loss: 0.297285396642983] [Valid Lesion IOU: 0.15603292643920655]
[2023-02-21 19:17:23,711][train.py][line:165][INFO] 
[Epoch 199/200] [Train Loss: -4.194659318156482] [Valid Loss: -1.150220846259035] [Valid Lesion IOU: 0.13391249186909207]
[2023-02-21 19:18:21,948][train.py][line:165][INFO] 
[Epoch 200/200] [Train Loss: -5.198525453743059] [Valid Loss: -0.5471439988538623] [Valid Lesion IOU: 0.1377383463612473]
[2023-02-21 19:18:21,948][train.py][line:173][INFO] end logging.
